<?xml version="1.0" encoding="UTF-8"?>
<testsuite xmlns:xsi="http://www.w3.org/2001/XMLSchema-instance" xsi:noNamespaceSchemaLocation="https://maven.apache.org/surefire/maven-surefire-plugin/xsd/surefire-test-report-3.0.xsd" version="3.0" name="com.example.redsocial.RedsocialApplicationTests" time="5.9" tests="1" errors="0" skipped="0" failures="0">
  <properties>
[...]
</properties>
  <testcase name="contextLoads" classname="com.example.redsocial.RedsocialApplicationTests" time="0.008">
    <system-out><![CDATA[2024-04-29T22:02:13.326-04:00 DEBUG 7412 --- [redsocial] [           main] .b.t.c.SpringBootTestContextBootstrapper : Neither @ContextConfiguration nor @ContextHierarchy found for test class [RedsocialApplicationTests]: using SpringBootContextLoader
2024-04-29T22:02:13.329-04:00 DEBUG 7412 --- [redsocial] [           main] o.s.t.c.support.AbstractContextLoader    : Could not detect default resource locations for test class [com.example.redsocial.RedsocialApplicationTests]: no resource found for suffixes {-context.xml, Context.groovy}.
2024-04-29T22:02:13.330-04:00  INFO 7412 --- [redsocial] [           main] t.c.s.AnnotationConfigContextLoaderUtils : Could not detect default configuration classes for test class [com.example.redsocial.RedsocialApplicationTests]: RedsocialApplicationTests does not declare any static, non-private, non-final, nested classes annotated with @Configuration.
2024-04-29T22:02:13.332-04:00 DEBUG 7412 --- [redsocial] [           main] .b.t.c.SpringBootTestContextBootstrapper : Using ContextCustomizerFactory implementations for test class [RedsocialApplicationTests]: [ImportsContextCustomizerFactory, ExcludeFilterContextCustomizerFactory, HttpGraphQlTesterContextCustomizerFactory, DuplicateJsonObjectContextCustomizerFactory, MockitoContextCustomizerFactory, TestRestTemplateContextCustomizerFactory, WebTestClientContextCustomizerFactory, OverrideAutoConfigurationContextCustomizerFactory, ObservabilityContextCustomizerFactory, TypeExcludeFiltersContextCustomizerFactory, PropertyMappingContextCustomizerFactory, WebDriverContextCustomizerFactory, MockServerContainerContextCustomizerFactory, DynamicPropertiesContextCustomizerFactory]
2024-04-29T22:02:13.337-04:00 DEBUG 7412 --- [redsocial] [           main] .b.t.c.SpringBootTestContextBootstrapper : Using ContextCustomizers for test class [RedsocialApplicationTests]: [ExcludeFilterContextCustomizer, DuplicateJsonObjectContextCustomizer, MockitoContextCustomizer, TestRestTemplateContextCustomizer, DisableObservabilityContextCustomizer, PropertyMappingContextCustomizer, WebDriverContextCustomizer]
2024-04-29T22:02:13.348-04:00 DEBUG 7412 --- [redsocial] [           main] ssPathScanningCandidateComponentProvider : Identified candidate component class: file [C:\Users\kotes\Desktop\RedSocial\redsocial\target\classes\com\example\redsocial\RedsocialApplication.class]
2024-04-29T22:02:13.349-04:00  INFO 7412 --- [redsocial] [           main] .b.t.c.SpringBootTestContextBootstrapper : Found @SpringBootConfiguration com.example.redsocial.RedsocialApplication for test class com.example.redsocial.RedsocialApplicationTests
2024-04-29T22:02:13.364-04:00 DEBUG 7412 --- [redsocial] [           main] .s.t.c.u.TestContextSpringFactoriesUtils : Skipping candidate TestExecutionListener [org.springframework.test.context.observation.MicrometerObservationRegistryTestExecutionListener] due to a missing dependency. Specify custom TestExecutionListener classes or make the default TestExecutionListener classes and their required dependencies available. Offending class: io.micrometer.context.ThreadLocalAccessor. MicrometerObservationRegistryTestExecutionListener requires io.micrometer:micrometer-observation:1.10.8 or higher and io.micrometer:context-propagation:1.0.3 or higher.
2024-04-29T22:02:13.365-04:00 DEBUG 7412 --- [redsocial] [           main] .b.t.c.SpringBootTestContextBootstrapper : Using TestExecutionListeners for test class [RedsocialApplicationTests]: [ServletTestExecutionListener, DirtiesContextBeforeModesTestExecutionListener, ApplicationEventsTestExecutionListener, MockitoTestExecutionListener, DependencyInjectionTestExecutionListener, DirtiesContextTestExecutionListener, TransactionalTestExecutionListener, SqlScriptsTestExecutionListener, EventPublishingTestExecutionListener, ResetMocksTestExecutionListener, RestDocsTestExecutionListener, MockRestServiceServerResetTestExecutionListener, MockMvcPrintOnlyOnFailureTestExecutionListener, WebDriverTestExecutionListener, MockWebServiceServerTestExecutionListener]
2024-04-29T22:02:13.365-04:00 DEBUG 7412 --- [redsocial] [           main] sContextBeforeModesTestExecutionListener : Before test class: class [RedsocialApplicationTests], class annotated with @DirtiesContext [false] with mode [null]
2024-04-29T22:02:13.375-04:00  INFO 7412 --- [redsocial] [           main] o.s.b.d.r.RestartApplicationListener     : Restart disabled due to context in which it is running
2024-04-29T22:02:13.482-04:00 DEBUG 7412 --- [redsocial] [           main] .s.b.w.s.c.ApplicationServletEnvironment : Activating profiles []
2024-04-29T22:02:13.485-04:00 DEBUG 7412 --- [redsocial] [           main] o.s.c.e.PropertySourcesPropertyResolver  : Found key 'spring.application.name' in PropertySource 'configurationProperties' with value of type String

  .   ____          _            __ _ _
 /\\ / ___'_ __ _ _(_)_ __  __ _ \ \ \ \
( ( )\___ | '_ | '_| | '_ \/ _` | \ \ \ \
 \\/  ___)| |_)| | | | | || (_| |  ) ) ) )
  '  |____| .__|_| |_|_| |_\__, | / / / /
 =========|_|==============|___/=/_/_/_/
 :: Spring Boot ::                (v3.2.5)

2024-04-29T22:02:13.495-04:00  INFO 7412 --- [redsocial] [           main] c.e.redsocial.RedsocialApplicationTests  : Starting RedsocialApplicationTests using Java 21.0.2 with PID 7412 (started by kotes in C:\Users\kotes\Desktop\RedSocial\redsocial)
2024-04-29T22:02:13.496-04:00  INFO 7412 --- [redsocial] [           main] c.e.redsocial.RedsocialApplicationTests  : No active profile set, falling back to 1 default profile: "default"
2024-04-29T22:02:13.496-04:00 DEBUG 7412 --- [redsocial] [           main] o.s.boot.SpringApplication               : Loading source class com.example.redsocial.RedsocialApplication
2024-04-29T22:02:13.505-04:00 DEBUG 7412 --- [redsocial] [           main] o.s.w.c.s.GenericWebApplicationContext   : Refreshing org.springframework.web.context.support.GenericWebApplicationContext@430d3021
2024-04-29T22:02:13.507-04:00 DEBUG 7412 --- [redsocial] [           main] o.s.b.f.s.DefaultListableBeanFactory     : Creating shared instance of singleton bean 'org.springframework.context.annotation.internalConfigurationAnnotationProcessor'
2024-04-29T22:02:13.508-04:00 DEBUG 7412 --- [redsocial] [           main] o.s.b.f.s.DefaultListableBeanFactory     : Creating shared instance of singleton bean 'org.springframework.boot.autoconfigure.internalCachingMetadataReaderFactory'
2024-04-29T22:02:13.523-04:00 DEBUG 7412 --- [redsocial] [           main] o.s.c.a.ClassPathBeanDefinitionScanner   : Identified candidate component class: file [C:\Users\kotes\Desktop\RedSocial\redsocial\target\classes\com\example\redsocial\controller\PostController.class]
2024-04-29T22:02:13.532-04:00 DEBUG 7412 --- [redsocial] [           main] o.s.c.a.ClassPathBeanDefinitionScanner   : Ignored because not a concrete top-level class: file [C:\Users\kotes\Desktop\RedSocial\redsocial\target\classes\com\example\redsocial\repository\CommentRepository.class]
2024-04-29T22:02:13.533-04:00 DEBUG 7412 --- [redsocial] [           main] o.s.c.a.ClassPathBeanDefinitionScanner   : Ignored because not a concrete top-level class: file [C:\Users\kotes\Desktop\RedSocial\redsocial\target\classes\com\example\redsocial\repository\PostRepository.class]
2024-04-29T22:02:13.535-04:00 DEBUG 7412 --- [redsocial] [           main] o.s.c.a.ClassPathBeanDefinitionScanner   : Ignored because not a concrete top-level class: file [C:\Users\kotes\Desktop\RedSocial\redsocial\target\classes\com\example\redsocial\repository\ReactionRepository.class]
2024-04-29T22:02:13.537-04:00 DEBUG 7412 --- [redsocial] [           main] o.s.c.a.ClassPathBeanDefinitionScanner   : Identified candidate component class: file [C:\Users\kotes\Desktop\RedSocial\redsocial\target\classes\com\example\redsocial\service\CommentServiceImp.class]
2024-04-29T22:02:13.539-04:00 DEBUG 7412 --- [redsocial] [           main] o.s.c.a.ClassPathBeanDefinitionScanner   : Identified candidate component class: file [C:\Users\kotes\Desktop\RedSocial\redsocial\target\classes\com\example\redsocial\service\PostServiceImp.class]
2024-04-29T22:02:13.542-04:00 DEBUG 7412 --- [redsocial] [           main] o.s.c.a.ClassPathBeanDefinitionScanner   : Identified candidate component class: file [C:\Users\kotes\Desktop\RedSocial\redsocial\target\classes\com\example\redsocial\service\ReactionServiceImp.class]
2024-04-29T22:02:14.030-04:00  INFO 7412 --- [redsocial] [           main] .s.d.r.c.RepositoryConfigurationDelegate : Bootstrapping Spring Data JPA repositories in DEFAULT mode.
2024-04-29T22:02:14.038-04:00 DEBUG 7412 --- [redsocial] [           main] o.s.b.f.s.DefaultListableBeanFactory     : Creating shared instance of singleton bean 'org.springframework.boot.autoconfigure.AutoConfigurationPackages'
2024-04-29T22:02:14.039-04:00 DEBUG 7412 --- [redsocial] [           main] o.s.b.a.AutoConfigurationPackages        : @EnableAutoConfiguration was declared on a class in the package 'com.example.redsocial'. Automatic @Repository and @Entity scanning is enabled.
2024-04-29T22:02:14.039-04:00 DEBUG 7412 --- [redsocial] [           main] .s.d.r.c.RepositoryConfigurationDelegate : Scanning for JPA repositories in packages com.example.redsocial.
2024-04-29T22:02:14.049-04:00 DEBUG 7412 --- [redsocial] [           main] o.s.d.r.c.RepositoryComponentProvider    : Identified candidate component class: file [C:\Users\kotes\Desktop\RedSocial\redsocial\target\classes\com\example\redsocial\repository\CommentRepository.class]
2024-04-29T22:02:14.049-04:00 DEBUG 7412 --- [redsocial] [           main] o.s.d.r.c.RepositoryComponentProvider    : Identified candidate component class: file [C:\Users\kotes\Desktop\RedSocial\redsocial\target\classes\com\example\redsocial\repository\PostRepository.class]
2024-04-29T22:02:14.049-04:00 DEBUG 7412 --- [redsocial] [           main] o.s.d.r.c.RepositoryComponentProvider    : Identified candidate component class: file [C:\Users\kotes\Desktop\RedSocial\redsocial\target\classes\com\example\redsocial\repository\ReactionRepository.class]
2024-04-29T22:02:14.088-04:00  INFO 7412 --- [redsocial] [           main] .s.d.r.c.RepositoryConfigurationDelegate : Finished Spring Data repository scanning in 47 ms. Found 3 JPA repository interfaces.
2024-04-29T22:02:14.236-04:00 DEBUG 7412 --- [redsocial] [           main] o.s.b.f.s.DefaultListableBeanFactory     : Creating shared instance of singleton bean 'propertySourcesPlaceholderConfigurer'
2024-04-29T22:02:14.244-04:00 DEBUG 7412 --- [redsocial] [           main] o.s.b.f.s.DefaultListableBeanFactory     : Creating shared instance of singleton bean 'org.springframework.boot.test.mock.mockito.MockitoPostProcessor'
2024-04-29T22:02:14.245-04:00 DEBUG 7412 --- [redsocial] [           main] o.s.b.f.s.DefaultListableBeanFactory     : Creating shared instance of singleton bean 'emBeanDefinitionRegistrarPostProcessor'
2024-04-29T22:02:14.245-04:00 DEBUG 7412 --- [redsocial] [           main] o.s.b.f.s.DefaultListableBeanFactory     : Creating shared instance of singleton bean 'org.springframework.boot.sql.init.dependency.DatabaseInitializationDependencyConfigurer$DependsOnDatabaseInitializationPostProcessor'
2024-04-29T22:02:14.293-04:00 DEBUG 7412 --- [redsocial] [           main] o.s.b.f.s.DefaultListableBeanFactory     : Creating shared instance of singleton bean 'org.springframework.context.event.internalEventListenerProcessor'
2024-04-29T22:02:14.293-04:00 DEBUG 7412 --- [redsocial] [           main] o.s.b.f.s.DefaultListableBeanFactory     : Creating shared instance of singleton bean 'preserveErrorControllerTargetClassPostProcessor'
2024-04-29T22:02:14.294-04:00 DEBUG 7412 --- [redsocial] [           main] o.s.b.f.s.DefaultListableBeanFactory     : Creating shared instance of singleton bean 'org.springframework.context.event.internalEventListenerFactory'
2024-04-29T22:02:14.295-04:00 DEBUG 7412 --- [redsocial] [           main] o.s.b.f.s.DefaultListableBeanFactory     : Creating shared instance of singleton bean 'org.springframework.transaction.config.internalTransactionalEventListenerFactory'
2024-04-29T22:02:14.298-04:00 DEBUG 7412 --- [redsocial] [           main] o.s.b.f.s.DefaultListableBeanFactory     : Creating shared instance of singleton bean 'org.springframework.boot.test.mock.mockito.MockitoPostProcessor$SpyPostProcessor'
2024-04-29T22:02:14.299-04:00 DEBUG 7412 --- [redsocial] [           main] o.s.b.f.s.DefaultListableBeanFactory     : Creating shared instance of singleton bean 'org.springframework.context.annotation.internalAutowiredAnnotationProcessor'
2024-04-29T22:02:14.300-04:00 DEBUG 7412 --- [redsocial] [           main] o.s.b.f.s.DefaultListableBeanFactory     : Creating shared instance of singleton bean 'org.springframework.context.annotation.internalCommonAnnotationProcessor'
2024-04-29T22:02:14.300-04:00 DEBUG 7412 --- [redsocial] [           main] o.s.b.f.s.DefaultListableBeanFactory     : Creating shared instance of singleton bean 'org.springframework.context.annotation.internalPersistenceAnnotationProcessor'
2024-04-29T22:02:14.301-04:00 DEBUG 7412 --- [redsocial] [           main] o.s.b.f.s.DefaultListableBeanFactory     : Creating shared instance of singleton bean 'org.springframework.boot.context.properties.ConfigurationPropertiesBindingPostProcessor'
2024-04-29T22:02:14.301-04:00 DEBUG 7412 --- [redsocial] [           main] o.s.b.f.s.DefaultListableBeanFactory     : Creating shared instance of singleton bean 'org.springframework.boot.context.internalConfigurationPropertiesBinder'
2024-04-29T22:02:14.302-04:00 DEBUG 7412 --- [redsocial] [           main] o.s.b.f.s.DefaultListableBeanFactory     : Creating shared instance of singleton bean 'jdbcConnectionDetailsHikariBeanPostProcessor'
2024-04-29T22:02:14.302-04:00 DEBUG 7412 --- [redsocial] [           main] o.s.b.f.s.DefaultListableBeanFactory     : Creating shared instance of singleton bean 'methodValidationPostProcessor'
2024-04-29T22:02:14.318-04:00 DEBUG 7412 --- [redsocial] [           main] o.s.b.f.s.DefaultListableBeanFactory     : Autowiring by type from bean name 'methodValidationPostProcessor' via factory method to bean named 'environment'
2024-04-29T22:02:14.319-04:00 DEBUG 7412 --- [redsocial] [           main] o.s.b.f.s.DefaultListableBeanFactory     : Creating shared instance of singleton bean 'org.springframework.boot.context.properties.EnableConfigurationPropertiesRegistrar.methodValidationExcludeFilter'
2024-04-29T22:02:14.320-04:00 DEBUG 7412 --- [redsocial] [           main] o.s.b.f.s.DefaultListableBeanFactory     : Creating shared instance of singleton bean 'org.springframework.aop.config.internalAutoProxyCreator'
2024-04-29T22:02:14.345-04:00 DEBUG 7412 --- [redsocial] [           main] o.s.b.f.s.DefaultListableBeanFactory     : Creating shared instance of singleton bean 'persistenceExceptionTranslationPostProcessor'
2024-04-29T22:02:14.347-04:00 DEBUG 7412 --- [redsocial] [           main] o.s.b.f.s.DefaultListableBeanFactory     : Autowiring by type from bean name 'persistenceExceptionTranslationPostProcessor' via factory method to bean named 'environment'
2024-04-29T22:02:14.358-04:00 DEBUG 7412 --- [redsocial] [           main] o.s.b.f.s.DefaultListableBeanFactory     : Creating shared instance of singleton bean 'webServerFactoryCustomizerBeanPostProcessor'
2024-04-29T22:02:14.360-04:00 DEBUG 7412 --- [redsocial] [           main] o.s.b.f.s.DefaultListableBeanFactory     : Creating shared instance of singleton bean 'errorPageRegistrarBeanPostProcessor'
2024-04-29T22:02:14.362-04:00 DEBUG 7412 --- [redsocial] [           main] o.s.b.f.s.DefaultListableBeanFactory     : Creating shared instance of singleton bean 'projectingArgumentResolverBeanPostProcessor'
2024-04-29T22:02:14.365-04:00 DEBUG 7412 --- [redsocial] [           main] o.s.b.f.s.DefaultListableBeanFactory     : Creating shared instance of singleton bean 'org.springframework.transaction.config.internalTransactionAdvisor'
2024-04-29T22:02:14.365-04:00 DEBUG 7412 --- [redsocial] [           main] o.s.b.f.s.DefaultListableBeanFactory     : Creating shared instance of singleton bean 'org.springframework.transaction.annotation.ProxyTransactionManagementConfiguration'
2024-04-29T22:02:14.380-04:00 DEBUG 7412 --- [redsocial] [           main] o.s.b.f.s.DefaultListableBeanFactory     : Creating shared instance of singleton bean 'transactionAttributeSource'
2024-04-29T22:02:14.385-04:00 DEBUG 7412 --- [redsocial] [           main] o.s.b.f.s.DefaultListableBeanFactory     : Creating shared instance of singleton bean 'transactionInterceptor'
2024-04-29T22:02:14.386-04:00 DEBUG 7412 --- [redsocial] [           main] o.s.b.f.s.DefaultListableBeanFactory     : Autowiring by type from bean name 'transactionInterceptor' via factory method to bean named 'transactionAttributeSource'
2024-04-29T22:02:14.398-04:00 DEBUG 7412 --- [redsocial] [           main] o.s.b.f.s.DefaultListableBeanFactory     : Autowiring by type from bean name 'org.springframework.transaction.config.internalTransactionAdvisor' via factory method to bean named 'transactionAttributeSource'
2024-04-29T22:02:14.399-04:00 DEBUG 7412 --- [redsocial] [           main] o.s.b.f.s.DefaultListableBeanFactory     : Autowiring by type from bean name 'org.springframework.transaction.config.internalTransactionAdvisor' via factory method to bean named 'transactionInterceptor'
2024-04-29T22:02:14.406-04:00 DEBUG 7412 --- [redsocial] [           main] o.s.b.f.s.DefaultListableBeanFactory     : Creating shared instance of singleton bean 'hypermediaRepresentionModelProcessorConfigurator'
2024-04-29T22:02:14.408-04:00 DEBUG 7412 --- [redsocial] [           main] o.s.b.f.s.DefaultListableBeanFactory     : Creating shared instance of singleton bean 'hypermediaRestTemplateBeanPostProcessor'
2024-04-29T22:02:14.410-04:00 DEBUG 7412 --- [redsocial] [           main] o.s.u.c.s.UiApplicationContextUtils      : Unable to locate ThemeSource with name 'themeSource': using default [org.springframework.ui.context.support.ResourceBundleThemeSource@7d6019d5]
2024-04-29T22:02:14.413-04:00 DEBUG 7412 --- [redsocial] [           main] o.s.b.f.s.DefaultListableBeanFactory     : Creating shared instance of singleton bean 'dataSourceScriptDatabaseInitializer'
2024-04-29T22:02:14.414-04:00 DEBUG 7412 --- [redsocial] [           main] o.s.b.f.s.DefaultListableBeanFactory     : Creating shared instance of singleton bean 'org.springframework.boot.autoconfigure.sql.init.DataSourceInitializationConfiguration'
2024-04-29T22:02:14.416-04:00 DEBUG 7412 --- [redsocial] [           main] o.s.b.f.s.DefaultListableBeanFactory     : Creating shared instance of singleton bean 'dataSource'
2024-04-29T22:02:14.416-04:00 DEBUG 7412 --- [redsocial] [           main] o.s.b.f.s.DefaultListableBeanFactory     : Creating shared instance of singleton bean 'org.springframework.boot.autoconfigure.jdbc.DataSourceConfiguration$Hikari'
2024-04-29T22:02:14.419-04:00 DEBUG 7412 --- [redsocial] [           main] o.s.b.f.s.DefaultListableBeanFactory     : Creating shared instance of singleton bean 'spring.datasource-org.springframework.boot.autoconfigure.jdbc.DataSourceProperties'
2024-04-29T22:02:14.421-04:00 DEBUG 7412 --- [redsocial] [           main] o.s.b.f.s.DefaultListableBeanFactory     : Creating shared instance of singleton bean 'org.springframework.boot.context.properties.BoundConfigurationProperties'
2024-04-29T22:02:14.438-04:00 DEBUG 7412 --- [redsocial] [           main] o.s.b.f.s.DefaultListableBeanFactory     : Creating shared instance of singleton bean 'jdbcConnectionDetails'
2024-04-29T22:02:14.439-04:00 DEBUG 7412 --- [redsocial] [           main] o.s.b.f.s.DefaultListableBeanFactory     : Creating shared instance of singleton bean 'org.springframework.boot.autoconfigure.jdbc.DataSourceAutoConfiguration$PooledDataSourceConfiguration'
2024-04-29T22:02:14.441-04:00 DEBUG 7412 --- [redsocial] [           main] o.s.b.f.s.DefaultListableBeanFactory     : Autowiring by type from bean name 'jdbcConnectionDetails' via factory method to bean named 'spring.datasource-org.springframework.boot.autoconfigure.jdbc.DataSourceProperties'
2024-04-29T22:02:14.443-04:00 DEBUG 7412 --- [redsocial] [           main] o.s.b.f.s.DefaultListableBeanFactory     : Autowiring by type from bean name 'dataSource' via factory method to bean named 'spring.datasource-org.springframework.boot.autoconfigure.jdbc.DataSourceProperties'
2024-04-29T22:02:14.443-04:00 DEBUG 7412 --- [redsocial] [           main] o.s.b.f.s.DefaultListableBeanFactory     : Autowiring by type from bean name 'dataSource' via factory method to bean named 'jdbcConnectionDetails'
2024-04-29T22:02:14.668-04:00 DEBUG 7412 --- [redsocial] [           main] o.s.b.f.s.DefaultListableBeanFactory     : Creating shared instance of singleton bean 'spring.sql.init-org.springframework.boot.autoconfigure.sql.init.SqlInitializationProperties'
2024-04-29T22:02:14.673-04:00 DEBUG 7412 --- [redsocial] [           main] o.s.b.f.s.DefaultListableBeanFactory     : Autowiring by type from bean name 'dataSourceScriptDatabaseInitializer' via factory method to bean named 'dataSource'
2024-04-29T22:02:14.673-04:00 DEBUG 7412 --- [redsocial] [           main] o.s.b.f.s.DefaultListableBeanFactory     : Autowiring by type from bean name 'dataSourceScriptDatabaseInitializer' via factory method to bean named 'spring.sql.init-org.springframework.boot.autoconfigure.sql.init.SqlInitializationProperties'
2024-04-29T22:02:14.680-04:00 DEBUG 7412 --- [redsocial] [           main] o.s.b.f.s.DefaultListableBeanFactory     : Creating shared instance of singleton bean 'entityManagerFactory'
2024-04-29T22:02:14.680-04:00 DEBUG 7412 --- [redsocial] [           main] o.s.b.f.s.DefaultListableBeanFactory     : Creating shared instance of singleton bean 'org.springframework.boot.autoconfigure.orm.jpa.HibernateJpaConfiguration'
2024-04-29T22:02:14.681-04:00 DEBUG 7412 --- [redsocial] [           main] o.s.b.f.s.DefaultListableBeanFactory     : Creating shared instance of singleton bean 'spring.jpa-org.springframework.boot.autoconfigure.orm.jpa.JpaProperties'
2024-04-29T22:02:14.685-04:00 DEBUG 7412 --- [redsocial] [           main] o.s.b.f.s.DefaultListableBeanFactory     : Creating shared instance of singleton bean 'spring.jpa.hibernate-org.springframework.boot.autoconfigure.orm.jpa.HibernateProperties'
2024-04-29T22:02:14.687-04:00 DEBUG 7412 --- [redsocial] [           main] o.s.b.f.s.DefaultListableBeanFactory     : Autowiring by type from bean name 'org.springframework.boot.autoconfigure.orm.jpa.HibernateJpaConfiguration' via constructor to bean named 'dataSource'
2024-04-29T22:02:14.687-04:00 DEBUG 7412 --- [redsocial] [           main] o.s.b.f.s.DefaultListableBeanFactory     : Autowiring by type from bean name 'org.springframework.boot.autoconfigure.orm.jpa.HibernateJpaConfiguration' via constructor to bean named 'spring.jpa-org.springframework.boot.autoconfigure.orm.jpa.JpaProperties'
2024-04-29T22:02:14.687-04:00 DEBUG 7412 --- [redsocial] [           main] o.s.b.f.s.DefaultListableBeanFactory     : Autowiring by type from bean name 'org.springframework.boot.autoconfigure.orm.jpa.HibernateJpaConfiguration' via constructor to bean named 'org.springframework.beans.factory.support.DefaultListableBeanFactory@4152bd0f'
2024-04-29T22:02:14.687-04:00 DEBUG 7412 --- [redsocial] [           main] o.s.b.f.s.DefaultListableBeanFactory     : Autowiring by type from bean name 'org.springframework.boot.autoconfigure.orm.jpa.HibernateJpaConfiguration' via constructor to bean named 'spring.jpa.hibernate-org.springframework.boot.autoconfigure.orm.jpa.HibernateProperties'
2024-04-29T22:02:14.692-04:00 DEBUG 7412 --- [redsocial] [           main] o.s.b.f.s.DefaultListableBeanFactory     : Creating shared instance of singleton bean 'oracleUcpPoolDataSourceMetadataProvider'
2024-04-29T22:02:14.692-04:00 DEBUG 7412 --- [redsocial] [           main] o.s.b.f.s.DefaultListableBeanFactory     : Creating shared instance of singleton bean 'org.springframework.boot.autoconfigure.jdbc.metadata.DataSourcePoolMetadataProvidersConfiguration$OracleUcpPoolDataSourceMetadataProviderConfiguration'
2024-04-29T22:02:14.694-04:00 DEBUG 7412 --- [redsocial] [           main] o.s.b.f.s.DefaultListableBeanFactory     : Creating shared instance of singleton bean 'hikariPoolDataSourceMetadataProvider'
2024-04-29T22:02:14.694-04:00 DEBUG 7412 --- [redsocial] [           main] o.s.b.f.s.DefaultListableBeanFactory     : Creating shared instance of singleton bean 'org.springframework.boot.autoconfigure.jdbc.metadata.DataSourcePoolMetadataProvidersConfiguration$HikariPoolDataSourceMetadataProviderConfiguration'
2024-04-29T22:02:14.700-04:00 DEBUG 7412 --- [redsocial] [           main] o.s.b.f.s.DefaultListableBeanFactory     : Creating shared instance of singleton bean 'entityManagerFactoryBuilder'
2024-04-29T22:02:14.701-04:00 DEBUG 7412 --- [redsocial] [           main] o.s.b.f.s.DefaultListableBeanFactory     : Creating shared instance of singleton bean 'jpaVendorAdapter'
2024-04-29T22:02:14.718-04:00 DEBUG 7412 --- [redsocial] [           main] o.s.b.f.s.DefaultListableBeanFactory     : Autowiring by type from bean name 'entityManagerFactoryBuilder' via factory method to bean named 'jpaVendorAdapter'
2024-04-29T22:02:14.724-04:00 DEBUG 7412 --- [redsocial] [           main] o.s.b.f.s.DefaultListableBeanFactory     : Creating shared instance of singleton bean 'persistenceManagedTypes'
2024-04-29T22:02:14.725-04:00 DEBUG 7412 --- [redsocial] [           main] o.s.b.f.s.DefaultListableBeanFactory     : Autowiring by type from bean name 'persistenceManagedTypes' via factory method to bean named 'org.springframework.beans.factory.support.DefaultListableBeanFactory@4152bd0f'
2024-04-29T22:02:14.725-04:00 DEBUG 7412 --- [redsocial] [           main] o.s.b.f.s.DefaultListableBeanFactory     : Autowiring by type from bean name 'persistenceManagedTypes' via factory method to bean named 'org.springframework.web.context.support.GenericWebApplicationContext@430d3021'
2024-04-29T22:02:14.736-04:00 DEBUG 7412 --- [redsocial] [           main] o.s.b.f.s.DefaultListableBeanFactory     : Autowiring by type from bean name 'entityManagerFactory' via factory method to bean named 'entityManagerFactoryBuilder'
2024-04-29T22:02:14.737-04:00 DEBUG 7412 --- [redsocial] [           main] o.s.b.f.s.DefaultListableBeanFactory     : Autowiring by type from bean name 'entityManagerFactory' via factory method to bean named 'persistenceManagedTypes'
2024-04-29T22:02:14.768-04:00 DEBUG 7412 --- [redsocial] [           main] j.LocalContainerEntityManagerFactoryBean : Building JPA container EntityManagerFactory for persistence unit 'default'
2024-04-29T22:02:14.806-04:00 DEBUG 7412 --- [redsocial] [           main] o.hibernate.jpa.internal.util.LogHelper  : PersistenceUnitInfo [
	name: default
	persistence provider classname: null
	classloader: jdk.internal.loader.ClassLoaders$AppClassLoader@70dea4e
	excludeUnlistedClasses: true
	JTA datasource: null
	Non JTA datasource: HikariDataSource (null)
	Transaction type: RESOURCE_LOCAL
	PU root URL: file:/C:/Users/kotes/Desktop/RedSocial/redsocial/target/test-classes/
	Shared Cache Mode: UNSPECIFIED
	Validation Mode: AUTO
	Jar files URLs []
	Managed classes names [
		com.example.redsocial.model.Comment
		com.example.redsocial.model.Post
		com.example.redsocial.model.Reaction]
	Mapping files names []
	Properties []
2024-04-29T22:02:14.830-04:00 DEBUG 7412 --- [redsocial] [           main] o.h.i.internal.IntegratorServiceImpl     : Adding Integrator [org.hibernate.boot.beanvalidation.BeanValidationIntegrator].
2024-04-29T22:02:14.833-04:00 DEBUG 7412 --- [redsocial] [           main] o.h.i.internal.IntegratorServiceImpl     : Adding Integrator [org.hibernate.cache.internal.CollectionCacheInvalidator].
2024-04-29T22:02:14.907-04:00  INFO 7412 --- [redsocial] [           main] org.hibernate.Version                    : HHH000412: Hibernate ORM core version 6.4.4.Final
2024-04-29T22:02:14.908-04:00 DEBUG 7412 --- [redsocial] [           main] org.hibernate.cfg.Environment            : HHH000206: 'hibernate.properties' not found
2024-04-29T22:02:14.947-04:00 DEBUG 7412 --- [redsocial] [           main] org.hibernate.orm.idgen.factory          : Registering IdentifierGenerator strategy [uuid2] -> [org.hibernate.id.UUIDGenerator]
2024-04-29T22:02:14.948-04:00 DEBUG 7412 --- [redsocial] [           main] org.hibernate.orm.idgen.factory          : Registering IdentifierGenerator strategy [guid] -> [org.hibernate.id.GUIDGenerator]
2024-04-29T22:02:14.948-04:00 DEBUG 7412 --- [redsocial] [           main] org.hibernate.orm.idgen.factory          : Registering IdentifierGenerator strategy [uuid] -> [org.hibernate.id.UUIDHexGenerator]
2024-04-29T22:02:14.949-04:00 DEBUG 7412 --- [redsocial] [           main] org.hibernate.orm.idgen.factory          : Registering IdentifierGenerator strategy [uuid.hex] -> [org.hibernate.id.UUIDHexGenerator]
2024-04-29T22:02:14.949-04:00 DEBUG 7412 --- [redsocial] [           main] org.hibernate.orm.idgen.factory          : Registering IdentifierGenerator strategy [assigned] -> [org.hibernate.id.Assigned]
2024-04-29T22:02:14.957-04:00 DEBUG 7412 --- [redsocial] [           main] org.hibernate.orm.idgen.factory          : Registering IdentifierGenerator strategy [identity] -> [org.hibernate.id.IdentityGenerator]
2024-04-29T22:02:14.958-04:00 DEBUG 7412 --- [redsocial] [           main] org.hibernate.orm.idgen.factory          : Registering IdentifierGenerator strategy [select] -> [org.hibernate.id.SelectGenerator]
2024-04-29T22:02:14.960-04:00 DEBUG 7412 --- [redsocial] [           main] org.hibernate.orm.idgen.factory          : Registering IdentifierGenerator strategy [sequence] -> [org.hibernate.id.enhanced.SequenceStyleGenerator]
2024-04-29T22:02:14.960-04:00 DEBUG 7412 --- [redsocial] [           main] org.hibernate.orm.idgen.factory          : Registering IdentifierGenerator strategy [increment] -> [org.hibernate.id.IncrementGenerator]
2024-04-29T22:02:14.961-04:00 DEBUG 7412 --- [redsocial] [           main] org.hibernate.orm.idgen.factory          : Registering IdentifierGenerator strategy [foreign] -> [org.hibernate.id.ForeignGenerator]
2024-04-29T22:02:14.962-04:00 DEBUG 7412 --- [redsocial] [           main] org.hibernate.orm.idgen.factory          : Registering IdentifierGenerator strategy [enhanced-sequence] -> [org.hibernate.id.enhanced.SequenceStyleGenerator]
2024-04-29T22:02:14.963-04:00 DEBUG 7412 --- [redsocial] [           main] org.hibernate.orm.idgen.factory          : Registering IdentifierGenerator strategy [enhanced-table] -> [org.hibernate.id.enhanced.TableGenerator]
2024-04-29T22:02:14.970-04:00 DEBUG 7412 --- [redsocial] [           main] o.h.c.internal.RegionFactoryInitiator    : Cannot default RegionFactory based on registered strategies as `[]` RegionFactory strategies were registered
2024-04-29T22:02:14.971-04:00  INFO 7412 --- [redsocial] [           main] o.h.c.internal.RegionFactoryInitiator    : HHH000026: Second-level cache disabled
2024-04-29T22:02:15.085-04:00 DEBUG 7412 --- [redsocial] [           main] org.hibernate.type.BasicTypeRegistry     : Adding type registration boolean -> org.hibernate.type.BasicTypeReference@53da2aec
2024-04-29T22:02:15.085-04:00 DEBUG 7412 --- [redsocial] [           main] org.hibernate.type.BasicTypeRegistry     : Adding type registration boolean -> org.hibernate.type.BasicTypeReference@53da2aec
2024-04-29T22:02:15.085-04:00 DEBUG 7412 --- [redsocial] [           main] org.hibernate.type.BasicTypeRegistry     : Adding type registration java.lang.Boolean -> org.hibernate.type.BasicTypeReference@53da2aec
2024-04-29T22:02:15.085-04:00 DEBUG 7412 --- [redsocial] [           main] org.hibernate.type.BasicTypeRegistry     : Adding type registration numeric_boolean -> org.hibernate.type.BasicTypeReference@18a38bba
2024-04-29T22:02:15.085-04:00 DEBUG 7412 --- [redsocial] [           main] org.hibernate.type.BasicTypeRegistry     : Adding type registration org.hibernate.type.NumericBooleanConverter -> org.hibernate.type.BasicTypeReference@18a38bba
2024-04-29T22:02:15.085-04:00 DEBUG 7412 --- [redsocial] [           main] org.hibernate.type.BasicTypeRegistry     : Adding type registration true_false -> org.hibernate.type.BasicTypeReference@58ca6ba3
2024-04-29T22:02:15.085-04:00 DEBUG 7412 --- [redsocial] [           main] org.hibernate.type.BasicTypeRegistry     : Adding type registration org.hibernate.type.TrueFalseConverter -> org.hibernate.type.BasicTypeReference@58ca6ba3
2024-04-29T22:02:15.085-04:00 DEBUG 7412 --- [redsocial] [           main] org.hibernate.type.BasicTypeRegistry     : Adding type registration yes_no -> org.hibernate.type.BasicTypeReference@74797b90
2024-04-29T22:02:15.085-04:00 DEBUG 7412 --- [redsocial] [           main] org.hibernate.type.BasicTypeRegistry     : Adding type registration org.hibernate.type.YesNoConverter -> org.hibernate.type.BasicTypeReference@74797b90
2024-04-29T22:02:15.085-04:00 DEBUG 7412 --- [redsocial] [           main] org.hibernate.type.BasicTypeRegistry     : Adding type registration byte -> org.hibernate.type.BasicTypeReference@7676b2b9
2024-04-29T22:02:15.085-04:00 DEBUG 7412 --- [redsocial] [           main] org.hibernate.type.BasicTypeRegistry     : Adding type registration byte -> org.hibernate.type.BasicTypeReference@7676b2b9
2024-04-29T22:02:15.085-04:00 DEBUG 7412 --- [redsocial] [           main] org.hibernate.type.BasicTypeRegistry     : Adding type registration java.lang.Byte -> org.hibernate.type.BasicTypeReference@7676b2b9
2024-04-29T22:02:15.085-04:00 DEBUG 7412 --- [redsocial] [           main] org.hibernate.type.BasicTypeRegistry     : Adding type registration binary -> org.hibernate.type.BasicTypeReference@720c0996
2024-04-29T22:02:15.085-04:00 DEBUG 7412 --- [redsocial] [           main] org.hibernate.type.BasicTypeRegistry     : Adding type registration byte[] -> org.hibernate.type.BasicTypeReference@720c0996
2024-04-29T22:02:15.085-04:00 DEBUG 7412 --- [redsocial] [           main] org.hibernate.type.BasicTypeRegistry     : Adding type registration [B -> org.hibernate.type.BasicTypeReference@720c0996
2024-04-29T22:02:15.085-04:00 DEBUG 7412 --- [redsocial] [           main] org.hibernate.type.BasicTypeRegistry     : Adding type registration binary_wrapper -> org.hibernate.type.BasicTypeReference@7910e307
2024-04-29T22:02:15.085-04:00 DEBUG 7412 --- [redsocial] [           main] org.hibernate.type.BasicTypeRegistry     : Adding type registration wrapper-binary -> org.hibernate.type.BasicTypeReference@7910e307
2024-04-29T22:02:15.085-04:00 DEBUG 7412 --- [redsocial] [           main] org.hibernate.type.BasicTypeRegistry     : Adding type registration image -> org.hibernate.type.BasicTypeReference@460aa24e
2024-04-29T22:02:15.085-04:00 DEBUG 7412 --- [redsocial] [           main] org.hibernate.type.BasicTypeRegistry     : Adding type registration blob -> org.hibernate.type.BasicTypeReference@5aa334c
2024-04-29T22:02:15.085-04:00 DEBUG 7412 --- [redsocial] [           main] org.hibernate.type.BasicTypeRegistry     : Adding type registration java.sql.Blob -> org.hibernate.type.BasicTypeReference@5aa334c
2024-04-29T22:02:15.085-04:00 DEBUG 7412 --- [redsocial] [           main] org.hibernate.type.BasicTypeRegistry     : Adding type registration materialized_blob -> org.hibernate.type.BasicTypeReference@17f8cad6
2024-04-29T22:02:15.085-04:00 DEBUG 7412 --- [redsocial] [           main] org.hibernate.type.BasicTypeRegistry     : Adding type registration materialized_blob_wrapper -> org.hibernate.type.BasicTypeReference@698e1bf5
2024-04-29T22:02:15.085-04:00 DEBUG 7412 --- [redsocial] [           main] org.hibernate.type.BasicTypeRegistry     : Adding type registration short -> org.hibernate.type.BasicTypeReference@7a85dc58
2024-04-29T22:02:15.085-04:00 DEBUG 7412 --- [redsocial] [           main] org.hibernate.type.BasicTypeRegistry     : Adding type registration short -> org.hibernate.type.BasicTypeReference@7a85dc58
2024-04-29T22:02:15.085-04:00 DEBUG 7412 --- [redsocial] [           main] org.hibernate.type.BasicTypeRegistry     : Adding type registration java.lang.Short -> org.hibernate.type.BasicTypeReference@7a85dc58
2024-04-29T22:02:15.085-04:00 DEBUG 7412 --- [redsocial] [           main] org.hibernate.type.BasicTypeRegistry     : Adding type registration integer -> org.hibernate.type.BasicTypeReference@2ee1b017
2024-04-29T22:02:15.085-04:00 DEBUG 7412 --- [redsocial] [           main] org.hibernate.type.BasicTypeRegistry     : Adding type registration int -> org.hibernate.type.BasicTypeReference@2ee1b017
2024-04-29T22:02:15.085-04:00 DEBUG 7412 --- [redsocial] [           main] org.hibernate.type.BasicTypeRegistry     : Adding type registration java.lang.Integer -> org.hibernate.type.BasicTypeReference@2ee1b017
2024-04-29T22:02:15.085-04:00 DEBUG 7412 --- [redsocial] [           main] org.hibernate.type.BasicTypeRegistry     : Adding type registration long -> org.hibernate.type.BasicTypeReference@7f9e6167
2024-04-29T22:02:15.085-04:00 DEBUG 7412 --- [redsocial] [           main] org.hibernate.type.BasicTypeRegistry     : Adding type registration long -> org.hibernate.type.BasicTypeReference@7f9e6167
2024-04-29T22:02:15.085-04:00 DEBUG 7412 --- [redsocial] [           main] org.hibernate.type.BasicTypeRegistry     : Adding type registration java.lang.Long -> org.hibernate.type.BasicTypeReference@7f9e6167
2024-04-29T22:02:15.085-04:00 DEBUG 7412 --- [redsocial] [           main] org.hibernate.type.BasicTypeRegistry     : Adding type registration float -> org.hibernate.type.BasicTypeReference@66d69cd2
2024-04-29T22:02:15.085-04:00 DEBUG 7412 --- [redsocial] [           main] org.hibernate.type.BasicTypeRegistry     : Adding type registration float -> org.hibernate.type.BasicTypeReference@66d69cd2
2024-04-29T22:02:15.085-04:00 DEBUG 7412 --- [redsocial] [           main] org.hibernate.type.BasicTypeRegistry     : Adding type registration java.lang.Float -> org.hibernate.type.BasicTypeReference@66d69cd2
2024-04-29T22:02:15.087-04:00 DEBUG 7412 --- [redsocial] [           main] org.hibernate.type.BasicTypeRegistry     : Adding type registration double -> org.hibernate.type.BasicTypeReference@32e5fb4c
2024-04-29T22:02:15.087-04:00 DEBUG 7412 --- [redsocial] [           main] org.hibernate.type.BasicTypeRegistry     : Adding type registration double -> org.hibernate.type.BasicTypeReference@32e5fb4c
2024-04-29T22:02:15.087-04:00 DEBUG 7412 --- [redsocial] [           main] org.hibernate.type.BasicTypeRegistry     : Adding type registration java.lang.Double -> org.hibernate.type.BasicTypeReference@32e5fb4c
2024-04-29T22:02:15.087-04:00 DEBUG 7412 --- [redsocial] [           main] org.hibernate.type.BasicTypeRegistry     : Adding type registration big_integer -> org.hibernate.type.BasicTypeReference@11a7840f
2024-04-29T22:02:15.087-04:00 DEBUG 7412 --- [redsocial] [           main] org.hibernate.type.BasicTypeRegistry     : Adding type registration java.math.BigInteger -> org.hibernate.type.BasicTypeReference@11a7840f
2024-04-29T22:02:15.087-04:00 DEBUG 7412 --- [redsocial] [           main] org.hibernate.type.BasicTypeRegistry     : Adding type registration big_decimal -> org.hibernate.type.BasicTypeReference@1d3e5a05
2024-04-29T22:02:15.087-04:00 DEBUG 7412 --- [redsocial] [           main] org.hibernate.type.BasicTypeRegistry     : Adding type registration java.math.BigDecimal -> org.hibernate.type.BasicTypeReference@1d3e5a05
2024-04-29T22:02:15.087-04:00 DEBUG 7412 --- [redsocial] [           main] org.hibernate.type.BasicTypeRegistry     : Adding type registration character -> org.hibernate.type.BasicTypeReference@4f5c757c
2024-04-29T22:02:15.087-04:00 DEBUG 7412 --- [redsocial] [           main] org.hibernate.type.BasicTypeRegistry     : Adding type registration char -> org.hibernate.type.BasicTypeReference@4f5c757c
2024-04-29T22:02:15.087-04:00 DEBUG 7412 --- [redsocial] [           main] org.hibernate.type.BasicTypeRegistry     : Adding type registration java.lang.Character -> org.hibernate.type.BasicTypeReference@4f5c757c
2024-04-29T22:02:15.087-04:00 DEBUG 7412 --- [redsocial] [           main] org.hibernate.type.BasicTypeRegistry     : Adding type registration character_nchar -> org.hibernate.type.BasicTypeReference@52fec840
2024-04-29T22:02:15.087-04:00 DEBUG 7412 --- [redsocial] [           main] org.hibernate.type.BasicTypeRegistry     : Adding type registration string -> org.hibernate.type.BasicTypeReference@7fd4b9ec
2024-04-29T22:02:15.087-04:00 DEBUG 7412 --- [redsocial] [           main] org.hibernate.type.BasicTypeRegistry     : Adding type registration java.lang.String -> org.hibernate.type.BasicTypeReference@7fd4b9ec
2024-04-29T22:02:15.087-04:00 DEBUG 7412 --- [redsocial] [           main] org.hibernate.type.BasicTypeRegistry     : Adding type registration nstring -> org.hibernate.type.BasicTypeReference@10553a61
2024-04-29T22:02:15.087-04:00 DEBUG 7412 --- [redsocial] [           main] org.hibernate.type.BasicTypeRegistry     : Adding type registration characters -> org.hibernate.type.BasicTypeReference@3c8e4a82
2024-04-29T22:02:15.087-04:00 DEBUG 7412 --- [redsocial] [           main] org.hibernate.type.BasicTypeRegistry     : Adding type registration char[] -> org.hibernate.type.BasicTypeReference@3c8e4a82
2024-04-29T22:02:15.087-04:00 DEBUG 7412 --- [redsocial] [           main] org.hibernate.type.BasicTypeRegistry     : Adding type registration [C -> org.hibernate.type.BasicTypeReference@3c8e4a82
2024-04-29T22:02:15.088-04:00 DEBUG 7412 --- [redsocial] [           main] org.hibernate.type.BasicTypeRegistry     : Adding type registration wrapper-characters -> org.hibernate.type.BasicTypeReference@1896299b
2024-04-29T22:02:15.088-04:00 DEBUG 7412 --- [redsocial] [           main] org.hibernate.type.BasicTypeRegistry     : Adding type registration text -> org.hibernate.type.BasicTypeReference@42d7e8bc
2024-04-29T22:02:15.088-04:00 DEBUG 7412 --- [redsocial] [           main] org.hibernate.type.BasicTypeRegistry     : Adding type registration ntext -> org.hibernate.type.BasicTypeReference@7b6854b5
2024-04-29T22:02:15.088-04:00 DEBUG 7412 --- [redsocial] [           main] org.hibernate.type.BasicTypeRegistry     : Adding type registration clob -> org.hibernate.type.BasicTypeReference@357cdb00
2024-04-29T22:02:15.088-04:00 DEBUG 7412 --- [redsocial] [           main] org.hibernate.type.BasicTypeRegistry     : Adding type registration java.sql.Clob -> org.hibernate.type.BasicTypeReference@357cdb00
2024-04-29T22:02:15.088-04:00 DEBUG 7412 --- [redsocial] [           main] org.hibernate.type.BasicTypeRegistry     : Adding type registration nclob -> org.hibernate.type.BasicTypeReference@1c0fe6c5
2024-04-29T22:02:15.088-04:00 DEBUG 7412 --- [redsocial] [           main] org.hibernate.type.BasicTypeRegistry     : Adding type registration java.sql.NClob -> org.hibernate.type.BasicTypeReference@1c0fe6c5
2024-04-29T22:02:15.088-04:00 DEBUG 7412 --- [redsocial] [           main] org.hibernate.type.BasicTypeRegistry     : Adding type registration materialized_clob -> org.hibernate.type.BasicTypeReference@61607ff0
2024-04-29T22:02:15.088-04:00 DEBUG 7412 --- [redsocial] [           main] org.hibernate.type.BasicTypeRegistry     : Adding type registration materialized_clob_char_array -> org.hibernate.type.BasicTypeReference@58945295
2024-04-29T22:02:15.088-04:00 DEBUG 7412 --- [redsocial] [           main] org.hibernate.type.BasicTypeRegistry     : Adding type registration materialized_clob_character_array -> org.hibernate.type.BasicTypeReference@b63365c
2024-04-29T22:02:15.088-04:00 DEBUG 7412 --- [redsocial] [           main] org.hibernate.type.BasicTypeRegistry     : Adding type registration materialized_nclob -> org.hibernate.type.BasicTypeReference@6839d03b
2024-04-29T22:02:15.088-04:00 DEBUG 7412 --- [redsocial] [           main] org.hibernate.type.BasicTypeRegistry     : Adding type registration materialized_nclob_character_array -> org.hibernate.type.BasicTypeReference@a44ad33
2024-04-29T22:02:15.088-04:00 DEBUG 7412 --- [redsocial] [           main] org.hibernate.type.BasicTypeRegistry     : Adding type registration materialized_nclob_char_array -> org.hibernate.type.BasicTypeReference@703e5614
2024-04-29T22:02:15.088-04:00 DEBUG 7412 --- [redsocial] [           main] org.hibernate.type.BasicTypeRegistry     : Adding type registration Duration -> org.hibernate.type.BasicTypeReference@627d5f99
2024-04-29T22:02:15.088-04:00 DEBUG 7412 --- [redsocial] [           main] org.hibernate.type.BasicTypeRegistry     : Adding type registration java.time.Duration -> org.hibernate.type.BasicTypeReference@627d5f99
2024-04-29T22:02:15.088-04:00 DEBUG 7412 --- [redsocial] [           main] org.hibernate.type.BasicTypeRegistry     : Adding type registration LocalDateTime -> org.hibernate.type.BasicTypeReference@44e3f3e5
2024-04-29T22:02:15.088-04:00 DEBUG 7412 --- [redsocial] [           main] org.hibernate.type.BasicTypeRegistry     : Adding type registration java.time.LocalDateTime -> org.hibernate.type.BasicTypeReference@44e3f3e5
2024-04-29T22:02:15.088-04:00 DEBUG 7412 --- [redsocial] [           main] org.hibernate.type.BasicTypeRegistry     : Adding type registration LocalDate -> org.hibernate.type.BasicTypeReference@6be1f37f
2024-04-29T22:02:15.088-04:00 DEBUG 7412 --- [redsocial] [           main] org.hibernate.type.BasicTypeRegistry     : Adding type registration java.time.LocalDate -> org.hibernate.type.BasicTypeReference@6be1f37f
2024-04-29T22:02:15.089-04:00 DEBUG 7412 --- [redsocial] [           main] org.hibernate.type.BasicTypeRegistry     : Adding type registration LocalTime -> org.hibernate.type.BasicTypeReference@69ed96e1
2024-04-29T22:02:15.089-04:00 DEBUG 7412 --- [redsocial] [           main] org.hibernate.type.BasicTypeRegistry     : Adding type registration java.time.LocalTime -> org.hibernate.type.BasicTypeReference@69ed96e1
2024-04-29T22:02:15.089-04:00 DEBUG 7412 --- [redsocial] [           main] org.hibernate.type.BasicTypeRegistry     : Adding type registration OffsetDateTime -> org.hibernate.type.BasicTypeReference@61648dd2
2024-04-29T22:02:15.089-04:00 DEBUG 7412 --- [redsocial] [           main] org.hibernate.type.BasicTypeRegistry     : Adding type registration java.time.OffsetDateTime -> org.hibernate.type.BasicTypeReference@61648dd2
2024-04-29T22:02:15.089-04:00 DEBUG 7412 --- [redsocial] [           main] org.hibernate.type.BasicTypeRegistry     : Adding type registration OffsetDateTimeWithTimezone -> org.hibernate.type.BasicTypeReference@3ac326c0
2024-04-29T22:02:15.089-04:00 DEBUG 7412 --- [redsocial] [           main] org.hibernate.type.BasicTypeRegistry     : Adding type registration OffsetDateTimeWithoutTimezone -> org.hibernate.type.BasicTypeReference@5e5d40ec
2024-04-29T22:02:15.089-04:00 DEBUG 7412 --- [redsocial] [           main] org.hibernate.type.BasicTypeRegistry     : Adding type registration OffsetTime -> org.hibernate.type.BasicTypeReference@5b028f58
2024-04-29T22:02:15.089-04:00 DEBUG 7412 --- [redsocial] [           main] org.hibernate.type.BasicTypeRegistry     : Adding type registration java.time.OffsetTime -> org.hibernate.type.BasicTypeReference@5b028f58
2024-04-29T22:02:15.089-04:00 DEBUG 7412 --- [redsocial] [           main] org.hibernate.type.BasicTypeRegistry     : Adding type registration OffsetTimeUtc -> org.hibernate.type.BasicTypeReference@1e4d93f7
2024-04-29T22:02:15.090-04:00 DEBUG 7412 --- [redsocial] [           main] org.hibernate.type.BasicTypeRegistry     : Adding type registration OffsetTimeWithTimezone -> org.hibernate.type.BasicTypeReference@3d1b43d8
2024-04-29T22:02:15.090-04:00 DEBUG 7412 --- [redsocial] [           main] org.hibernate.type.BasicTypeRegistry     : Adding type registration OffsetTimeWithoutTimezone -> org.hibernate.type.BasicTypeReference@46c2189e
2024-04-29T22:02:15.090-04:00 DEBUG 7412 --- [redsocial] [           main] org.hibernate.type.BasicTypeRegistry     : Adding type registration ZonedDateTime -> org.hibernate.type.BasicTypeReference@3462e99a
2024-04-29T22:02:15.090-04:00 DEBUG 7412 --- [redsocial] [           main] org.hibernate.type.BasicTypeRegistry     : Adding type registration java.time.ZonedDateTime -> org.hibernate.type.BasicTypeReference@3462e99a
2024-04-29T22:02:15.091-04:00 DEBUG 7412 --- [redsocial] [           main] org.hibernate.type.BasicTypeRegistry     : Adding type registration ZonedDateTimeWithTimezone -> org.hibernate.type.BasicTypeReference@5300694d
2024-04-29T22:02:15.091-04:00 DEBUG 7412 --- [redsocial] [           main] org.hibernate.type.BasicTypeRegistry     : Adding type registration ZonedDateTimeWithoutTimezone -> org.hibernate.type.BasicTypeReference@7320750c
2024-04-29T22:02:15.091-04:00 DEBUG 7412 --- [redsocial] [           main] org.hibernate.type.BasicTypeRegistry     : Adding type registration date -> org.hibernate.type.BasicTypeReference@2570851e
2024-04-29T22:02:15.091-04:00 DEBUG 7412 --- [redsocial] [           main] org.hibernate.type.BasicTypeRegistry     : Adding type registration java.sql.Date -> org.hibernate.type.BasicTypeReference@2570851e
2024-04-29T22:02:15.091-04:00 DEBUG 7412 --- [redsocial] [           main] org.hibernate.type.BasicTypeRegistry     : Adding type registration time -> org.hibernate.type.BasicTypeReference@67d8613
2024-04-29T22:02:15.091-04:00 DEBUG 7412 --- [redsocial] [           main] org.hibernate.type.BasicTypeRegistry     : Adding type registration java.sql.Time -> org.hibernate.type.BasicTypeReference@67d8613
2024-04-29T22:02:15.091-04:00 DEBUG 7412 --- [redsocial] [           main] org.hibernate.type.BasicTypeRegistry     : Adding type registration timestamp -> org.hibernate.type.BasicTypeReference@5667dd90
2024-04-29T22:02:15.091-04:00 DEBUG 7412 --- [redsocial] [           main] org.hibernate.type.BasicTypeRegistry     : Adding type registration java.sql.Timestamp -> org.hibernate.type.BasicTypeReference@5667dd90
2024-04-29T22:02:15.091-04:00 DEBUG 7412 --- [redsocial] [           main] org.hibernate.type.BasicTypeRegistry     : Adding type registration java.util.Date -> org.hibernate.type.BasicTypeReference@5667dd90
2024-04-29T22:02:15.091-04:00 DEBUG 7412 --- [redsocial] [           main] org.hibernate.type.BasicTypeRegistry     : Adding type registration calendar -> org.hibernate.type.BasicTypeReference@261f5a45
2024-04-29T22:02:15.091-04:00 DEBUG 7412 --- [redsocial] [           main] org.hibernate.type.BasicTypeRegistry     : Adding type registration java.util.Calendar -> org.hibernate.type.BasicTypeReference@261f5a45
2024-04-29T22:02:15.091-04:00 DEBUG 7412 --- [redsocial] [           main] org.hibernate.type.BasicTypeRegistry     : Adding type registration java.util.GregorianCalendar -> org.hibernate.type.BasicTypeReference@261f5a45
2024-04-29T22:02:15.091-04:00 DEBUG 7412 --- [redsocial] [           main] org.hibernate.type.BasicTypeRegistry     : Adding type registration calendar_date -> org.hibernate.type.BasicTypeReference@76673ed
2024-04-29T22:02:15.091-04:00 DEBUG 7412 --- [redsocial] [           main] org.hibernate.type.BasicTypeRegistry     : Adding type registration calendar_time -> org.hibernate.type.BasicTypeReference@6d41200c
2024-04-29T22:02:15.091-04:00 DEBUG 7412 --- [redsocial] [           main] org.hibernate.type.BasicTypeRegistry     : Adding type registration instant -> org.hibernate.type.BasicTypeReference@522fb69
2024-04-29T22:02:15.091-04:00 DEBUG 7412 --- [redsocial] [           main] org.hibernate.type.BasicTypeRegistry     : Adding type registration java.time.Instant -> org.hibernate.type.BasicTypeReference@522fb69
2024-04-29T22:02:15.091-04:00 DEBUG 7412 --- [redsocial] [           main] org.hibernate.type.BasicTypeRegistry     : Adding type registration uuid -> org.hibernate.type.BasicTypeReference@593354fa
2024-04-29T22:02:15.091-04:00 DEBUG 7412 --- [redsocial] [           main] org.hibernate.type.BasicTypeRegistry     : Adding type registration java.util.UUID -> org.hibernate.type.BasicTypeReference@593354fa
2024-04-29T22:02:15.091-04:00 DEBUG 7412 --- [redsocial] [           main] org.hibernate.type.BasicTypeRegistry     : Adding type registration pg-uuid -> org.hibernate.type.BasicTypeReference@593354fa
2024-04-29T22:02:15.091-04:00 DEBUG 7412 --- [redsocial] [           main] org.hibernate.type.BasicTypeRegistry     : Adding type registration uuid-binary -> org.hibernate.type.BasicTypeReference@6dfebd2a
2024-04-29T22:02:15.091-04:00 DEBUG 7412 --- [redsocial] [           main] org.hibernate.type.BasicTypeRegistry     : Adding type registration uuid-char -> org.hibernate.type.BasicTypeReference@9dbb1d9
2024-04-29T22:02:15.092-04:00 DEBUG 7412 --- [redsocial] [           main] org.hibernate.type.BasicTypeRegistry     : Adding type registration class -> org.hibernate.type.BasicTypeReference@1bb0fa38
2024-04-29T22:02:15.092-04:00 DEBUG 7412 --- [redsocial] [           main] org.hibernate.type.BasicTypeRegistry     : Adding type registration java.lang.Class -> org.hibernate.type.BasicTypeReference@1bb0fa38
2024-04-29T22:02:15.092-04:00 DEBUG 7412 --- [redsocial] [           main] org.hibernate.type.BasicTypeRegistry     : Adding type registration currency -> org.hibernate.type.BasicTypeReference@58e7f930
2024-04-29T22:02:15.092-04:00 DEBUG 7412 --- [redsocial] [           main] org.hibernate.type.BasicTypeRegistry     : Adding type registration Currency -> org.hibernate.type.BasicTypeReference@58e7f930
2024-04-29T22:02:15.092-04:00 DEBUG 7412 --- [redsocial] [           main] org.hibernate.type.BasicTypeRegistry     : Adding type registration java.util.Currency -> org.hibernate.type.BasicTypeReference@58e7f930
2024-04-29T22:02:15.092-04:00 DEBUG 7412 --- [redsocial] [           main] org.hibernate.type.BasicTypeRegistry     : Adding type registration locale -> org.hibernate.type.BasicTypeReference@406808eb
2024-04-29T22:02:15.092-04:00 DEBUG 7412 --- [redsocial] [           main] org.hibernate.type.BasicTypeRegistry     : Adding type registration java.util.Locale -> org.hibernate.type.BasicTypeReference@406808eb
2024-04-29T22:02:15.092-04:00 DEBUG 7412 --- [redsocial] [           main] org.hibernate.type.BasicTypeRegistry     : Adding type registration serializable -> org.hibernate.type.BasicTypeReference@14e93c46
2024-04-29T22:02:15.092-04:00 DEBUG 7412 --- [redsocial] [           main] org.hibernate.type.BasicTypeRegistry     : Adding type registration java.io.Serializable -> org.hibernate.type.BasicTypeReference@14e93c46
2024-04-29T22:02:15.093-04:00 DEBUG 7412 --- [redsocial] [           main] org.hibernate.type.BasicTypeRegistry     : Adding type registration timezone -> org.hibernate.type.BasicTypeReference@89465d9
2024-04-29T22:02:15.093-04:00 DEBUG 7412 --- [redsocial] [           main] org.hibernate.type.BasicTypeRegistry     : Adding type registration java.util.TimeZone -> org.hibernate.type.BasicTypeReference@89465d9
2024-04-29T22:02:15.093-04:00 DEBUG 7412 --- [redsocial] [           main] org.hibernate.type.BasicTypeRegistry     : Adding type registration ZoneOffset -> org.hibernate.type.BasicTypeReference@6fdd3382
2024-04-29T22:02:15.093-04:00 DEBUG 7412 --- [redsocial] [           main] org.hibernate.type.BasicTypeRegistry     : Adding type registration java.time.ZoneOffset -> org.hibernate.type.BasicTypeReference@6fdd3382
2024-04-29T22:02:15.093-04:00 DEBUG 7412 --- [redsocial] [           main] org.hibernate.type.BasicTypeRegistry     : Adding type registration url -> org.hibernate.type.BasicTypeReference@6f7241c2
2024-04-29T22:02:15.093-04:00 DEBUG 7412 --- [redsocial] [           main] org.hibernate.type.BasicTypeRegistry     : Adding type registration java.net.URL -> org.hibernate.type.BasicTypeReference@6f7241c2
2024-04-29T22:02:15.093-04:00 DEBUG 7412 --- [redsocial] [           main] org.hibernate.type.BasicTypeRegistry     : Adding type registration vector -> org.hibernate.type.BasicTypeReference@32245b66
2024-04-29T22:02:15.093-04:00 DEBUG 7412 --- [redsocial] [           main] org.hibernate.type.BasicTypeRegistry     : Adding type registration row_version -> org.hibernate.type.BasicTypeReference@19355a56
2024-04-29T22:02:15.110-04:00 DEBUG 7412 --- [redsocial] [           main] org.hibernate.type.BasicTypeRegistry     : Adding type registration object -> org.hibernate.type.JavaObjectType@72c1bf75
2024-04-29T22:02:15.110-04:00 DEBUG 7412 --- [redsocial] [           main] org.hibernate.type.BasicTypeRegistry     : Adding type registration java.lang.Object -> org.hibernate.type.JavaObjectType@72c1bf75
2024-04-29T22:02:15.113-04:00 DEBUG 7412 --- [redsocial] [           main] org.hibernate.type.BasicTypeRegistry     : Adding type registration null -> org.hibernate.type.NullType@1f95158a
2024-04-29T22:02:15.113-04:00 DEBUG 7412 --- [redsocial] [           main] org.hibernate.type.BasicTypeRegistry     : Adding type registration imm_date -> org.hibernate.type.BasicTypeReference@31fc658f
2024-04-29T22:02:15.113-04:00 DEBUG 7412 --- [redsocial] [           main] org.hibernate.type.BasicTypeRegistry     : Adding type registration imm_time -> org.hibernate.type.BasicTypeReference@60d32006
2024-04-29T22:02:15.113-04:00 DEBUG 7412 --- [redsocial] [           main] org.hibernate.type.BasicTypeRegistry     : Adding type registration imm_timestamp -> org.hibernate.type.BasicTypeReference@10820978
2024-04-29T22:02:15.113-04:00 DEBUG 7412 --- [redsocial] [           main] org.hibernate.type.BasicTypeRegistry     : Adding type registration imm_calendar -> org.hibernate.type.BasicTypeReference@278c67a7
2024-04-29T22:02:15.113-04:00 DEBUG 7412 --- [redsocial] [           main] org.hibernate.type.BasicTypeRegistry     : Adding type registration imm_calendar_date -> org.hibernate.type.BasicTypeReference@758ebec4
2024-04-29T22:02:15.113-04:00 DEBUG 7412 --- [redsocial] [           main] org.hibernate.type.BasicTypeRegistry     : Adding type registration imm_calendar_time -> org.hibernate.type.BasicTypeReference@c247363
2024-04-29T22:02:15.113-04:00 DEBUG 7412 --- [redsocial] [           main] org.hibernate.type.BasicTypeRegistry     : Adding type registration imm_binary -> org.hibernate.type.BasicTypeReference@c6d7256
2024-04-29T22:02:15.113-04:00 DEBUG 7412 --- [redsocial] [           main] org.hibernate.type.BasicTypeRegistry     : Adding type registration imm_serializable -> org.hibernate.type.BasicTypeReference@48188d23
2024-04-29T22:02:15.120-04:00 DEBUG 7412 --- [redsocial] [           main] o.h.boot.internal.BootstrapContextImpl   : Injecting JPA temp ClassLoader [org.springframework.instrument.classloading.SimpleThrowawayClassLoader@187df588] into BootstrapContext; was [null]
2024-04-29T22:02:15.120-04:00 DEBUG 7412 --- [redsocial] [           main] o.h.boot.internal.ClassLoaderAccessImpl  : ClassLoaderAccessImpl#injectTempClassLoader(org.springframework.instrument.classloading.SimpleThrowawayClassLoader@187df588) [was null]
2024-04-29T22:02:15.120-04:00 DEBUG 7412 --- [redsocial] [           main] o.h.boot.internal.BootstrapContextImpl   : Injecting ScanEnvironment [org.hibernate.jpa.boot.internal.StandardJpaScanEnvironmentImpl@2d758472] into BootstrapContext; was [null]
2024-04-29T22:02:15.120-04:00 DEBUG 7412 --- [redsocial] [           main] o.h.boot.internal.BootstrapContextImpl   : Injecting ScanOptions [org.hibernate.boot.archive.scan.internal.StandardScanOptions@7615666e] into BootstrapContext; was [org.hibernate.boot.archive.scan.internal.StandardScanOptions@c49e434]
2024-04-29T22:02:15.171-04:00  INFO 7412 --- [redsocial] [           main] o.s.o.j.p.SpringPersistenceUnitInfo      : No LoadTimeWeaver setup: ignoring JPA class transformer
2024-04-29T22:02:15.172-04:00 DEBUG 7412 --- [redsocial] [           main] o.h.boot.internal.BootstrapContextImpl   : Injecting JPA temp ClassLoader [null] into BootstrapContext; was [org.springframework.instrument.classloading.SimpleThrowawayClassLoader@187df588]
2024-04-29T22:02:15.172-04:00 DEBUG 7412 --- [redsocial] [           main] o.h.boot.internal.ClassLoaderAccessImpl  : ClassLoaderAccessImpl#injectTempClassLoader(null) [was org.springframework.instrument.classloading.SimpleThrowawayClassLoader@187df588]
2024-04-29T22:02:15.223-04:00  INFO 7412 --- [redsocial] [           main] com.zaxxer.hikari.HikariDataSource       : HikariPool-1 - Starting...
2024-04-29T22:02:16.617-04:00  INFO 7412 --- [redsocial] [           main] com.zaxxer.hikari.pool.HikariPool        : HikariPool-1 - Added connection oracle.jdbc.driver.T4CConnection@237ee2e1
2024-04-29T22:02:16.619-04:00  INFO 7412 --- [redsocial] [           main] com.zaxxer.hikari.HikariDataSource       : HikariPool-1 - Start completed.
2024-04-29T22:02:16.623-04:00 DEBUG 7412 --- [redsocial] [           main] o.h.e.j.e.i.JdbcEnvironmentInitiator     : Database ->
       name : Oracle
    version : Oracle Database 19c Enterprise Edition Release 19.0.0.0.0 - Production
Version 19.23.0.1.0
      major : 19
      minor : 0
2024-04-29T22:02:16.623-04:00 DEBUG 7412 --- [redsocial] [           main] o.h.e.j.e.i.JdbcEnvironmentInitiator     : Driver ->
       name : Oracle JDBC driver
    version : 21.9.0.0.0
      major : 21
      minor : 9
2024-04-29T22:02:16.623-04:00 DEBUG 7412 --- [redsocial] [           main] o.h.e.j.e.i.JdbcEnvironmentInitiator     : JDBC version : 4.3
2024-04-29T22:02:16.844-04:00  WARN 7412 --- [redsocial] [           main] org.hibernate.orm.deprecation            : HHH90000025: OracleDialect does not need to be specified explicitly using 'hibernate.dialect' (remove the property setting and it will be selected by default)
2024-04-29T22:02:16.845-04:00 DEBUG 7412 --- [redsocial] [           main] org.hibernate.orm.dialect                : HHH035001: Using dialect: org.hibernate.dialect.OracleDialect, version: 19.0
2024-04-29T22:02:16.948-04:00 DEBUG 7412 --- [redsocial] [           main] o.h.t.d.jdbc.spi.JdbcTypeRegistry        : addDescriptor(NCharTypeDescriptor) replaced previous registration(CharTypeDescriptor)
2024-04-29T22:02:16.948-04:00 DEBUG 7412 --- [redsocial] [           main] o.h.t.d.jdbc.spi.JdbcTypeRegistry        : addDescriptor(NVarcharTypeDescriptor) replaced previous registration(VarcharTypeDescriptor)
2024-04-29T22:02:16.948-04:00 DEBUG 7412 --- [redsocial] [           main] o.h.t.d.jdbc.spi.JdbcTypeRegistry        : addDescriptor(LongNVarcharTypeDescriptor) replaced previous registration(LongVarcharTypeDescriptor)
2024-04-29T22:02:16.952-04:00 DEBUG 7412 --- [redsocial] [           main] o.h.t.d.jdbc.spi.JdbcTypeRegistry        : addDescriptor(NClobTypeDescriptor(DEFAULT)) replaced previous registration(ClobTypeDescriptor(DEFAULT))
2024-04-29T22:02:16.953-04:00 DEBUG 7412 --- [redsocial] [           main] o.h.t.d.jdbc.spi.JdbcTypeRegistry        : addDescriptor(2005, ClobTypeDescriptor(STREAM_BINDING)) replaced previous registration(ClobTypeDescriptor(DEFAULT))
2024-04-29T22:02:16.955-04:00 DEBUG 7412 --- [redsocial] [           main] o.h.t.d.jdbc.spi.JdbcTypeRegistry        : addDescriptor(BooleanTypeDescriptor) replaced previous registration(BooleanTypeDescriptor)
2024-04-29T22:02:16.968-04:00 DEBUG 7412 --- [redsocial] [           main] org.hibernate.type.BasicTypeRegistry     : Adding type registration null -> org.hibernate.type.NullType@22e650e
2024-04-29T22:02:16.968-04:00 DEBUG 7412 --- [redsocial] [           main] org.hibernate.type.BasicTypeRegistry     : Type registration key [null] overrode previous entry : `org.hibernate.type.NullType@1f95158a`
2024-04-29T22:02:16.969-04:00 DEBUG 7412 --- [redsocial] [           main] org.hibernate.type.BasicTypeRegistry     : Adding type registration JAVA_OBJECT -> org.hibernate.type.JavaObjectType@207f7baa
2024-04-29T22:02:16.969-04:00 DEBUG 7412 --- [redsocial] [           main] org.hibernate.type.BasicTypeRegistry     : Adding type registration java.lang.Object -> org.hibernate.type.JavaObjectType@207f7baa
2024-04-29T22:02:16.969-04:00 DEBUG 7412 --- [redsocial] [           main] org.hibernate.type.BasicTypeRegistry     : Type registration key [java.lang.Object] overrode previous entry : `org.hibernate.type.JavaObjectType@72c1bf75`
2024-04-29T22:02:16.976-04:00 DEBUG 7412 --- [redsocial] [           main] org.hibernate.type.BasicTypeRegistry     : Adding type registration org.hibernate.type.DurationType -> basicType@1(java.time.Duration,3015)
2024-04-29T22:02:16.976-04:00 DEBUG 7412 --- [redsocial] [           main] org.hibernate.type.BasicTypeRegistry     : Adding type registration Duration -> basicType@1(java.time.Duration,3015)
2024-04-29T22:02:16.976-04:00 DEBUG 7412 --- [redsocial] [           main] org.hibernate.type.BasicTypeRegistry     : Adding type registration java.time.Duration -> basicType@1(java.time.Duration,3015)
2024-04-29T22:02:16.982-04:00 DEBUG 7412 --- [redsocial] [           main] o.h.type.spi.TypeConfiguration$Scope     : Scoping TypeConfiguration [org.hibernate.type.spi.TypeConfiguration@711fbcef] to MetadataBuildingContext [org.hibernate.boot.internal.MetadataBuildingContextRootImpl@43d2c8e3]
2024-04-29T22:02:17.043-04:00 DEBUG 7412 --- [redsocial] [           main] o.h.boot.model.relational.Namespace      : Created database namespace [logicalName=Name{catalog=null, schema=null}, physicalName=Name{catalog=null, schema=null}]
2024-04-29T22:02:17.081-04:00 DEBUG 7412 --- [redsocial] [           main] o.h.boot.model.internal.EntityBinder     : Binding entity from annotated class: com.example.redsocial.model.Comment
2024-04-29T22:02:17.093-04:00 DEBUG 7412 --- [redsocial] [           main] o.h.boot.model.internal.EntityBinder     : Import with entity name Comment
2024-04-29T22:02:17.101-04:00 DEBUG 7412 --- [redsocial] [           main] o.h.boot.model.internal.EntityBinder     : Bind entity com.example.redsocial.model.Comment on table comment_post
2024-04-29T22:02:17.114-04:00 DEBUG 7412 --- [redsocial] [           main] o.h.boot.model.internal.AnnotatedColumn  : Binding column: AnnotatedDiscriminatorColumn(column='DTYPE')
2024-04-29T22:02:17.129-04:00 DEBUG 7412 --- [redsocial] [           main] o.h.boot.model.internal.AnnotatedColumn  : Binding column: AnnotatedColumn(column='IDCOMMENT')
2024-04-29T22:02:17.131-04:00 DEBUG 7412 --- [redsocial] [           main] o.h.boot.internal.ClassLoaderAccessImpl  : Not known whether passed class name [com.example.redsocial.model.Comment] is safe
2024-04-29T22:02:17.131-04:00 DEBUG 7412 --- [redsocial] [           main] o.h.boot.internal.ClassLoaderAccessImpl  : No temp ClassLoader provided; using live ClassLoader for loading potentially unsafe class : com.example.redsocial.model.Comment
2024-04-29T22:02:17.134-04:00 DEBUG 7412 --- [redsocial] [           main] o.h.boot.model.internal.PropertyBinder   : MetadataSourceProcessor property idComment with lazy=false
2024-04-29T22:02:17.148-04:00 DEBUG 7412 --- [redsocial] [           main] o.h.b.m.internal.AbstractPropertyHolder  : Attempting to locate auto-apply AttributeConverter for property [com.example.redsocial.model.Comment:idComment]
2024-04-29T22:02:17.151-04:00 DEBUG 7412 --- [redsocial] [           main] o.h.b.model.internal.BasicValueBinder    : building BasicValue for idComment
2024-04-29T22:02:17.153-04:00 DEBUG 7412 --- [redsocial] [           main] org.hibernate.mapping.BasicValue         : Skipping column re-registration: comment_post.idcomment
2024-04-29T22:02:17.154-04:00 DEBUG 7412 --- [redsocial] [           main] o.h.boot.model.internal.PropertyBinder   : Building property idComment
2024-04-29T22:02:17.159-04:00 DEBUG 7412 --- [redsocial] [           main] o.h.boot.model.internal.BinderHelper     : #makeIdGenerator(BasicValue([Column(idcomment)]), idComment, identity, , ...)
2024-04-29T22:02:17.161-04:00 DEBUG 7412 --- [redsocial] [           main] o.h.boot.model.internal.AnnotatedColumn  : Binding column: AnnotatedColumn(column='DATECOMMENT')
2024-04-29T22:02:17.161-04:00 DEBUG 7412 --- [redsocial] [           main] o.h.boot.model.internal.PropertyBinder   : MetadataSourceProcessor property dateComment with lazy=false
2024-04-29T22:02:17.161-04:00 DEBUG 7412 --- [redsocial] [           main] o.h.b.m.internal.AbstractPropertyHolder  : Attempting to locate auto-apply AttributeConverter for property [com.example.redsocial.model.Comment:dateComment]
2024-04-29T22:02:17.161-04:00 DEBUG 7412 --- [redsocial] [           main] o.h.b.model.internal.BasicValueBinder    : building BasicValue for dateComment
2024-04-29T22:02:17.161-04:00 DEBUG 7412 --- [redsocial] [           main] org.hibernate.mapping.BasicValue         : Skipping column re-registration: comment_post.datecomment
2024-04-29T22:02:17.161-04:00 DEBUG 7412 --- [redsocial] [           main] o.h.boot.model.internal.PropertyBinder   : Building property dateComment
2024-04-29T22:02:17.162-04:00 DEBUG 7412 --- [redsocial] [           main] o.h.boot.model.internal.AnnotatedColumn  : Binding column: AnnotatedColumn(column='IDPOST')
2024-04-29T22:02:17.162-04:00 DEBUG 7412 --- [redsocial] [           main] o.h.boot.model.internal.PropertyBinder   : MetadataSourceProcessor property idPost with lazy=false
2024-04-29T22:02:17.162-04:00 DEBUG 7412 --- [redsocial] [           main] o.h.b.m.internal.AbstractPropertyHolder  : Attempting to locate auto-apply AttributeConverter for property [com.example.redsocial.model.Comment:idPost]
2024-04-29T22:02:17.162-04:00 DEBUG 7412 --- [redsocial] [           main] o.h.b.model.internal.BasicValueBinder    : building BasicValue for idPost
2024-04-29T22:02:17.162-04:00 DEBUG 7412 --- [redsocial] [           main] org.hibernate.mapping.BasicValue         : Skipping column re-registration: comment_post.idpost
2024-04-29T22:02:17.162-04:00 DEBUG 7412 --- [redsocial] [           main] o.h.boot.model.internal.PropertyBinder   : Building property idPost
2024-04-29T22:02:17.162-04:00 DEBUG 7412 --- [redsocial] [           main] o.h.boot.model.internal.AnnotatedColumn  : Binding column: AnnotatedColumn(column='TEXTCOMMENT')
2024-04-29T22:02:17.162-04:00 DEBUG 7412 --- [redsocial] [           main] o.h.boot.model.internal.PropertyBinder   : MetadataSourceProcessor property textComment with lazy=false
2024-04-29T22:02:17.162-04:00 DEBUG 7412 --- [redsocial] [           main] o.h.b.m.internal.AbstractPropertyHolder  : Attempting to locate auto-apply AttributeConverter for property [com.example.redsocial.model.Comment:textComment]
2024-04-29T22:02:17.162-04:00 DEBUG 7412 --- [redsocial] [           main] o.h.b.model.internal.BasicValueBinder    : building BasicValue for textComment
2024-04-29T22:02:17.162-04:00 DEBUG 7412 --- [redsocial] [           main] org.hibernate.mapping.BasicValue         : Skipping column re-registration: comment_post.textcomment
2024-04-29T22:02:17.162-04:00 DEBUG 7412 --- [redsocial] [           main] o.h.boot.model.internal.PropertyBinder   : Building property textComment
2024-04-29T22:02:17.163-04:00 DEBUG 7412 --- [redsocial] [           main] o.h.boot.model.internal.AnnotatedColumn  : Binding column: AnnotatedColumn(column='USERCOMMENT')
2024-04-29T22:02:17.163-04:00 DEBUG 7412 --- [redsocial] [           main] o.h.boot.model.internal.PropertyBinder   : MetadataSourceProcessor property userComment with lazy=false
2024-04-29T22:02:17.163-04:00 DEBUG 7412 --- [redsocial] [           main] o.h.b.m.internal.AbstractPropertyHolder  : Attempting to locate auto-apply AttributeConverter for property [com.example.redsocial.model.Comment:userComment]
2024-04-29T22:02:17.163-04:00 DEBUG 7412 --- [redsocial] [           main] o.h.b.model.internal.BasicValueBinder    : building BasicValue for userComment
2024-04-29T22:02:17.163-04:00 DEBUG 7412 --- [redsocial] [           main] org.hibernate.mapping.BasicValue         : Skipping column re-registration: comment_post.usercomment
2024-04-29T22:02:17.163-04:00 DEBUG 7412 --- [redsocial] [           main] o.h.boot.model.internal.PropertyBinder   : Building property userComment
2024-04-29T22:02:17.165-04:00 DEBUG 7412 --- [redsocial] [           main] o.h.b.r.c.i.ClassLoaderServiceImpl       : HHH000194: Package not found or wo package-info.java: com.example.redsocial.model
2024-04-29T22:02:17.170-04:00 DEBUG 7412 --- [redsocial] [           main] o.h.boot.model.internal.EntityBinder     : Binding entity from annotated class: com.example.redsocial.model.Post
2024-04-29T22:02:17.171-04:00 DEBUG 7412 --- [redsocial] [           main] o.h.boot.model.internal.EntityBinder     : Import with entity name Post
2024-04-29T22:02:17.171-04:00 DEBUG 7412 --- [redsocial] [           main] o.h.boot.model.internal.EntityBinder     : Bind entity com.example.redsocial.model.Post on table post
2024-04-29T22:02:17.171-04:00 DEBUG 7412 --- [redsocial] [           main] o.h.boot.model.internal.AnnotatedColumn  : Binding column: AnnotatedDiscriminatorColumn(column='DTYPE')
2024-04-29T22:02:17.171-04:00 DEBUG 7412 --- [redsocial] [           main] o.h.boot.model.internal.AnnotatedColumn  : Binding column: AnnotatedColumn(column='IDPOST')
2024-04-29T22:02:17.172-04:00 DEBUG 7412 --- [redsocial] [           main] o.h.boot.internal.ClassLoaderAccessImpl  : Not known whether passed class name [com.example.redsocial.model.Post] is safe
2024-04-29T22:02:17.172-04:00 DEBUG 7412 --- [redsocial] [           main] o.h.boot.internal.ClassLoaderAccessImpl  : No temp ClassLoader provided; using live ClassLoader for loading potentially unsafe class : com.example.redsocial.model.Post
2024-04-29T22:02:17.172-04:00 DEBUG 7412 --- [redsocial] [           main] o.h.boot.model.internal.PropertyBinder   : MetadataSourceProcessor property idPost with lazy=false
2024-04-29T22:02:17.172-04:00 DEBUG 7412 --- [redsocial] [           main] o.h.b.m.internal.AbstractPropertyHolder  : Attempting to locate auto-apply AttributeConverter for property [com.example.redsocial.model.Post:idPost]
2024-04-29T22:02:17.172-04:00 DEBUG 7412 --- [redsocial] [           main] o.h.b.model.internal.BasicValueBinder    : building BasicValue for idPost
2024-04-29T22:02:17.172-04:00 DEBUG 7412 --- [redsocial] [           main] org.hibernate.mapping.BasicValue         : Skipping column re-registration: post.idpost
2024-04-29T22:02:17.172-04:00 DEBUG 7412 --- [redsocial] [           main] o.h.boot.model.internal.PropertyBinder   : Building property idPost
2024-04-29T22:02:17.172-04:00 DEBUG 7412 --- [redsocial] [           main] o.h.boot.model.internal.BinderHelper     : #makeIdGenerator(BasicValue([Column(idpost)]), idPost, identity, , ...)
2024-04-29T22:02:17.172-04:00 DEBUG 7412 --- [redsocial] [           main] o.h.boot.model.internal.AnnotatedColumn  : Binding column: AnnotatedColumn(column='DATEPOST')
2024-04-29T22:02:17.172-04:00 DEBUG 7412 --- [redsocial] [           main] o.h.boot.model.internal.PropertyBinder   : MetadataSourceProcessor property datePost with lazy=false
2024-04-29T22:02:17.172-04:00 DEBUG 7412 --- [redsocial] [           main] o.h.b.m.internal.AbstractPropertyHolder  : Attempting to locate auto-apply AttributeConverter for property [com.example.redsocial.model.Post:datePost]
2024-04-29T22:02:17.172-04:00 DEBUG 7412 --- [redsocial] [           main] o.h.b.model.internal.BasicValueBinder    : building BasicValue for datePost
2024-04-29T22:02:17.172-04:00 DEBUG 7412 --- [redsocial] [           main] org.hibernate.mapping.BasicValue         : Skipping column re-registration: post.datepost
2024-04-29T22:02:17.172-04:00 DEBUG 7412 --- [redsocial] [           main] o.h.boot.model.internal.PropertyBinder   : Building property datePost
2024-04-29T22:02:17.172-04:00 DEBUG 7412 --- [redsocial] [           main] o.h.boot.model.internal.AnnotatedColumn  : Binding column: AnnotatedColumn(column='TEXTPOST')
2024-04-29T22:02:17.173-04:00 DEBUG 7412 --- [redsocial] [           main] o.h.boot.model.internal.PropertyBinder   : MetadataSourceProcessor property textPost with lazy=false
2024-04-29T22:02:17.173-04:00 DEBUG 7412 --- [redsocial] [           main] o.h.b.m.internal.AbstractPropertyHolder  : Attempting to locate auto-apply AttributeConverter for property [com.example.redsocial.model.Post:textPost]
2024-04-29T22:02:17.173-04:00 DEBUG 7412 --- [redsocial] [           main] o.h.b.model.internal.BasicValueBinder    : building BasicValue for textPost
2024-04-29T22:02:17.173-04:00 DEBUG 7412 --- [redsocial] [           main] org.hibernate.mapping.BasicValue         : Skipping column re-registration: post.textpost
2024-04-29T22:02:17.173-04:00 DEBUG 7412 --- [redsocial] [           main] o.h.boot.model.internal.PropertyBinder   : Building property textPost
2024-04-29T22:02:17.173-04:00 DEBUG 7412 --- [redsocial] [           main] o.h.boot.model.internal.AnnotatedColumn  : Binding column: AnnotatedColumn(column='USERPOST')
2024-04-29T22:02:17.173-04:00 DEBUG 7412 --- [redsocial] [           main] o.h.boot.model.internal.PropertyBinder   : MetadataSourceProcessor property userPost with lazy=false
2024-04-29T22:02:17.173-04:00 DEBUG 7412 --- [redsocial] [           main] o.h.b.m.internal.AbstractPropertyHolder  : Attempting to locate auto-apply AttributeConverter for property [com.example.redsocial.model.Post:userPost]
2024-04-29T22:02:17.173-04:00 DEBUG 7412 --- [redsocial] [           main] o.h.b.model.internal.BasicValueBinder    : building BasicValue for userPost
2024-04-29T22:02:17.173-04:00 DEBUG 7412 --- [redsocial] [           main] org.hibernate.mapping.BasicValue         : Skipping column re-registration: post.userpost
2024-04-29T22:02:17.174-04:00 DEBUG 7412 --- [redsocial] [           main] o.h.boot.model.internal.PropertyBinder   : Building property userPost
2024-04-29T22:02:17.175-04:00 DEBUG 7412 --- [redsocial] [           main] o.h.b.r.c.i.ClassLoaderServiceImpl       : HHH000194: Package not found or wo package-info.java: com.example.redsocial.model
2024-04-29T22:02:17.176-04:00 DEBUG 7412 --- [redsocial] [           main] o.h.boot.model.internal.EntityBinder     : Binding entity from annotated class: com.example.redsocial.model.Reaction
2024-04-29T22:02:17.176-04:00 DEBUG 7412 --- [redsocial] [           main] o.h.boot.model.internal.EntityBinder     : Import with entity name Reaction
2024-04-29T22:02:17.176-04:00 DEBUG 7412 --- [redsocial] [           main] o.h.boot.model.internal.EntityBinder     : Bind entity com.example.redsocial.model.Reaction on table reaction
2024-04-29T22:02:17.177-04:00 DEBUG 7412 --- [redsocial] [           main] o.h.boot.model.internal.AnnotatedColumn  : Binding column: AnnotatedDiscriminatorColumn(column='DTYPE')
2024-04-29T22:02:17.178-04:00 DEBUG 7412 --- [redsocial] [           main] o.h.boot.model.internal.AnnotatedColumn  : Binding column: AnnotatedColumn(column='IDREACTION')
2024-04-29T22:02:17.178-04:00 DEBUG 7412 --- [redsocial] [           main] o.h.boot.internal.ClassLoaderAccessImpl  : Not known whether passed class name [com.example.redsocial.model.Reaction] is safe
2024-04-29T22:02:17.178-04:00 DEBUG 7412 --- [redsocial] [           main] o.h.boot.internal.ClassLoaderAccessImpl  : No temp ClassLoader provided; using live ClassLoader for loading potentially unsafe class : com.example.redsocial.model.Reaction
2024-04-29T22:02:17.178-04:00 DEBUG 7412 --- [redsocial] [           main] o.h.boot.model.internal.PropertyBinder   : MetadataSourceProcessor property idReaction with lazy=false
2024-04-29T22:02:17.178-04:00 DEBUG 7412 --- [redsocial] [           main] o.h.b.m.internal.AbstractPropertyHolder  : Attempting to locate auto-apply AttributeConverter for property [com.example.redsocial.model.Reaction:idReaction]
[...]

   PulsarAutoConfiguration:
      Did not match:
         - @ConditionalOnClass did not find required class 'org.apache.pulsar.client.api.PulsarClient' (OnClassCondition)

   PulsarReactiveAutoConfiguration:
      Did not match:
         - @ConditionalOnClass did not find required class 'org.apache.pulsar.client.api.PulsarClient' (OnClassCondition)

   QuartzAutoConfiguration:
      Did not match:
         - @ConditionalOnClass did not find required class 'org.quartz.Scheduler' (OnClassCondition)

   R2dbcAutoConfiguration:
      Did not match:
         - @ConditionalOnClass did not find required class 'io.r2dbc.spi.ConnectionFactory' (OnClassCondition)

   R2dbcDataAutoConfiguration:
      Did not match:
         - @ConditionalOnClass did not find required class 'org.springframework.data.r2dbc.core.R2dbcEntityTemplate' (OnClassCondition)

   R2dbcInitializationConfiguration:
      Did not match:
         - @ConditionalOnClass did not find required classes 'io.r2dbc.spi.ConnectionFactory', 'org.springframework.r2dbc.connection.init.DatabasePopulator' (OnClassCondition)

   R2dbcRepositoriesAutoConfiguration:
      Did not match:
         - @ConditionalOnClass did not find required class 'io.r2dbc.spi.ConnectionFactory' (OnClassCondition)

   R2dbcTransactionManagerAutoConfiguration:
      Did not match:
         - @ConditionalOnClass did not find required class 'org.springframework.r2dbc.connection.R2dbcTransactionManager' (OnClassCondition)

   RSocketGraphQlClientAutoConfiguration:
      Did not match:
         - @ConditionalOnClass did not find required class 'graphql.GraphQL' (OnClassCondition)

   RSocketMessagingAutoConfiguration:
      Did not match:
         - @ConditionalOnClass did not find required class 'io.rsocket.RSocket' (OnClassCondition)

   RSocketRequesterAutoConfiguration:
      Did not match:
         - @ConditionalOnClass did not find required class 'io.rsocket.RSocket' (OnClassCondition)

   RSocketSecurityAutoConfiguration:
      Did not match:
         - @ConditionalOnClass did not find required class 'org.springframework.security.rsocket.core.SecuritySocketAcceptorInterceptor' (OnClassCondition)

   RSocketServerAutoConfiguration:
      Did not match:
         - @ConditionalOnClass did not find required class 'io.rsocket.core.RSocketServer' (OnClassCondition)

   RSocketStrategiesAutoConfiguration:
      Did not match:
         - @ConditionalOnClass did not find required class 'io.netty.buffer.PooledByteBufAllocator' (OnClassCondition)

   RabbitAutoConfiguration:
      Did not match:
         - @ConditionalOnClass did not find required class 'com.rabbitmq.client.Channel' (OnClassCondition)

   ReactiveElasticsearchClientAutoConfiguration:
      Did not match:
         - @ConditionalOnClass did not find required class 'co.elastic.clients.transport.ElasticsearchTransport' (OnClassCondition)

   ReactiveElasticsearchRepositoriesAutoConfiguration:
      Did not match:
         - @ConditionalOnClass did not find required class 'org.springframework.data.elasticsearch.client.elc.ReactiveElasticsearchClient' (OnClassCondition)

   ReactiveMultipartAutoConfiguration:
      Did not match:
         - @ConditionalOnClass did not find required class 'org.springframework.web.reactive.config.WebFluxConfigurer' (OnClassCondition)

   ReactiveOAuth2ClientAutoConfiguration:
      Did not match:
         - @ConditionalOnClass did not find required class 'reactor.core.publisher.Flux' (OnClassCondition)

   ReactiveOAuth2ResourceServerAutoConfiguration:
      Did not match:
         - @ConditionalOnClass did not find required class 'org.springframework.security.config.annotation.web.reactive.EnableWebFluxSecurity' (OnClassCondition)

   ReactiveSecurityAutoConfiguration:
      Did not match:
         - @ConditionalOnClass did not find required class 'reactor.core.publisher.Flux' (OnClassCondition)

   ReactiveUserDetailsServiceAutoConfiguration:
      Did not match:
         - @ConditionalOnClass did not find required class 'org.springframework.security.authentication.ReactiveAuthenticationManager' (OnClassCondition)

   ReactiveWebServerFactoryAutoConfiguration:
      Did not match:
         - @ConditionalOnWebApplication did not find reactive web application classes (OnWebApplicationCondition)

   ReactorAutoConfiguration:
      Did not match:
         - @ConditionalOnClass did not find required class 'reactor.core.publisher.Hooks' (OnClassCondition)

   RedisAutoConfiguration:
      Did not match:
         - @ConditionalOnClass did not find required class 'org.springframework.data.redis.core.RedisOperations' (OnClassCondition)

   RedisCacheConfiguration:
      Did not match:
         - @ConditionalOnClass did not find required class 'org.springframework.data.redis.connection.RedisConnectionFactory' (OnClassCondition)

   RedisReactiveAutoConfiguration:
      Did not match:
         - @ConditionalOnClass did not find required class 'reactor.core.publisher.Flux' (OnClassCondition)

   RedisRepositoriesAutoConfiguration:
      Did not match:
         - @ConditionalOnClass did not find required class 'org.springframework.data.redis.repository.configuration.EnableRedisRepositories' (OnClassCondition)

   RemoteDevToolsAutoConfiguration:
      Did not match:
         - @ConditionalOnProperty (spring.devtools.remote.secret) did not find property 'secret' (OnPropertyCondition)
      Matched:
         - @ConditionalOnClass found required classes 'jakarta.servlet.Filter', 'org.springframework.http.server.ServerHttpRequest' (OnClassCondition)

   RepositoryRestMvcAutoConfiguration:
      Did not match:
         - @ConditionalOnClass did not find required class 'org.springframework.data.rest.webmvc.config.RepositoryRestMvcConfiguration' (OnClassCondition)

   Saml2RelyingPartyAutoConfiguration:
      Did not match:
         - @ConditionalOnClass did not find required class 'org.springframework.security.saml2.provider.service.registration.RelyingPartyRegistrationRepository' (OnClassCondition)

   SecurityAutoConfiguration:
      Did not match:
         - @ConditionalOnClass did not find required class 'org.springframework.security.authentication.DefaultAuthenticationEventPublisher' (OnClassCondition)

   SecurityFilterAutoConfiguration:
      Did not match:
         - @ConditionalOnClass did not find required class 'org.springframework.security.config.http.SessionCreationPolicy' (OnClassCondition)

   SendGridAutoConfiguration:
      Did not match:
         - @ConditionalOnClass did not find required class 'com.sendgrid.SendGrid' (OnClassCondition)

   ServletWebServerFactoryAutoConfiguration.ForwardedHeaderFilterConfiguration:
      Did not match:
         - @ConditionalOnProperty (server.forward-headers-strategy=framework) did not find property 'server.forward-headers-strategy' (OnPropertyCondition)

   ServletWebServerFactoryConfiguration.EmbeddedJetty:
      Did not match:
         - @ConditionalOnClass did not find required classes 'org.eclipse.jetty.server.Server', 'org.eclipse.jetty.util.Loader', 'org.eclipse.jetty.ee10.webapp.WebAppContext' (OnClassCondition)

   ServletWebServerFactoryConfiguration.EmbeddedUndertow:
      Did not match:
         - @ConditionalOnClass did not find required classes 'io.undertow.Undertow', 'org.xnio.SslClientAuthMode' (OnClassCondition)

   SessionAutoConfiguration:
      Did not match:
         - @ConditionalOnClass did not find required class 'org.springframework.session.Session' (OnClassCondition)

   SpringApplicationAdminJmxAutoConfiguration:
      Did not match:
         - @ConditionalOnProperty (spring.application.admin.enabled=true) did not find property 'enabled' (OnPropertyCondition)

   TaskExecutorConfigurations.SimpleAsyncTaskExecutorBuilderConfiguration#simpleAsyncTaskExecutorBuilderVirtualThreads:
      Did not match:
         - @ConditionalOnMissingBean (types: org.springframework.boot.task.SimpleAsyncTaskExecutorBuilder; SearchStrategy: all) found beans of type 'org.springframework.boot.task.SimpleAsyncTaskExecutorBuilder' simpleAsyncTaskExecutorBuilder (OnBeanCondition)

   TaskExecutorConfigurations.TaskExecutorConfiguration#applicationTaskExecutorVirtualThreads:
      Did not match:
         - @ConditionalOnThreading did not find VIRTUAL (OnThreadingCondition)

   TaskSchedulingAutoConfiguration#scheduledBeanLazyInitializationExcludeFilter:
      Did not match:
         - @ConditionalOnBean (names: org.springframework.context.annotation.internalScheduledAnnotationProcessor; SearchStrategy: all) did not find any beans named org.springframework.context.annotation.internalScheduledAnnotationProcessor (OnBeanCondition)

   TaskSchedulingConfigurations.SimpleAsyncTaskSchedulerBuilderConfiguration#simpleAsyncTaskSchedulerBuilderVirtualThreads:
      Did not match:
         - @ConditionalOnMissingBean (types: org.springframework.boot.task.SimpleAsyncTaskSchedulerBuilder; SearchStrategy: all) found beans of type 'org.springframework.boot.task.SimpleAsyncTaskSchedulerBuilder' simpleAsyncTaskSchedulerBuilder (OnBeanCondition)

   TaskSchedulingConfigurations.TaskSchedulerConfiguration:
      Did not match:
         - @ConditionalOnBean (names: org.springframework.context.annotation.internalScheduledAnnotationProcessor; SearchStrategy: all) did not find any beans named org.springframework.context.annotation.internalScheduledAnnotationProcessor (OnBeanCondition)

   ThymeleafAutoConfiguration:
      Did not match:
         - @ConditionalOnClass did not find required class 'org.thymeleaf.spring6.SpringTemplateEngine' (OnClassCondition)

   TransactionAutoConfiguration#transactionalOperator:
      Did not match:
         - @ConditionalOnSingleCandidate (types: org.springframework.transaction.ReactiveTransactionManager; SearchStrategy: all) did not find any beans (OnBeanCondition)

   TransactionAutoConfiguration.AspectJTransactionManagementConfiguration:
      Did not match:
         - @ConditionalOnBean (types: org.springframework.transaction.aspectj.AbstractTransactionAspect; SearchStrategy: all) did not find any beans of type org.springframework.transaction.aspectj.AbstractTransactionAspect (OnBeanCondition)

   TransactionAutoConfiguration.EnableTransactionManagementConfiguration.JdkDynamicAutoProxyConfiguration:
      Did not match:
         - @ConditionalOnProperty (spring.aop.proxy-target-class=false) did not find property 'proxy-target-class' (OnPropertyCondition)

   UserDetailsServiceAutoConfiguration:
      Did not match:
         - @ConditionalOnClass did not find required class 'org.springframework.security.authentication.AuthenticationManager' (OnClassCondition)

   WebClientAutoConfiguration:
      Did not match:
         - @ConditionalOnClass did not find required class 'org.springframework.web.reactive.function.client.WebClient' (OnClassCondition)

   WebFluxAutoConfiguration:
      Did not match:
         - @ConditionalOnClass did not find required class 'org.springframework.web.reactive.config.WebFluxConfigurer' (OnClassCondition)

   WebMvcAutoConfiguration#hiddenHttpMethodFilter:
      Did not match:
         - @ConditionalOnProperty (spring.mvc.hiddenmethod.filter.enabled) did not find property 'enabled' (OnPropertyCondition)

   WebMvcAutoConfiguration.ProblemDetailsErrorHandlingConfiguration:
      Did not match:
         - @ConditionalOnProperty (spring.mvc.problemdetails.enabled=true) did not find property 'enabled' (OnPropertyCondition)

   WebMvcAutoConfiguration.ResourceChainCustomizerConfiguration:
      Did not match:
         - @ConditionalOnEnabledResourceChain did not find class org.webjars.WebJarAssetLocator (OnEnabledResourceChainCondition)

   WebMvcAutoConfiguration.WebMvcAutoConfigurationAdapter#beanNameViewResolver:
      Did not match:
         - @ConditionalOnMissingBean (types: org.springframework.web.servlet.view.BeanNameViewResolver; SearchStrategy: all) found beans of type 'org.springframework.web.servlet.view.BeanNameViewResolver' beanNameViewResolver (OnBeanCondition)

   WebServiceTemplateAutoConfiguration:
      Did not match:
         - @ConditionalOnClass did not find required class 'org.springframework.oxm.Marshaller' (OnClassCondition)

   WebServicesAutoConfiguration:
      Did not match:
         - @ConditionalOnClass did not find required class 'org.springframework.ws.transport.http.MessageDispatcherServlet' (OnClassCondition)

   WebSessionIdResolverAutoConfiguration:
      Did not match:
         - @ConditionalOnClass did not find required class 'reactor.core.publisher.Mono' (OnClassCondition)

   WebSocketMessagingAutoConfiguration:
      Did not match:
         - @ConditionalOnClass did not find required class 'org.springframework.web.socket.config.annotation.WebSocketMessageBrokerConfigurer' (OnClassCondition)

   WebSocketReactiveAutoConfiguration:
      Did not match:
         - @ConditionalOnWebApplication did not find reactive web application classes (OnWebApplicationCondition)

   WebSocketServletAutoConfiguration.JettyWebSocketConfiguration:
      Did not match:
         - @ConditionalOnClass did not find required class 'org.eclipse.jetty.ee10.websocket.jakarta.server.config.JakartaWebSocketServletContainerInitializer' (OnClassCondition)

   WebSocketServletAutoConfiguration.UndertowWebSocketConfiguration:
      Did not match:
         - @ConditionalOnClass did not find required class 'io.undertow.websockets.jsr.Bootstrap' (OnClassCondition)

   XADataSourceAutoConfiguration:
      Did not match:
         - @ConditionalOnBean (types: org.springframework.boot.jdbc.XADataSourceWrapper; SearchStrategy: all) did not find any beans of type org.springframework.boot.jdbc.XADataSourceWrapper (OnBeanCondition)
      Matched:
         - @ConditionalOnClass found required classes 'javax.sql.DataSource', 'jakarta.transaction.TransactionManager', 'org.springframework.jdbc.datasource.embedded.EmbeddedDatabaseType' (OnClassCondition)


Exclusions:
-----------

    None


Unconditional classes:
----------------------

    org.springframework.boot.autoconfigure.context.ConfigurationPropertiesAutoConfiguration

    org.springframework.boot.autoconfigure.ssl.SslAutoConfiguration

    org.springframework.boot.autoconfigure.context.LifecycleAutoConfiguration

    org.springframework.boot.autoconfigure.context.PropertyPlaceholderAutoConfiguration

    org.springframework.boot.autoconfigure.availability.ApplicationAvailabilityAutoConfiguration

    org.springframework.boot.autoconfigure.info.ProjectInfoAutoConfiguration



2024-04-29T22:02:19.206-04:00  INFO 7412 --- [redsocial] [           main] c.e.redsocial.RedsocialApplicationTests  : Started RedsocialApplicationTests in 5.835 seconds (process running for 14.284)
2024-04-29T22:02:19.208-04:00 DEBUG 7412 --- [redsocial] [           main] o.s.b.a.ApplicationAvailabilityBean      : Application availability state LivenessState changed to CORRECT
2024-04-29T22:02:19.209-04:00 DEBUG 7412 --- [redsocial] [           main] o.s.b.a.ApplicationAvailabilityBean      : Application availability state ReadinessState changed to ACCEPTING_TRAFFIC
2024-04-29T22:02:19.209-04:00 DEBUG 7412 --- [redsocial] [           main] org.springframework.test.context.cache   : Spring test ApplicationContext cache statistics: [DefaultContextCache@adafe19 size = 2, maxSize = 32, parentContextCount = 0, hitCount = 24, missCount = 2, failureCount = 0]
2024-04-29T22:02:19.209-04:00 DEBUG 7412 --- [redsocial] [           main] o.s.t.c.w.ServletTestExecutionListener   : Setting up MockHttpServletRequest, MockHttpServletResponse, ServletWebRequest, and RequestContextHolder for test class com.example.redsocial.RedsocialApplicationTests
2024-04-29T22:02:19.210-04:00 DEBUG 7412 --- [redsocial] [           main] DependencyInjectionTestExecutionListener : Performing dependency injection for test class com.example.redsocial.RedsocialApplicationTests
2024-04-29T22:02:19.210-04:00 DEBUG 7412 --- [redsocial] [           main] org.springframework.test.context.cache   : Spring test ApplicationContext cache statistics: [DefaultContextCache@adafe19 size = 2, maxSize = 32, parentContextCount = 0, hitCount = 25, missCount = 2, failureCount = 0]
2024-04-29T22:02:19.211-04:00 DEBUG 7412 --- [redsocial] [           main] org.springframework.test.context.cache   : Spring test ApplicationContext cache statistics: [DefaultContextCache@adafe19 size = 2, maxSize = 32, parentContextCount = 0, hitCount = 26, missCount = 2, failureCount = 0]
2024-04-29T22:02:19.212-04:00 DEBUG 7412 --- [redsocial] [           main] sContextBeforeModesTestExecutionListener : Before test method: class [RedsocialApplicationTests], method [contextLoads], class annotated with @DirtiesContext [false] with mode [null], method annotated with @DirtiesContext [false] with mode [null]
2024-04-29T22:02:19.213-04:00 DEBUG 7412 --- [redsocial] [           main] org.springframework.test.context.cache   : Spring test ApplicationContext cache statistics: [DefaultContextCache@adafe19 size = 2, maxSize = 32, parentContextCount = 0, hitCount = 27, missCount = 2, failureCount = 0]
2024-04-29T22:02:19.213-04:00 DEBUG 7412 --- [redsocial] [           main] org.springframework.test.context.cache   : Spring test ApplicationContext cache statistics: [DefaultContextCache@adafe19 size = 2, maxSize = 32, parentContextCount = 0, hitCount = 28, missCount = 2, failureCount = 0]
2024-04-29T22:02:19.215-04:00 DEBUG 7412 --- [redsocial] [           main] org.springframework.test.context.cache   : Spring test ApplicationContext cache statistics: [DefaultContextCache@adafe19 size = 2, maxSize = 32, parentContextCount = 0, hitCount = 29, missCount = 2, failureCount = 0]
2024-04-29T22:02:19.216-04:00 DEBUG 7412 --- [redsocial] [           main] org.springframework.test.context.cache   : Spring test ApplicationContext cache statistics: [DefaultContextCache@adafe19 size = 2, maxSize = 32, parentContextCount = 0, hitCount = 30, missCount = 2, failureCount = 0]
2024-04-29T22:02:19.217-04:00 DEBUG 7412 --- [redsocial] [           main] org.springframework.test.context.cache   : Spring test ApplicationContext cache statistics: [DefaultContextCache@adafe19 size = 2, maxSize = 32, parentContextCount = 0, hitCount = 31, missCount = 2, failureCount = 0]
2024-04-29T22:02:19.217-04:00 DEBUG 7412 --- [redsocial] [           main] org.springframework.test.context.cache   : Spring test ApplicationContext cache statistics: [DefaultContextCache@adafe19 size = 2, maxSize = 32, parentContextCount = 0, hitCount = 32, missCount = 2, failureCount = 0]
2024-04-29T22:02:19.217-04:00 DEBUG 7412 --- [redsocial] [           main] org.springframework.test.context.cache   : Spring test ApplicationContext cache statistics: [DefaultContextCache@adafe19 size = 2, maxSize = 32, parentContextCount = 0, hitCount = 33, missCount = 2, failureCount = 0]
2024-04-29T22:02:19.217-04:00 DEBUG 7412 --- [redsocial] [           main] org.springframework.test.context.cache   : Spring test ApplicationContext cache statistics: [DefaultContextCache@adafe19 size = 2, maxSize = 32, parentContextCount = 0, hitCount = 34, missCount = 2, failureCount = 0]
2024-04-29T22:02:19.218-04:00 DEBUG 7412 --- [redsocial] [           main] org.springframework.test.context.cache   : Spring test ApplicationContext cache statistics: [DefaultContextCache@adafe19 size = 2, maxSize = 32, parentContextCount = 0, hitCount = 35, missCount = 2, failureCount = 0]
2024-04-29T22:02:19.219-04:00 DEBUG 7412 --- [redsocial] [           main] .c.s.DirtiesContextTestExecutionListener : After test method: class [RedsocialApplicationTests], method [contextLoads], class annotated with @DirtiesContext [false] with mode [null], method annotated with @DirtiesContext [false] with mode [null]
2024-04-29T22:02:19.219-04:00 DEBUG 7412 --- [redsocial] [           main] o.s.t.c.w.ServletTestExecutionListener   : Resetting RequestContextHolder for test class com.example.redsocial.RedsocialApplicationTests
]]></system-out>
  </testcase>
</testsuite>