<?xml version="1.0" encoding="UTF-8"?>
<testsuite xmlns:xsi="http://www.w3.org/2001/XMLSchema-instance" xsi:noNamespaceSchemaLocation="https://maven.apache.org/surefire/maven-surefire-plugin/xsd/surefire-test-report-3.0.xsd" version="3.0" name="com.example.redsocial.RedsocialApplicationTests" time="8.519" tests="1" errors="0" skipped="0" failures="0">
  <properties>
[...]
</properties>
  <testcase name="contextLoads" classname="com.example.redsocial.RedsocialApplicationTests" time="0.67">
    <system-out><![CDATA[10:15:01.441 [main] INFO org.springframework.test.context.support.AnnotationConfigContextLoaderUtils -- Could not detect default configuration classes for test class [com.example.redsocial.RedsocialApplicationTests]: RedsocialApplicationTests does not declare any static, non-private, non-final, nested classes annotated with @Configuration.
10:15:01.566 [main] INFO org.springframework.boot.test.context.SpringBootTestContextBootstrapper -- Found @SpringBootConfiguration com.example.redsocial.RedsocialApplication for test class com.example.redsocial.RedsocialApplicationTests
10:15:01.809 [main] INFO org.springframework.boot.devtools.restart.RestartApplicationListener -- Restart disabled due to context in which it is running

  .   ____          _            __ _ _
 /\\ / ___'_ __ _ _(_)_ __  __ _ \ \ \ \
( ( )\___ | '_ | '_| | '_ \/ _` | \ \ \ \
 \\/  ___)| |_)| | | | | || (_| |  ) ) ) )
  '  |____| .__|_| |_|_| |_\__, | / / / /
 =========|_|==============|___/=/_/_/_/
 :: Spring Boot ::                (v3.2.5)

2024-04-29T10:15:02.137-04:00  INFO 22164 --- [redsocial] [           main] c.e.redsocial.RedsocialApplicationTests  : Starting RedsocialApplicationTests using Java 21.0.2 with PID 22164 (started by kotes in C:\Users\kotes\Desktop\RedSocial\redsocial)
2024-04-29T10:15:02.137-04:00  INFO 22164 --- [redsocial] [           main] c.e.redsocial.RedsocialApplicationTests  : No active profile set, falling back to 1 default profile: "default"
2024-04-29T10:15:02.137-04:00 DEBUG 22164 --- [redsocial] [           main] o.s.boot.SpringApplication               : Loading source class com.example.redsocial.RedsocialApplication
2024-04-29T10:15:02.177-04:00 DEBUG 22164 --- [redsocial] [           main] o.s.w.c.s.GenericWebApplicationContext   : Refreshing org.springframework.web.context.support.GenericWebApplicationContext@58dea0a5
2024-04-29T10:15:02.203-04:00 DEBUG 22164 --- [redsocial] [           main] o.s.b.f.s.DefaultListableBeanFactory     : Creating shared instance of singleton bean 'org.springframework.context.annotation.internalConfigurationAnnotationProcessor'
2024-04-29T10:15:02.212-04:00 DEBUG 22164 --- [redsocial] [           main] o.s.b.f.s.DefaultListableBeanFactory     : Creating shared instance of singleton bean 'org.springframework.boot.autoconfigure.internalCachingMetadataReaderFactory'
2024-04-29T10:15:02.280-04:00 DEBUG 22164 --- [redsocial] [           main] o.s.c.a.ClassPathBeanDefinitionScanner   : Identified candidate component class: file [C:\Users\kotes\Desktop\RedSocial\redsocial\target\classes\com\example\redsocial\controller\PostController.class]
2024-04-29T10:15:02.280-04:00 DEBUG 22164 --- [redsocial] [           main] o.s.c.a.ClassPathBeanDefinitionScanner   : Ignored because not a concrete top-level class: file [C:\Users\kotes\Desktop\RedSocial\redsocial\target\classes\com\example\redsocial\repository\CommentRepository.class]
2024-04-29T10:15:02.280-04:00 DEBUG 22164 --- [redsocial] [           main] o.s.c.a.ClassPathBeanDefinitionScanner   : Ignored because not a concrete top-level class: file [C:\Users\kotes\Desktop\RedSocial\redsocial\target\classes\com\example\redsocial\repository\PostRepository.class]
2024-04-29T10:15:02.280-04:00 DEBUG 22164 --- [redsocial] [           main] o.s.c.a.ClassPathBeanDefinitionScanner   : Ignored because not a concrete top-level class: file [C:\Users\kotes\Desktop\RedSocial\redsocial\target\classes\com\example\redsocial\repository\ReactionRepository.class]
2024-04-29T10:15:02.280-04:00 DEBUG 22164 --- [redsocial] [           main] o.s.c.a.ClassPathBeanDefinitionScanner   : Identified candidate component class: file [C:\Users\kotes\Desktop\RedSocial\redsocial\target\classes\com\example\redsocial\service\CommentServiceImp.class]
2024-04-29T10:15:02.290-04:00 DEBUG 22164 --- [redsocial] [           main] o.s.c.a.ClassPathBeanDefinitionScanner   : Identified candidate component class: file [C:\Users\kotes\Desktop\RedSocial\redsocial\target\classes\com\example\redsocial\service\PostServiceImp.class]
2024-04-29T10:15:02.292-04:00 DEBUG 22164 --- [redsocial] [           main] o.s.c.a.ClassPathBeanDefinitionScanner   : Identified candidate component class: file [C:\Users\kotes\Desktop\RedSocial\redsocial\target\classes\com\example\redsocial\service\ReactionServiceImp.class]
2024-04-29T10:15:03.110-04:00  INFO 22164 --- [redsocial] [           main] .s.d.r.c.RepositoryConfigurationDelegate : Bootstrapping Spring Data JPA repositories in DEFAULT mode.
2024-04-29T10:15:03.117-04:00 DEBUG 22164 --- [redsocial] [           main] o.s.b.f.s.DefaultListableBeanFactory     : Creating shared instance of singleton bean 'org.springframework.boot.autoconfigure.AutoConfigurationPackages'
2024-04-29T10:15:03.131-04:00 DEBUG 22164 --- [redsocial] [           main] o.s.b.a.AutoConfigurationPackages        : @EnableAutoConfiguration was declared on a class in the package 'com.example.redsocial'. Automatic @Repository and @Entity scanning is enabled.
2024-04-29T10:15:03.135-04:00 DEBUG 22164 --- [redsocial] [           main] .s.d.r.c.RepositoryConfigurationDelegate : Scanning for JPA repositories in packages com.example.redsocial.
2024-04-29T10:15:03.137-04:00 DEBUG 22164 --- [redsocial] [           main] o.s.d.r.c.RepositoryComponentProvider    : Identified candidate component class: file [C:\Users\kotes\Desktop\RedSocial\redsocial\target\classes\com\example\redsocial\repository\CommentRepository.class]
2024-04-29T10:15:03.137-04:00 DEBUG 22164 --- [redsocial] [           main] o.s.d.r.c.RepositoryComponentProvider    : Identified candidate component class: file [C:\Users\kotes\Desktop\RedSocial\redsocial\target\classes\com\example\redsocial\repository\PostRepository.class]
2024-04-29T10:15:03.147-04:00 DEBUG 22164 --- [redsocial] [           main] o.s.d.r.c.RepositoryComponentProvider    : Identified candidate component class: file [C:\Users\kotes\Desktop\RedSocial\redsocial\target\classes\com\example\redsocial\repository\ReactionRepository.class]
2024-04-29T10:15:03.201-04:00  INFO 22164 --- [redsocial] [           main] .s.d.r.c.RepositoryConfigurationDelegate : Finished Spring Data repository scanning in 65 ms. Found 3 JPA repository interfaces.
2024-04-29T10:15:03.415-04:00 DEBUG 22164 --- [redsocial] [           main] o.s.b.f.s.DefaultListableBeanFactory     : Creating shared instance of singleton bean 'propertySourcesPlaceholderConfigurer'
2024-04-29T10:15:03.415-04:00 DEBUG 22164 --- [redsocial] [           main] o.s.b.f.s.DefaultListableBeanFactory     : Creating shared instance of singleton bean 'org.springframework.boot.test.mock.mockito.MockitoPostProcessor'
2024-04-29T10:15:03.415-04:00 DEBUG 22164 --- [redsocial] [           main] o.s.b.f.s.DefaultListableBeanFactory     : Creating shared instance of singleton bean 'emBeanDefinitionRegistrarPostProcessor'
2024-04-29T10:15:03.415-04:00 DEBUG 22164 --- [redsocial] [           main] o.s.b.f.s.DefaultListableBeanFactory     : Creating shared instance of singleton bean 'org.springframework.boot.sql.init.dependency.DatabaseInitializationDependencyConfigurer$DependsOnDatabaseInitializationPostProcessor'
2024-04-29T10:15:03.468-04:00 DEBUG 22164 --- [redsocial] [           main] o.s.b.f.s.DefaultListableBeanFactory     : Creating shared instance of singleton bean 'org.springframework.context.event.internalEventListenerProcessor'
2024-04-29T10:15:03.468-04:00 DEBUG 22164 --- [redsocial] [           main] o.s.b.f.s.DefaultListableBeanFactory     : Creating shared instance of singleton bean 'preserveErrorControllerTargetClassPostProcessor'
2024-04-29T10:15:03.473-04:00 DEBUG 22164 --- [redsocial] [           main] o.s.b.f.s.DefaultListableBeanFactory     : Creating shared instance of singleton bean 'org.springframework.context.event.internalEventListenerFactory'
2024-04-29T10:15:03.473-04:00 DEBUG 22164 --- [redsocial] [           main] o.s.b.f.s.DefaultListableBeanFactory     : Creating shared instance of singleton bean 'org.springframework.transaction.config.internalTransactionalEventListenerFactory'
2024-04-29T10:15:03.478-04:00 DEBUG 22164 --- [redsocial] [           main] o.s.b.f.s.DefaultListableBeanFactory     : Creating shared instance of singleton bean 'org.springframework.boot.test.mock.mockito.MockitoPostProcessor$SpyPostProcessor'
2024-04-29T10:15:03.479-04:00 DEBUG 22164 --- [redsocial] [           main] o.s.b.f.s.DefaultListableBeanFactory     : Creating shared instance of singleton bean 'org.springframework.context.annotation.internalAutowiredAnnotationProcessor'
2024-04-29T10:15:03.479-04:00 DEBUG 22164 --- [redsocial] [           main] o.s.b.f.s.DefaultListableBeanFactory     : Creating shared instance of singleton bean 'org.springframework.context.annotation.internalCommonAnnotationProcessor'
2024-04-29T10:15:03.485-04:00 DEBUG 22164 --- [redsocial] [           main] o.s.b.f.s.DefaultListableBeanFactory     : Creating shared instance of singleton bean 'org.springframework.context.annotation.internalPersistenceAnnotationProcessor'
2024-04-29T10:15:03.485-04:00 DEBUG 22164 --- [redsocial] [           main] o.s.b.f.s.DefaultListableBeanFactory     : Creating shared instance of singleton bean 'org.springframework.boot.context.properties.ConfigurationPropertiesBindingPostProcessor'
2024-04-29T10:15:03.485-04:00 DEBUG 22164 --- [redsocial] [           main] o.s.b.f.s.DefaultListableBeanFactory     : Creating shared instance of singleton bean 'org.springframework.boot.context.internalConfigurationPropertiesBinder'
2024-04-29T10:15:03.488-04:00 DEBUG 22164 --- [redsocial] [           main] o.s.b.f.s.DefaultListableBeanFactory     : Creating shared instance of singleton bean 'jdbcConnectionDetailsHikariBeanPostProcessor'
2024-04-29T10:15:03.490-04:00 DEBUG 22164 --- [redsocial] [           main] o.s.b.f.s.DefaultListableBeanFactory     : Creating shared instance of singleton bean 'org.springframework.aop.config.internalAutoProxyCreator'
2024-04-29T10:15:03.511-04:00 DEBUG 22164 --- [redsocial] [           main] o.s.b.f.s.DefaultListableBeanFactory     : Creating shared instance of singleton bean 'persistenceExceptionTranslationPostProcessor'
2024-04-29T10:15:03.532-04:00 DEBUG 22164 --- [redsocial] [           main] o.s.b.f.s.DefaultListableBeanFactory     : Autowiring by type from bean name 'persistenceExceptionTranslationPostProcessor' via factory method to bean named 'environment'
2024-04-29T10:15:03.537-04:00 DEBUG 22164 --- [redsocial] [           main] o.s.b.f.s.DefaultListableBeanFactory     : Creating shared instance of singleton bean 'webServerFactoryCustomizerBeanPostProcessor'
2024-04-29T10:15:03.537-04:00 DEBUG 22164 --- [redsocial] [           main] o.s.b.f.s.DefaultListableBeanFactory     : Creating shared instance of singleton bean 'errorPageRegistrarBeanPostProcessor'
2024-04-29T10:15:03.537-04:00 DEBUG 22164 --- [redsocial] [           main] o.s.b.f.s.DefaultListableBeanFactory     : Creating shared instance of singleton bean 'projectingArgumentResolverBeanPostProcessor'
2024-04-29T10:15:03.541-04:00 DEBUG 22164 --- [redsocial] [           main] o.s.b.f.s.DefaultListableBeanFactory     : Creating shared instance of singleton bean 'org.springframework.transaction.config.internalTransactionAdvisor'
2024-04-29T10:15:03.541-04:00 DEBUG 22164 --- [redsocial] [           main] o.s.b.f.s.DefaultListableBeanFactory     : Creating shared instance of singleton bean 'org.springframework.transaction.annotation.ProxyTransactionManagementConfiguration'
2024-04-29T10:15:03.556-04:00 DEBUG 22164 --- [redsocial] [           main] o.s.b.f.s.DefaultListableBeanFactory     : Creating shared instance of singleton bean 'transactionAttributeSource'
2024-04-29T10:15:03.557-04:00 DEBUG 22164 --- [redsocial] [           main] o.s.b.f.s.DefaultListableBeanFactory     : Creating shared instance of singleton bean 'transactionInterceptor'
2024-04-29T10:15:03.557-04:00 DEBUG 22164 --- [redsocial] [           main] o.s.b.f.s.DefaultListableBeanFactory     : Autowiring by type from bean name 'transactionInterceptor' via factory method to bean named 'transactionAttributeSource'
2024-04-29T10:15:03.566-04:00 DEBUG 22164 --- [redsocial] [           main] o.s.b.f.s.DefaultListableBeanFactory     : Autowiring by type from bean name 'org.springframework.transaction.config.internalTransactionAdvisor' via factory method to bean named 'transactionAttributeSource'
2024-04-29T10:15:03.566-04:00 DEBUG 22164 --- [redsocial] [           main] o.s.b.f.s.DefaultListableBeanFactory     : Autowiring by type from bean name 'org.springframework.transaction.config.internalTransactionAdvisor' via factory method to bean named 'transactionInterceptor'
2024-04-29T10:15:03.595-04:00 DEBUG 22164 --- [redsocial] [           main] o.s.u.c.s.UiApplicationContextUtils      : Unable to locate ThemeSource with name 'themeSource': using default [org.springframework.ui.context.support.ResourceBundleThemeSource@60bb7995]
2024-04-29T10:15:03.595-04:00 DEBUG 22164 --- [redsocial] [           main] o.s.b.f.s.DefaultListableBeanFactory     : Creating shared instance of singleton bean 'dataSourceScriptDatabaseInitializer'
2024-04-29T10:15:03.595-04:00 DEBUG 22164 --- [redsocial] [           main] o.s.b.f.s.DefaultListableBeanFactory     : Creating shared instance of singleton bean 'org.springframework.boot.autoconfigure.sql.init.DataSourceInitializationConfiguration'
2024-04-29T10:15:03.601-04:00 DEBUG 22164 --- [redsocial] [           main] o.s.b.f.s.DefaultListableBeanFactory     : Creating shared instance of singleton bean 'dataSource'
2024-04-29T10:15:03.601-04:00 DEBUG 22164 --- [redsocial] [           main] o.s.b.f.s.DefaultListableBeanFactory     : Creating shared instance of singleton bean 'org.springframework.boot.autoconfigure.jdbc.DataSourceConfiguration$Hikari'
2024-04-29T10:15:03.602-04:00 DEBUG 22164 --- [redsocial] [           main] o.s.b.f.s.DefaultListableBeanFactory     : Creating shared instance of singleton bean 'spring.datasource-org.springframework.boot.autoconfigure.jdbc.DataSourceProperties'
2024-04-29T10:15:03.604-04:00 DEBUG 22164 --- [redsocial] [           main] o.s.b.f.s.DefaultListableBeanFactory     : Creating shared instance of singleton bean 'org.springframework.boot.context.properties.BoundConfigurationProperties'
2024-04-29T10:15:03.633-04:00 DEBUG 22164 --- [redsocial] [           main] o.s.b.f.s.DefaultListableBeanFactory     : Creating shared instance of singleton bean 'jdbcConnectionDetails'
2024-04-29T10:15:03.636-04:00 DEBUG 22164 --- [redsocial] [           main] o.s.b.f.s.DefaultListableBeanFactory     : Creating shared instance of singleton bean 'org.springframework.boot.autoconfigure.jdbc.DataSourceAutoConfiguration$PooledDataSourceConfiguration'
2024-04-29T10:15:03.637-04:00 DEBUG 22164 --- [redsocial] [           main] o.s.b.f.s.DefaultListableBeanFactory     : Autowiring by type from bean name 'jdbcConnectionDetails' via factory method to bean named 'spring.datasource-org.springframework.boot.autoconfigure.jdbc.DataSourceProperties'
2024-04-29T10:15:03.637-04:00 DEBUG 22164 --- [redsocial] [           main] o.s.b.f.s.DefaultListableBeanFactory     : Autowiring by type from bean name 'dataSource' via factory method to bean named 'spring.datasource-org.springframework.boot.autoconfigure.jdbc.DataSourceProperties'
2024-04-29T10:15:03.637-04:00 DEBUG 22164 --- [redsocial] [           main] o.s.b.f.s.DefaultListableBeanFactory     : Autowiring by type from bean name 'dataSource' via factory method to bean named 'jdbcConnectionDetails'
2024-04-29T10:15:03.864-04:00 DEBUG 22164 --- [redsocial] [           main] o.s.b.f.s.DefaultListableBeanFactory     : Creating shared instance of singleton bean 'spring.sql.init-org.springframework.boot.autoconfigure.sql.init.SqlInitializationProperties'
2024-04-29T10:15:03.868-04:00 DEBUG 22164 --- [redsocial] [           main] o.s.b.f.s.DefaultListableBeanFactory     : Autowiring by type from bean name 'dataSourceScriptDatabaseInitializer' via factory method to bean named 'dataSource'
2024-04-29T10:15:03.868-04:00 DEBUG 22164 --- [redsocial] [           main] o.s.b.f.s.DefaultListableBeanFactory     : Autowiring by type from bean name 'dataSourceScriptDatabaseInitializer' via factory method to bean named 'spring.sql.init-org.springframework.boot.autoconfigure.sql.init.SqlInitializationProperties'
2024-04-29T10:15:03.874-04:00 DEBUG 22164 --- [redsocial] [           main] o.s.b.f.s.DefaultListableBeanFactory     : Creating shared instance of singleton bean 'entityManagerFactory'
2024-04-29T10:15:03.874-04:00 DEBUG 22164 --- [redsocial] [           main] o.s.b.f.s.DefaultListableBeanFactory     : Creating shared instance of singleton bean 'org.springframework.boot.autoconfigure.orm.jpa.HibernateJpaConfiguration'
2024-04-29T10:15:03.876-04:00 DEBUG 22164 --- [redsocial] [           main] o.s.b.f.s.DefaultListableBeanFactory     : Creating shared instance of singleton bean 'spring.jpa-org.springframework.boot.autoconfigure.orm.jpa.JpaProperties'
2024-04-29T10:15:03.880-04:00 DEBUG 22164 --- [redsocial] [           main] o.s.b.f.s.DefaultListableBeanFactory     : Creating shared instance of singleton bean 'spring.jpa.hibernate-org.springframework.boot.autoconfigure.orm.jpa.HibernateProperties'
2024-04-29T10:15:03.883-04:00 DEBUG 22164 --- [redsocial] [           main] o.s.b.f.s.DefaultListableBeanFactory     : Autowiring by type from bean name 'org.springframework.boot.autoconfigure.orm.jpa.HibernateJpaConfiguration' via constructor to bean named 'dataSource'
2024-04-29T10:15:03.883-04:00 DEBUG 22164 --- [redsocial] [           main] o.s.b.f.s.DefaultListableBeanFactory     : Autowiring by type from bean name 'org.springframework.boot.autoconfigure.orm.jpa.HibernateJpaConfiguration' via constructor to bean named 'spring.jpa-org.springframework.boot.autoconfigure.orm.jpa.JpaProperties'
2024-04-29T10:15:03.883-04:00 DEBUG 22164 --- [redsocial] [           main] o.s.b.f.s.DefaultListableBeanFactory     : Autowiring by type from bean name 'org.springframework.boot.autoconfigure.orm.jpa.HibernateJpaConfiguration' via constructor to bean named 'org.springframework.beans.factory.support.DefaultListableBeanFactory@3088660d'
2024-04-29T10:15:03.885-04:00 DEBUG 22164 --- [redsocial] [           main] o.s.b.f.s.DefaultListableBeanFactory     : Autowiring by type from bean name 'org.springframework.boot.autoconfigure.orm.jpa.HibernateJpaConfiguration' via constructor to bean named 'spring.jpa.hibernate-org.springframework.boot.autoconfigure.orm.jpa.HibernateProperties'
2024-04-29T10:15:03.887-04:00 DEBUG 22164 --- [redsocial] [           main] o.s.b.f.s.DefaultListableBeanFactory     : Creating shared instance of singleton bean 'oracleUcpPoolDataSourceMetadataProvider'
2024-04-29T10:15:03.890-04:00 DEBUG 22164 --- [redsocial] [           main] o.s.b.f.s.DefaultListableBeanFactory     : Creating shared instance of singleton bean 'org.springframework.boot.autoconfigure.jdbc.metadata.DataSourcePoolMetadataProvidersConfiguration$OracleUcpPoolDataSourceMetadataProviderConfiguration'
2024-04-29T10:15:03.891-04:00 DEBUG 22164 --- [redsocial] [           main] o.s.b.f.s.DefaultListableBeanFactory     : Creating shared instance of singleton bean 'hikariPoolDataSourceMetadataProvider'
2024-04-29T10:15:03.891-04:00 DEBUG 22164 --- [redsocial] [           main] o.s.b.f.s.DefaultListableBeanFactory     : Creating shared instance of singleton bean 'org.springframework.boot.autoconfigure.jdbc.metadata.DataSourcePoolMetadataProvidersConfiguration$HikariPoolDataSourceMetadataProviderConfiguration'
2024-04-29T10:15:03.898-04:00 DEBUG 22164 --- [redsocial] [           main] o.s.b.f.s.DefaultListableBeanFactory     : Creating shared instance of singleton bean 'entityManagerFactoryBuilder'
2024-04-29T10:15:03.900-04:00 DEBUG 22164 --- [redsocial] [           main] o.s.b.f.s.DefaultListableBeanFactory     : Creating shared instance of singleton bean 'jpaVendorAdapter'
2024-04-29T10:15:03.907-04:00 DEBUG 22164 --- [redsocial] [           main] o.s.b.f.s.DefaultListableBeanFactory     : Autowiring by type from bean name 'entityManagerFactoryBuilder' via factory method to bean named 'jpaVendorAdapter'
2024-04-29T10:15:03.922-04:00 DEBUG 22164 --- [redsocial] [           main] o.s.b.f.s.DefaultListableBeanFactory     : Creating shared instance of singleton bean 'persistenceManagedTypes'
2024-04-29T10:15:03.922-04:00 DEBUG 22164 --- [redsocial] [           main] o.s.b.f.s.DefaultListableBeanFactory     : Autowiring by type from bean name 'persistenceManagedTypes' via factory method to bean named 'org.springframework.beans.factory.support.DefaultListableBeanFactory@3088660d'
2024-04-29T10:15:03.922-04:00 DEBUG 22164 --- [redsocial] [           main] o.s.b.f.s.DefaultListableBeanFactory     : Autowiring by type from bean name 'persistenceManagedTypes' via factory method to bean named 'org.springframework.web.context.support.GenericWebApplicationContext@58dea0a5'
2024-04-29T10:15:03.922-04:00 DEBUG 22164 --- [redsocial] [           main] o.s.b.f.s.DefaultListableBeanFactory     : Autowiring by type from bean name 'entityManagerFactory' via factory method to bean named 'entityManagerFactoryBuilder'
2024-04-29T10:15:03.922-04:00 DEBUG 22164 --- [redsocial] [           main] o.s.b.f.s.DefaultListableBeanFactory     : Autowiring by type from bean name 'entityManagerFactory' via factory method to bean named 'persistenceManagedTypes'
2024-04-29T10:15:03.962-04:00 DEBUG 22164 --- [redsocial] [           main] j.LocalContainerEntityManagerFactoryBean : Building JPA container EntityManagerFactory for persistence unit 'default'
2024-04-29T10:15:04.005-04:00 DEBUG 22164 --- [redsocial] [           main] o.hibernate.jpa.internal.util.LogHelper  : PersistenceUnitInfo [
	name: default
	persistence provider classname: null
	classloader: jdk.internal.loader.ClassLoaders$AppClassLoader@70dea4e
	excludeUnlistedClasses: true
	JTA datasource: null
	Non JTA datasource: HikariDataSource (null)
	Transaction type: RESOURCE_LOCAL
	PU root URL: file:/C:/Users/kotes/Desktop/RedSocial/redsocial/target/test-classes/
	Shared Cache Mode: UNSPECIFIED
	Validation Mode: AUTO
	Jar files URLs []
	Managed classes names [
		com.example.redsocial.model.Comment
		com.example.redsocial.model.Post
		com.example.redsocial.model.Reaction]
	Mapping files names []
	Properties []
2024-04-29T10:15:04.034-04:00 DEBUG 22164 --- [redsocial] [           main] o.h.i.internal.IntegratorServiceImpl     : Adding Integrator [org.hibernate.boot.beanvalidation.BeanValidationIntegrator].
2024-04-29T10:15:04.034-04:00 DEBUG 22164 --- [redsocial] [           main] o.h.i.internal.IntegratorServiceImpl     : Adding Integrator [org.hibernate.cache.internal.CollectionCacheInvalidator].
2024-04-29T10:15:04.096-04:00  INFO 22164 --- [redsocial] [           main] org.hibernate.Version                    : HHH000412: Hibernate ORM core version 6.4.4.Final
2024-04-29T10:15:04.096-04:00 DEBUG 22164 --- [redsocial] [           main] org.hibernate.cfg.Environment            : HHH000206: 'hibernate.properties' not found
2024-04-29T10:15:04.127-04:00 DEBUG 22164 --- [redsocial] [           main] org.hibernate.orm.idgen.factory          : Registering IdentifierGenerator strategy [uuid2] -> [org.hibernate.id.UUIDGenerator]
2024-04-29T10:15:04.128-04:00 DEBUG 22164 --- [redsocial] [           main] org.hibernate.orm.idgen.factory          : Registering IdentifierGenerator strategy [guid] -> [org.hibernate.id.GUIDGenerator]
2024-04-29T10:15:04.128-04:00 DEBUG 22164 --- [redsocial] [           main] org.hibernate.orm.idgen.factory          : Registering IdentifierGenerator strategy [uuid] -> [org.hibernate.id.UUIDHexGenerator]
2024-04-29T10:15:04.128-04:00 DEBUG 22164 --- [redsocial] [           main] org.hibernate.orm.idgen.factory          : Registering IdentifierGenerator strategy [uuid.hex] -> [org.hibernate.id.UUIDHexGenerator]
2024-04-29T10:15:04.128-04:00 DEBUG 22164 --- [redsocial] [           main] org.hibernate.orm.idgen.factory          : Registering IdentifierGenerator strategy [assigned] -> [org.hibernate.id.Assigned]
2024-04-29T10:15:04.128-04:00 DEBUG 22164 --- [redsocial] [           main] org.hibernate.orm.idgen.factory          : Registering IdentifierGenerator strategy [identity] -> [org.hibernate.id.IdentityGenerator]
2024-04-29T10:15:04.128-04:00 DEBUG 22164 --- [redsocial] [           main] org.hibernate.orm.idgen.factory          : Registering IdentifierGenerator strategy [select] -> [org.hibernate.id.SelectGenerator]
2024-04-29T10:15:04.128-04:00 DEBUG 22164 --- [redsocial] [           main] org.hibernate.orm.idgen.factory          : Registering IdentifierGenerator strategy [sequence] -> [org.hibernate.id.enhanced.SequenceStyleGenerator]
2024-04-29T10:15:04.128-04:00 DEBUG 22164 --- [redsocial] [           main] org.hibernate.orm.idgen.factory          : Registering IdentifierGenerator strategy [increment] -> [org.hibernate.id.IncrementGenerator]
2024-04-29T10:15:04.128-04:00 DEBUG 22164 --- [redsocial] [           main] org.hibernate.orm.idgen.factory          : Registering IdentifierGenerator strategy [foreign] -> [org.hibernate.id.ForeignGenerator]
2024-04-29T10:15:04.128-04:00 DEBUG 22164 --- [redsocial] [           main] org.hibernate.orm.idgen.factory          : Registering IdentifierGenerator strategy [enhanced-sequence] -> [org.hibernate.id.enhanced.SequenceStyleGenerator]
2024-04-29T10:15:04.128-04:00 DEBUG 22164 --- [redsocial] [           main] org.hibernate.orm.idgen.factory          : Registering IdentifierGenerator strategy [enhanced-table] -> [org.hibernate.id.enhanced.TableGenerator]
2024-04-29T10:15:04.128-04:00 DEBUG 22164 --- [redsocial] [           main] o.h.c.internal.RegionFactoryInitiator    : Cannot default RegionFactory based on registered strategies as `[]` RegionFactory strategies were registered
2024-04-29T10:15:04.128-04:00  INFO 22164 --- [redsocial] [           main] o.h.c.internal.RegionFactoryInitiator    : HHH000026: Second-level cache disabled
2024-04-29T10:15:04.254-04:00 DEBUG 22164 --- [redsocial] [           main] org.hibernate.type.BasicTypeRegistry     : Adding type registration boolean -> org.hibernate.type.BasicTypeReference@46394f65
2024-04-29T10:15:04.254-04:00 DEBUG 22164 --- [redsocial] [           main] org.hibernate.type.BasicTypeRegistry     : Adding type registration boolean -> org.hibernate.type.BasicTypeReference@46394f65
2024-04-29T10:15:04.254-04:00 DEBUG 22164 --- [redsocial] [           main] org.hibernate.type.BasicTypeRegistry     : Adding type registration java.lang.Boolean -> org.hibernate.type.BasicTypeReference@46394f65
2024-04-29T10:15:04.254-04:00 DEBUG 22164 --- [redsocial] [           main] org.hibernate.type.BasicTypeRegistry     : Adding type registration numeric_boolean -> org.hibernate.type.BasicTypeReference@31aab981
2024-04-29T10:15:04.254-04:00 DEBUG 22164 --- [redsocial] [           main] org.hibernate.type.BasicTypeRegistry     : Adding type registration org.hibernate.type.NumericBooleanConverter -> org.hibernate.type.BasicTypeReference@31aab981
2024-04-29T10:15:04.254-04:00 DEBUG 22164 --- [redsocial] [           main] org.hibernate.type.BasicTypeRegistry     : Adding type registration true_false -> org.hibernate.type.BasicTypeReference@26be9a6
2024-04-29T10:15:04.254-04:00 DEBUG 22164 --- [redsocial] [           main] org.hibernate.type.BasicTypeRegistry     : Adding type registration org.hibernate.type.TrueFalseConverter -> org.hibernate.type.BasicTypeReference@26be9a6
2024-04-29T10:15:04.254-04:00 DEBUG 22164 --- [redsocial] [           main] org.hibernate.type.BasicTypeRegistry     : Adding type registration yes_no -> org.hibernate.type.BasicTypeReference@4d518c66
2024-04-29T10:15:04.254-04:00 DEBUG 22164 --- [redsocial] [           main] org.hibernate.type.BasicTypeRegistry     : Adding type registration org.hibernate.type.YesNoConverter -> org.hibernate.type.BasicTypeReference@4d518c66
2024-04-29T10:15:04.254-04:00 DEBUG 22164 --- [redsocial] [           main] org.hibernate.type.BasicTypeRegistry     : Adding type registration byte -> org.hibernate.type.BasicTypeReference@411fa0ce
2024-04-29T10:15:04.254-04:00 DEBUG 22164 --- [redsocial] [           main] org.hibernate.type.BasicTypeRegistry     : Adding type registration byte -> org.hibernate.type.BasicTypeReference@411fa0ce
2024-04-29T10:15:04.254-04:00 DEBUG 22164 --- [redsocial] [           main] org.hibernate.type.BasicTypeRegistry     : Adding type registration java.lang.Byte -> org.hibernate.type.BasicTypeReference@411fa0ce
2024-04-29T10:15:04.254-04:00 DEBUG 22164 --- [redsocial] [           main] org.hibernate.type.BasicTypeRegistry     : Adding type registration binary -> org.hibernate.type.BasicTypeReference@251d7fdd
2024-04-29T10:15:04.254-04:00 DEBUG 22164 --- [redsocial] [           main] org.hibernate.type.BasicTypeRegistry     : Adding type registration byte[] -> org.hibernate.type.BasicTypeReference@251d7fdd
2024-04-29T10:15:04.254-04:00 DEBUG 22164 --- [redsocial] [           main] org.hibernate.type.BasicTypeRegistry     : Adding type registration [B -> org.hibernate.type.BasicTypeReference@251d7fdd
2024-04-29T10:15:04.254-04:00 DEBUG 22164 --- [redsocial] [           main] org.hibernate.type.BasicTypeRegistry     : Adding type registration binary_wrapper -> org.hibernate.type.BasicTypeReference@78e68401
2024-04-29T10:15:04.254-04:00 DEBUG 22164 --- [redsocial] [           main] org.hibernate.type.BasicTypeRegistry     : Adding type registration wrapper-binary -> org.hibernate.type.BasicTypeReference@78e68401
2024-04-29T10:15:04.254-04:00 DEBUG 22164 --- [redsocial] [           main] org.hibernate.type.BasicTypeRegistry     : Adding type registration image -> org.hibernate.type.BasicTypeReference@391515c7
2024-04-29T10:15:04.254-04:00 DEBUG 22164 --- [redsocial] [           main] org.hibernate.type.BasicTypeRegistry     : Adding type registration blob -> org.hibernate.type.BasicTypeReference@5b0dbfb
2024-04-29T10:15:04.254-04:00 DEBUG 22164 --- [redsocial] [           main] org.hibernate.type.BasicTypeRegistry     : Adding type registration java.sql.Blob -> org.hibernate.type.BasicTypeReference@5b0dbfb
2024-04-29T10:15:04.254-04:00 DEBUG 22164 --- [redsocial] [           main] org.hibernate.type.BasicTypeRegistry     : Adding type registration materialized_blob -> org.hibernate.type.BasicTypeReference@4b9dbf07
2024-04-29T10:15:04.254-04:00 DEBUG 22164 --- [redsocial] [           main] org.hibernate.type.BasicTypeRegistry     : Adding type registration materialized_blob_wrapper -> org.hibernate.type.BasicTypeReference@797fcf9
2024-04-29T10:15:04.254-04:00 DEBUG 22164 --- [redsocial] [           main] org.hibernate.type.BasicTypeRegistry     : Adding type registration short -> org.hibernate.type.BasicTypeReference@16bd7ae1
2024-04-29T10:15:04.254-04:00 DEBUG 22164 --- [redsocial] [           main] org.hibernate.type.BasicTypeRegistry     : Adding type registration short -> org.hibernate.type.BasicTypeReference@16bd7ae1
2024-04-29T10:15:04.254-04:00 DEBUG 22164 --- [redsocial] [           main] org.hibernate.type.BasicTypeRegistry     : Adding type registration java.lang.Short -> org.hibernate.type.BasicTypeReference@16bd7ae1
2024-04-29T10:15:04.254-04:00 DEBUG 22164 --- [redsocial] [           main] org.hibernate.type.BasicTypeRegistry     : Adding type registration integer -> org.hibernate.type.BasicTypeReference@15d114ce
2024-04-29T10:15:04.254-04:00 DEBUG 22164 --- [redsocial] [           main] org.hibernate.type.BasicTypeRegistry     : Adding type registration int -> org.hibernate.type.BasicTypeReference@15d114ce
2024-04-29T10:15:04.254-04:00 DEBUG 22164 --- [redsocial] [           main] org.hibernate.type.BasicTypeRegistry     : Adding type registration java.lang.Integer -> org.hibernate.type.BasicTypeReference@15d114ce
2024-04-29T10:15:04.254-04:00 DEBUG 22164 --- [redsocial] [           main] org.hibernate.type.BasicTypeRegistry     : Adding type registration long -> org.hibernate.type.BasicTypeReference@3312f4f4
2024-04-29T10:15:04.254-04:00 DEBUG 22164 --- [redsocial] [           main] org.hibernate.type.BasicTypeRegistry     : Adding type registration long -> org.hibernate.type.BasicTypeReference@3312f4f4
2024-04-29T10:15:04.254-04:00 DEBUG 22164 --- [redsocial] [           main] org.hibernate.type.BasicTypeRegistry     : Adding type registration java.lang.Long -> org.hibernate.type.BasicTypeReference@3312f4f4
2024-04-29T10:15:04.254-04:00 DEBUG 22164 --- [redsocial] [           main] org.hibernate.type.BasicTypeRegistry     : Adding type registration float -> org.hibernate.type.BasicTypeReference@b5aa65b
2024-04-29T10:15:04.254-04:00 DEBUG 22164 --- [redsocial] [           main] org.hibernate.type.BasicTypeRegistry     : Adding type registration float -> org.hibernate.type.BasicTypeReference@b5aa65b
2024-04-29T10:15:04.254-04:00 DEBUG 22164 --- [redsocial] [           main] org.hibernate.type.BasicTypeRegistry     : Adding type registration java.lang.Float -> org.hibernate.type.BasicTypeReference@b5aa65b
2024-04-29T10:15:04.254-04:00 DEBUG 22164 --- [redsocial] [           main] org.hibernate.type.BasicTypeRegistry     : Adding type registration double -> org.hibernate.type.BasicTypeReference@76cdafa3
2024-04-29T10:15:04.254-04:00 DEBUG 22164 --- [redsocial] [           main] org.hibernate.type.BasicTypeRegistry     : Adding type registration double -> org.hibernate.type.BasicTypeReference@76cdafa3
2024-04-29T10:15:04.254-04:00 DEBUG 22164 --- [redsocial] [           main] org.hibernate.type.BasicTypeRegistry     : Adding type registration java.lang.Double -> org.hibernate.type.BasicTypeReference@76cdafa3
2024-04-29T10:15:04.254-04:00 DEBUG 22164 --- [redsocial] [           main] org.hibernate.type.BasicTypeRegistry     : Adding type registration big_integer -> org.hibernate.type.BasicTypeReference@6b27b2d0
2024-04-29T10:15:04.254-04:00 DEBUG 22164 --- [redsocial] [           main] org.hibernate.type.BasicTypeRegistry     : Adding type registration java.math.BigInteger -> org.hibernate.type.BasicTypeReference@6b27b2d0
2024-04-29T10:15:04.254-04:00 DEBUG 22164 --- [redsocial] [           main] org.hibernate.type.BasicTypeRegistry     : Adding type registration big_decimal -> org.hibernate.type.BasicTypeReference@4fb64e14
2024-04-29T10:15:04.254-04:00 DEBUG 22164 --- [redsocial] [           main] org.hibernate.type.BasicTypeRegistry     : Adding type registration java.math.BigDecimal -> org.hibernate.type.BasicTypeReference@4fb64e14
2024-04-29T10:15:04.254-04:00 DEBUG 22164 --- [redsocial] [           main] org.hibernate.type.BasicTypeRegistry     : Adding type registration character -> org.hibernate.type.BasicTypeReference@118041c7
2024-04-29T10:15:04.254-04:00 DEBUG 22164 --- [redsocial] [           main] org.hibernate.type.BasicTypeRegistry     : Adding type registration char -> org.hibernate.type.BasicTypeReference@118041c7
2024-04-29T10:15:04.254-04:00 DEBUG 22164 --- [redsocial] [           main] org.hibernate.type.BasicTypeRegistry     : Adding type registration java.lang.Character -> org.hibernate.type.BasicTypeReference@118041c7
2024-04-29T10:15:04.254-04:00 DEBUG 22164 --- [redsocial] [           main] org.hibernate.type.BasicTypeRegistry     : Adding type registration character_nchar -> org.hibernate.type.BasicTypeReference@a2b54e3
2024-04-29T10:15:04.254-04:00 DEBUG 22164 --- [redsocial] [           main] org.hibernate.type.BasicTypeRegistry     : Adding type registration string -> org.hibernate.type.BasicTypeReference@5c4cc644
2024-04-29T10:15:04.254-04:00 DEBUG 22164 --- [redsocial] [           main] org.hibernate.type.BasicTypeRegistry     : Adding type registration java.lang.String -> org.hibernate.type.BasicTypeReference@5c4cc644
2024-04-29T10:15:04.254-04:00 DEBUG 22164 --- [redsocial] [           main] org.hibernate.type.BasicTypeRegistry     : Adding type registration nstring -> org.hibernate.type.BasicTypeReference@21f7e537
2024-04-29T10:15:04.254-04:00 DEBUG 22164 --- [redsocial] [           main] org.hibernate.type.BasicTypeRegistry     : Adding type registration characters -> org.hibernate.type.BasicTypeReference@32ea16b7
2024-04-29T10:15:04.254-04:00 DEBUG 22164 --- [redsocial] [           main] org.hibernate.type.BasicTypeRegistry     : Adding type registration char[] -> org.hibernate.type.BasicTypeReference@32ea16b7
2024-04-29T10:15:04.254-04:00 DEBUG 22164 --- [redsocial] [           main] org.hibernate.type.BasicTypeRegistry     : Adding type registration [C -> org.hibernate.type.BasicTypeReference@32ea16b7
2024-04-29T10:15:04.254-04:00 DEBUG 22164 --- [redsocial] [           main] org.hibernate.type.BasicTypeRegistry     : Adding type registration wrapper-characters -> org.hibernate.type.BasicTypeReference@62b6c045
2024-04-29T10:15:04.254-04:00 DEBUG 22164 --- [redsocial] [           main] org.hibernate.type.BasicTypeRegistry     : Adding type registration text -> org.hibernate.type.BasicTypeReference@58f254b1
2024-04-29T10:15:04.254-04:00 DEBUG 22164 --- [redsocial] [           main] org.hibernate.type.BasicTypeRegistry     : Adding type registration ntext -> org.hibernate.type.BasicTypeReference@46b2dcc5
2024-04-29T10:15:04.254-04:00 DEBUG 22164 --- [redsocial] [           main] org.hibernate.type.BasicTypeRegistry     : Adding type registration clob -> org.hibernate.type.BasicTypeReference@240f350a
2024-04-29T10:15:04.254-04:00 DEBUG 22164 --- [redsocial] [           main] org.hibernate.type.BasicTypeRegistry     : Adding type registration java.sql.Clob -> org.hibernate.type.BasicTypeReference@240f350a
2024-04-29T10:15:04.254-04:00 DEBUG 22164 --- [redsocial] [           main] org.hibernate.type.BasicTypeRegistry     : Adding type registration nclob -> org.hibernate.type.BasicTypeReference@706f6d26
2024-04-29T10:15:04.254-04:00 DEBUG 22164 --- [redsocial] [           main] org.hibernate.type.BasicTypeRegistry     : Adding type registration java.sql.NClob -> org.hibernate.type.BasicTypeReference@706f6d26
2024-04-29T10:15:04.254-04:00 DEBUG 22164 --- [redsocial] [           main] org.hibernate.type.BasicTypeRegistry     : Adding type registration materialized_clob -> org.hibernate.type.BasicTypeReference@3af2f846
2024-04-29T10:15:04.254-04:00 DEBUG 22164 --- [redsocial] [           main] org.hibernate.type.BasicTypeRegistry     : Adding type registration materialized_clob_char_array -> org.hibernate.type.BasicTypeReference@6af65f29
2024-04-29T10:15:04.254-04:00 DEBUG 22164 --- [redsocial] [           main] org.hibernate.type.BasicTypeRegistry     : Adding type registration materialized_clob_character_array -> org.hibernate.type.BasicTypeReference@370c9018
2024-04-29T10:15:04.254-04:00 DEBUG 22164 --- [redsocial] [           main] org.hibernate.type.BasicTypeRegistry     : Adding type registration materialized_nclob -> org.hibernate.type.BasicTypeReference@3c81cd82
2024-04-29T10:15:04.254-04:00 DEBUG 22164 --- [redsocial] [           main] org.hibernate.type.BasicTypeRegistry     : Adding type registration materialized_nclob_character_array -> org.hibernate.type.BasicTypeReference@111c229c
2024-04-29T10:15:04.254-04:00 DEBUG 22164 --- [redsocial] [           main] org.hibernate.type.BasicTypeRegistry     : Adding type registration materialized_nclob_char_array -> org.hibernate.type.BasicTypeReference@49cb3881
2024-04-29T10:15:04.254-04:00 DEBUG 22164 --- [redsocial] [           main] org.hibernate.type.BasicTypeRegistry     : Adding type registration Duration -> org.hibernate.type.BasicTypeReference@1a14fdf0
2024-04-29T10:15:04.254-04:00 DEBUG 22164 --- [redsocial] [           main] org.hibernate.type.BasicTypeRegistry     : Adding type registration java.time.Duration -> org.hibernate.type.BasicTypeReference@1a14fdf0
2024-04-29T10:15:04.254-04:00 DEBUG 22164 --- [redsocial] [           main] org.hibernate.type.BasicTypeRegistry     : Adding type registration LocalDateTime -> org.hibernate.type.BasicTypeReference@284bdeed
2024-04-29T10:15:04.254-04:00 DEBUG 22164 --- [redsocial] [           main] org.hibernate.type.BasicTypeRegistry     : Adding type registration java.time.LocalDateTime -> org.hibernate.type.BasicTypeReference@284bdeed
2024-04-29T10:15:04.254-04:00 DEBUG 22164 --- [redsocial] [           main] org.hibernate.type.BasicTypeRegistry     : Adding type registration LocalDate -> org.hibernate.type.BasicTypeReference@58b311ba
2024-04-29T10:15:04.254-04:00 DEBUG 22164 --- [redsocial] [           main] org.hibernate.type.BasicTypeRegistry     : Adding type registration java.time.LocalDate -> org.hibernate.type.BasicTypeReference@58b311ba
2024-04-29T10:15:04.254-04:00 DEBUG 22164 --- [redsocial] [           main] org.hibernate.type.BasicTypeRegistry     : Adding type registration LocalTime -> org.hibernate.type.BasicTypeReference@482c351d
2024-04-29T10:15:04.254-04:00 DEBUG 22164 --- [redsocial] [           main] org.hibernate.type.BasicTypeRegistry     : Adding type registration java.time.LocalTime -> org.hibernate.type.BasicTypeReference@482c351d
2024-04-29T10:15:04.254-04:00 DEBUG 22164 --- [redsocial] [           main] org.hibernate.type.BasicTypeRegistry     : Adding type registration OffsetDateTime -> org.hibernate.type.BasicTypeReference@75eaba95
2024-04-29T10:15:04.254-04:00 DEBUG 22164 --- [redsocial] [           main] org.hibernate.type.BasicTypeRegistry     : Adding type registration java.time.OffsetDateTime -> org.hibernate.type.BasicTypeReference@75eaba95
2024-04-29T10:15:04.254-04:00 DEBUG 22164 --- [redsocial] [           main] org.hibernate.type.BasicTypeRegistry     : Adding type registration OffsetDateTimeWithTimezone -> org.hibernate.type.BasicTypeReference@320be73
2024-04-29T10:15:04.254-04:00 DEBUG 22164 --- [redsocial] [           main] org.hibernate.type.BasicTypeRegistry     : Adding type registration OffsetDateTimeWithoutTimezone -> org.hibernate.type.BasicTypeReference@435e416c
2024-04-29T10:15:04.254-04:00 DEBUG 22164 --- [redsocial] [           main] org.hibernate.type.BasicTypeRegistry     : Adding type registration OffsetTime -> org.hibernate.type.BasicTypeReference@6af310c7
2024-04-29T10:15:04.254-04:00 DEBUG 22164 --- [redsocial] [           main] org.hibernate.type.BasicTypeRegistry     : Adding type registration java.time.OffsetTime -> org.hibernate.type.BasicTypeReference@6af310c7
2024-04-29T10:15:04.254-04:00 DEBUG 22164 --- [redsocial] [           main] org.hibernate.type.BasicTypeRegistry     : Adding type registration OffsetTimeUtc -> org.hibernate.type.BasicTypeReference@4aed311e
2024-04-29T10:15:04.254-04:00 DEBUG 22164 --- [redsocial] [           main] org.hibernate.type.BasicTypeRegistry     : Adding type registration OffsetTimeWithTimezone -> org.hibernate.type.BasicTypeReference@4c38cd16
2024-04-29T10:15:04.254-04:00 DEBUG 22164 --- [redsocial] [           main] org.hibernate.type.BasicTypeRegistry     : Adding type registration OffsetTimeWithoutTimezone -> org.hibernate.type.BasicTypeReference@7ddcb0dc
2024-04-29T10:15:04.254-04:00 DEBUG 22164 --- [redsocial] [           main] org.hibernate.type.BasicTypeRegistry     : Adding type registration ZonedDateTime -> org.hibernate.type.BasicTypeReference@f5bf288
2024-04-29T10:15:04.254-04:00 DEBUG 22164 --- [redsocial] [           main] org.hibernate.type.BasicTypeRegistry     : Adding type registration java.time.ZonedDateTime -> org.hibernate.type.BasicTypeReference@f5bf288
2024-04-29T10:15:04.254-04:00 DEBUG 22164 --- [redsocial] [           main] org.hibernate.type.BasicTypeRegistry     : Adding type registration ZonedDateTimeWithTimezone -> org.hibernate.type.BasicTypeReference@2c1d57bc
2024-04-29T10:15:04.254-04:00 DEBUG 22164 --- [redsocial] [           main] org.hibernate.type.BasicTypeRegistry     : Adding type registration ZonedDateTimeWithoutTimezone -> org.hibernate.type.BasicTypeReference@26c77f54
2024-04-29T10:15:04.254-04:00 DEBUG 22164 --- [redsocial] [           main] org.hibernate.type.BasicTypeRegistry     : Adding type registration date -> org.hibernate.type.BasicTypeReference@3e856100
2024-04-29T10:15:04.254-04:00 DEBUG 22164 --- [redsocial] [           main] org.hibernate.type.BasicTypeRegistry     : Adding type registration java.sql.Date -> org.hibernate.type.BasicTypeReference@3e856100
2024-04-29T10:15:04.254-04:00 DEBUG 22164 --- [redsocial] [           main] org.hibernate.type.BasicTypeRegistry     : Adding type registration time -> org.hibernate.type.BasicTypeReference@6e9a0bea
2024-04-29T10:15:04.254-04:00 DEBUG 22164 --- [redsocial] [           main] org.hibernate.type.BasicTypeRegistry     : Adding type registration java.sql.Time -> org.hibernate.type.BasicTypeReference@6e9a0bea
2024-04-29T10:15:04.254-04:00 DEBUG 22164 --- [redsocial] [           main] org.hibernate.type.BasicTypeRegistry     : Adding type registration timestamp -> org.hibernate.type.BasicTypeReference@28fc1132
2024-04-29T10:15:04.254-04:00 DEBUG 22164 --- [redsocial] [           main] org.hibernate.type.BasicTypeRegistry     : Adding type registration java.sql.Timestamp -> org.hibernate.type.BasicTypeReference@28fc1132
2024-04-29T10:15:04.254-04:00 DEBUG 22164 --- [redsocial] [           main] org.hibernate.type.BasicTypeRegistry     : Adding type registration java.util.Date -> org.hibernate.type.BasicTypeReference@28fc1132
2024-04-29T10:15:04.254-04:00 DEBUG 22164 --- [redsocial] [           main] org.hibernate.type.BasicTypeRegistry     : Adding type registration calendar -> org.hibernate.type.BasicTypeReference@355ce6a6
2024-04-29T10:15:04.254-04:00 DEBUG 22164 --- [redsocial] [           main] org.hibernate.type.BasicTypeRegistry     : Adding type registration java.util.Calendar -> org.hibernate.type.BasicTypeReference@355ce6a6
2024-04-29T10:15:04.254-04:00 DEBUG 22164 --- [redsocial] [           main] org.hibernate.type.BasicTypeRegistry     : Adding type registration java.util.GregorianCalendar -> org.hibernate.type.BasicTypeReference@355ce6a6
2024-04-29T10:15:04.254-04:00 DEBUG 22164 --- [redsocial] [           main] org.hibernate.type.BasicTypeRegistry     : Adding type registration calendar_date -> org.hibernate.type.BasicTypeReference@20440c6c
2024-04-29T10:15:04.254-04:00 DEBUG 22164 --- [redsocial] [           main] org.hibernate.type.BasicTypeRegistry     : Adding type registration calendar_time -> org.hibernate.type.BasicTypeReference@1e3f86d5
2024-04-29T10:15:04.254-04:00 DEBUG 22164 --- [redsocial] [           main] org.hibernate.type.BasicTypeRegistry     : Adding type registration instant -> org.hibernate.type.BasicTypeReference@560271a1
2024-04-29T10:15:04.254-04:00 DEBUG 22164 --- [redsocial] [           main] org.hibernate.type.BasicTypeRegistry     : Adding type registration java.time.Instant -> org.hibernate.type.BasicTypeReference@560271a1
2024-04-29T10:15:04.254-04:00 DEBUG 22164 --- [redsocial] [           main] org.hibernate.type.BasicTypeRegistry     : Adding type registration uuid -> org.hibernate.type.BasicTypeReference@4b9c411
2024-04-29T10:15:04.254-04:00 DEBUG 22164 --- [redsocial] [           main] org.hibernate.type.BasicTypeRegistry     : Adding type registration java.util.UUID -> org.hibernate.type.BasicTypeReference@4b9c411
2024-04-29T10:15:04.254-04:00 DEBUG 22164 --- [redsocial] [           main] org.hibernate.type.BasicTypeRegistry     : Adding type registration pg-uuid -> org.hibernate.type.BasicTypeReference@4b9c411
2024-04-29T10:15:04.254-04:00 DEBUG 22164 --- [redsocial] [           main] org.hibernate.type.BasicTypeRegistry     : Adding type registration uuid-binary -> org.hibernate.type.BasicTypeReference@41e9f86
2024-04-29T10:15:04.254-04:00 DEBUG 22164 --- [redsocial] [           main] org.hibernate.type.BasicTypeRegistry     : Adding type registration uuid-char -> org.hibernate.type.BasicTypeReference@66f5b8fe
2024-04-29T10:15:04.254-04:00 DEBUG 22164 --- [redsocial] [           main] org.hibernate.type.BasicTypeRegistry     : Adding type registration class -> org.hibernate.type.BasicTypeReference@233f52f8
2024-04-29T10:15:04.254-04:00 DEBUG 22164 --- [redsocial] [           main] org.hibernate.type.BasicTypeRegistry     : Adding type registration java.lang.Class -> org.hibernate.type.BasicTypeReference@233f52f8
2024-04-29T10:15:04.254-04:00 DEBUG 22164 --- [redsocial] [           main] org.hibernate.type.BasicTypeRegistry     : Adding type registration currency -> org.hibernate.type.BasicTypeReference@69ec93c2
2024-04-29T10:15:04.254-04:00 DEBUG 22164 --- [redsocial] [           main] org.hibernate.type.BasicTypeRegistry     : Adding type registration Currency -> org.hibernate.type.BasicTypeReference@69ec93c2
2024-04-29T10:15:04.254-04:00 DEBUG 22164 --- [redsocial] [           main] org.hibernate.type.BasicTypeRegistry     : Adding type registration java.util.Currency -> org.hibernate.type.BasicTypeReference@69ec93c2
2024-04-29T10:15:04.254-04:00 DEBUG 22164 --- [redsocial] [           main] org.hibernate.type.BasicTypeRegistry     : Adding type registration locale -> org.hibernate.type.BasicTypeReference@5287ba5f
2024-04-29T10:15:04.254-04:00 DEBUG 22164 --- [redsocial] [           main] org.hibernate.type.BasicTypeRegistry     : Adding type registration java.util.Locale -> org.hibernate.type.BasicTypeReference@5287ba5f
2024-04-29T10:15:04.254-04:00 DEBUG 22164 --- [redsocial] [           main] org.hibernate.type.BasicTypeRegistry     : Adding type registration serializable -> org.hibernate.type.BasicTypeReference@b768a65
2024-04-29T10:15:04.254-04:00 DEBUG 22164 --- [redsocial] [           main] org.hibernate.type.BasicTypeRegistry     : Adding type registration java.io.Serializable -> org.hibernate.type.BasicTypeReference@b768a65
2024-04-29T10:15:04.254-04:00 DEBUG 22164 --- [redsocial] [           main] org.hibernate.type.BasicTypeRegistry     : Adding type registration timezone -> org.hibernate.type.BasicTypeReference@6897a4a
2024-04-29T10:15:04.254-04:00 DEBUG 22164 --- [redsocial] [           main] org.hibernate.type.BasicTypeRegistry     : Adding type registration java.util.TimeZone -> org.hibernate.type.BasicTypeReference@6897a4a
2024-04-29T10:15:04.254-04:00 DEBUG 22164 --- [redsocial] [           main] org.hibernate.type.BasicTypeRegistry     : Adding type registration ZoneOffset -> org.hibernate.type.BasicTypeReference@6986f93e
2024-04-29T10:15:04.254-04:00 DEBUG 22164 --- [redsocial] [           main] org.hibernate.type.BasicTypeRegistry     : Adding type registration java.time.ZoneOffset -> org.hibernate.type.BasicTypeReference@6986f93e
2024-04-29T10:15:04.254-04:00 DEBUG 22164 --- [redsocial] [           main] org.hibernate.type.BasicTypeRegistry     : Adding type registration url -> org.hibernate.type.BasicTypeReference@6bce313
2024-04-29T10:15:04.254-04:00 DEBUG 22164 --- [redsocial] [           main] org.hibernate.type.BasicTypeRegistry     : Adding type registration java.net.URL -> org.hibernate.type.BasicTypeReference@6bce313
2024-04-29T10:15:04.254-04:00 DEBUG 22164 --- [redsocial] [           main] org.hibernate.type.BasicTypeRegistry     : Adding type registration vector -> org.hibernate.type.BasicTypeReference@39266403
2024-04-29T10:15:04.254-04:00 DEBUG 22164 --- [redsocial] [           main] org.hibernate.type.BasicTypeRegistry     : Adding type registration row_version -> org.hibernate.type.BasicTypeReference@74b00247
2024-04-29T10:15:04.272-04:00 DEBUG 22164 --- [redsocial] [           main] org.hibernate.type.BasicTypeRegistry     : Adding type registration object -> org.hibernate.type.JavaObjectType@36224f93
2024-04-29T10:15:04.272-04:00 DEBUG 22164 --- [redsocial] [           main] org.hibernate.type.BasicTypeRegistry     : Adding type registration java.lang.Object -> org.hibernate.type.JavaObjectType@36224f93
2024-04-29T10:15:04.272-04:00 DEBUG 22164 --- [redsocial] [           main] org.hibernate.type.BasicTypeRegistry     : Adding type registration null -> org.hibernate.type.NullType@7b18658a
2024-04-29T10:15:04.272-04:00 DEBUG 22164 --- [redsocial] [           main] org.hibernate.type.BasicTypeRegistry     : Adding type registration imm_date -> org.hibernate.type.BasicTypeReference@30f28b5
2024-04-29T10:15:04.272-04:00 DEBUG 22164 --- [redsocial] [           main] org.hibernate.type.BasicTypeRegistry     : Adding type registration imm_time -> org.hibernate.type.BasicTypeReference@1a1f79ce
2024-04-29T10:15:04.272-04:00 DEBUG 22164 --- [redsocial] [           main] org.hibernate.type.BasicTypeRegistry     : Adding type registration imm_timestamp -> org.hibernate.type.BasicTypeReference@6aa7e176
2024-04-29T10:15:04.272-04:00 DEBUG 22164 --- [redsocial] [           main] org.hibernate.type.BasicTypeRegistry     : Adding type registration imm_calendar -> org.hibernate.type.BasicTypeReference@52abed9d
2024-04-29T10:15:04.272-04:00 DEBUG 22164 --- [redsocial] [           main] org.hibernate.type.BasicTypeRegistry     : Adding type registration imm_calendar_date -> org.hibernate.type.BasicTypeReference@281b2dfd
2024-04-29T10:15:04.272-04:00 DEBUG 22164 --- [redsocial] [           main] org.hibernate.type.BasicTypeRegistry     : Adding type registration imm_calendar_time -> org.hibernate.type.BasicTypeReference@492be039
2024-04-29T10:15:04.272-04:00 DEBUG 22164 --- [redsocial] [           main] org.hibernate.type.BasicTypeRegistry     : Adding type registration imm_binary -> org.hibernate.type.BasicTypeReference@1cd2143b
2024-04-29T10:15:04.272-04:00 DEBUG 22164 --- [redsocial] [           main] org.hibernate.type.BasicTypeRegistry     : Adding type registration imm_serializable -> org.hibernate.type.BasicTypeReference@1118d539
2024-04-29T10:15:04.272-04:00 DEBUG 22164 --- [redsocial] [           main] o.h.boot.internal.BootstrapContextImpl   : Injecting JPA temp ClassLoader [org.springframework.instrument.classloading.SimpleThrowawayClassLoader@16cf8438] into BootstrapContext; was [null]
2024-04-29T10:15:04.272-04:00 DEBUG 22164 --- [redsocial] [           main] o.h.boot.internal.ClassLoaderAccessImpl  : ClassLoaderAccessImpl#injectTempClassLoader(org.springframework.instrument.classloading.SimpleThrowawayClassLoader@16cf8438) [was null]
2024-04-29T10:15:04.281-04:00 DEBUG 22164 --- [redsocial] [           main] o.h.boot.internal.BootstrapContextImpl   : Injecting ScanEnvironment [org.hibernate.jpa.boot.internal.StandardJpaScanEnvironmentImpl@3887c7d7] into BootstrapContext; was [null]
2024-04-29T10:15:04.281-04:00 DEBUG 22164 --- [redsocial] [           main] o.h.boot.internal.BootstrapContextImpl   : Injecting ScanOptions [org.hibernate.boot.archive.scan.internal.StandardScanOptions@b1b471] into BootstrapContext; was [org.hibernate.boot.archive.scan.internal.StandardScanOptions@526f6427]
2024-04-29T10:15:04.531-04:00  INFO 22164 --- [redsocial] [           main] o.s.o.j.p.SpringPersistenceUnitInfo      : No LoadTimeWeaver setup: ignoring JPA class transformer
2024-04-29T10:15:04.531-04:00 DEBUG 22164 --- [redsocial] [           main] o.h.boot.internal.BootstrapContextImpl   : Injecting JPA temp ClassLoader [null] into BootstrapContext; was [org.springframework.instrument.classloading.SimpleThrowawayClassLoader@16cf8438]
2024-04-29T10:15:04.531-04:00 DEBUG 22164 --- [redsocial] [           main] o.h.boot.internal.ClassLoaderAccessImpl  : ClassLoaderAccessImpl#injectTempClassLoader(null) [was org.springframework.instrument.classloading.SimpleThrowawayClassLoader@16cf8438]
2024-04-29T10:15:04.582-04:00  INFO 22164 --- [redsocial] [           main] com.zaxxer.hikari.HikariDataSource       : HikariPool-1 - Starting...
2024-04-29T10:15:05.978-04:00  INFO 22164 --- [redsocial] [           main] com.zaxxer.hikari.pool.HikariPool        : HikariPool-1 - Added connection oracle.jdbc.driver.T4CConnection@6ce15112
2024-04-29T10:15:05.978-04:00  INFO 22164 --- [redsocial] [           main] com.zaxxer.hikari.HikariDataSource       : HikariPool-1 - Start completed.
2024-04-29T10:15:05.978-04:00 DEBUG 22164 --- [redsocial] [           main] o.h.e.j.e.i.JdbcEnvironmentInitiator     : Database ->
       name : Oracle
    version : Oracle Database 19c Enterprise Edition Release 19.0.0.0.0 - Production
Version 19.23.0.1.0
      major : 19
      minor : 0
2024-04-29T10:15:05.978-04:00 DEBUG 22164 --- [redsocial] [           main] o.h.e.j.e.i.JdbcEnvironmentInitiator     : Driver ->
       name : Oracle JDBC driver
    version : 21.9.0.0.0
      major : 21
      minor : 9
2024-04-29T10:15:05.978-04:00 DEBUG 22164 --- [redsocial] [           main] o.h.e.j.e.i.JdbcEnvironmentInitiator     : JDBC version : 4.3
2024-04-29T10:15:06.229-04:00  WARN 22164 --- [redsocial] [           main] org.hibernate.orm.deprecation            : HHH90000025: OracleDialect does not need to be specified explicitly using 'hibernate.dialect' (remove the property setting and it will be selected by default)
2024-04-29T10:15:06.229-04:00 DEBUG 22164 --- [redsocial] [           main] org.hibernate.orm.dialect                : HHH035001: Using dialect: org.hibernate.dialect.OracleDialect, version: 19.0
2024-04-29T10:15:06.342-04:00 DEBUG 22164 --- [redsocial] [           main] o.h.t.d.jdbc.spi.JdbcTypeRegistry        : addDescriptor(NCharTypeDescriptor) replaced previous registration(CharTypeDescriptor)
2024-04-29T10:15:06.342-04:00 DEBUG 22164 --- [redsocial] [           main] o.h.t.d.jdbc.spi.JdbcTypeRegistry        : addDescriptor(NVarcharTypeDescriptor) replaced previous registration(VarcharTypeDescriptor)
2024-04-29T10:15:06.343-04:00 DEBUG 22164 --- [redsocial] [           main] o.h.t.d.jdbc.spi.JdbcTypeRegistry        : addDescriptor(LongNVarcharTypeDescriptor) replaced previous registration(LongVarcharTypeDescriptor)
2024-04-29T10:15:06.345-04:00 DEBUG 22164 --- [redsocial] [           main] o.h.t.d.jdbc.spi.JdbcTypeRegistry        : addDescriptor(NClobTypeDescriptor(DEFAULT)) replaced previous registration(ClobTypeDescriptor(DEFAULT))
2024-04-29T10:15:06.345-04:00 DEBUG 22164 --- [redsocial] [           main] o.h.t.d.jdbc.spi.JdbcTypeRegistry        : addDescriptor(2005, ClobTypeDescriptor(STREAM_BINDING)) replaced previous registration(ClobTypeDescriptor(DEFAULT))
2024-04-29T10:15:06.348-04:00 DEBUG 22164 --- [redsocial] [           main] o.h.t.d.jdbc.spi.JdbcTypeRegistry        : addDescriptor(BooleanTypeDescriptor) replaced previous registration(BooleanTypeDescriptor)
2024-04-29T10:15:06.358-04:00 DEBUG 22164 --- [redsocial] [           main] org.hibernate.type.BasicTypeRegistry     : Adding type registration null -> org.hibernate.type.NullType@397a10df
2024-04-29T10:15:06.359-04:00 DEBUG 22164 --- [redsocial] [           main] org.hibernate.type.BasicTypeRegistry     : Type registration key [null] overrode previous entry : `org.hibernate.type.NullType@7b18658a`
2024-04-29T10:15:06.359-04:00 DEBUG 22164 --- [redsocial] [           main] org.hibernate.type.BasicTypeRegistry     : Adding type registration JAVA_OBJECT -> org.hibernate.type.JavaObjectType@621392ea
2024-04-29T10:15:06.360-04:00 DEBUG 22164 --- [redsocial] [           main] org.hibernate.type.BasicTypeRegistry     : Adding type registration java.lang.Object -> org.hibernate.type.JavaObjectType@621392ea
2024-04-29T10:15:06.360-04:00 DEBUG 22164 --- [redsocial] [           main] org.hibernate.type.BasicTypeRegistry     : Type registration key [java.lang.Object] overrode previous entry : `org.hibernate.type.JavaObjectType@36224f93`
2024-04-29T10:15:06.365-04:00 DEBUG 22164 --- [redsocial] [           main] org.hibernate.type.BasicTypeRegistry     : Adding type registration org.hibernate.type.DurationType -> basicType@1(java.time.Duration,3015)
2024-04-29T10:15:06.365-04:00 DEBUG 22164 --- [redsocial] [           main] org.hibernate.type.BasicTypeRegistry     : Adding type registration Duration -> basicType@1(java.time.Duration,3015)
2024-04-29T10:15:06.365-04:00 DEBUG 22164 --- [redsocial] [           main] org.hibernate.type.BasicTypeRegistry     : Adding type registration java.time.Duration -> basicType@1(java.time.Duration,3015)
2024-04-29T10:15:06.368-04:00 DEBUG 22164 --- [redsocial] [           main] o.h.type.spi.TypeConfiguration$Scope     : Scoping TypeConfiguration [org.hibernate.type.spi.TypeConfiguration@2739ecc0] to MetadataBuildingContext [org.hibernate.boot.internal.MetadataBuildingContextRootImpl@2932e15f]
2024-04-29T10:15:06.420-04:00 DEBUG 22164 --- [redsocial] [           main] o.h.boot.model.relational.Namespace      : Created database namespace [logicalName=Name{catalog=null, schema=null}, physicalName=Name{catalog=null, schema=null}]
2024-04-29T10:15:06.459-04:00 DEBUG 22164 --- [redsocial] [           main] o.h.boot.model.internal.EntityBinder     : Binding entity from annotated class: com.example.redsocial.model.Comment
2024-04-29T10:15:06.479-04:00 DEBUG 22164 --- [redsocial] [           main] o.h.boot.model.internal.EntityBinder     : Import with entity name Comment
2024-04-29T10:15:06.491-04:00 DEBUG 22164 --- [redsocial] [           main] o.h.boot.model.internal.EntityBinder     : Bind entity com.example.redsocial.model.Comment on table comment_post
2024-04-29T10:15:06.505-04:00 DEBUG 22164 --- [redsocial] [           main] o.h.boot.model.internal.AnnotatedColumn  : Binding column: AnnotatedDiscriminatorColumn(column='DTYPE')
2024-04-29T10:15:06.525-04:00 DEBUG 22164 --- [redsocial] [           main] o.h.boot.model.internal.AnnotatedColumn  : Binding column: AnnotatedColumn(column='IDCOMMENT')
2024-04-29T10:15:06.527-04:00 DEBUG 22164 --- [redsocial] [           main] o.h.boot.internal.ClassLoaderAccessImpl  : Not known whether passed class name [com.example.redsocial.model.Comment] is safe
2024-04-29T10:15:06.528-04:00 DEBUG 22164 --- [redsocial] [           main] o.h.boot.internal.ClassLoaderAccessImpl  : No temp ClassLoader provided; using live ClassLoader for loading potentially unsafe class : com.example.redsocial.model.Comment
2024-04-29T10:15:06.533-04:00 DEBUG 22164 --- [redsocial] [           main] o.h.boot.model.internal.PropertyBinder   : MetadataSourceProcessor property idComment with lazy=false
2024-04-29T10:15:06.545-04:00 DEBUG 22164 --- [redsocial] [           main] o.h.b.m.internal.AbstractPropertyHolder  : Attempting to locate auto-apply AttributeConverter for property [com.example.redsocial.model.Comment:idComment]
2024-04-29T10:15:06.550-04:00 DEBUG 22164 --- [redsocial] [           main] o.h.b.model.internal.BasicValueBinder    : building BasicValue for idComment
2024-04-29T10:15:06.552-04:00 DEBUG 22164 --- [redsocial] [           main] org.hibernate.mapping.BasicValue         : Skipping column re-registration: comment_post.idcomment
2024-04-29T10:15:06.553-04:00 DEBUG 22164 --- [redsocial] [           main] o.h.boot.model.internal.PropertyBinder   : Building property idComment
2024-04-29T10:15:06.559-04:00 DEBUG 22164 --- [redsocial] [           main] o.h.boot.model.internal.BinderHelper     : #makeIdGenerator(BasicValue([Column(idcomment)]), idComment, identity, , ...)
2024-04-29T10:15:06.562-04:00 DEBUG 22164 --- [redsocial] [           main] o.h.boot.model.internal.AnnotatedColumn  : Binding column: AnnotatedColumn(column='DATECOMMENT')
2024-04-29T10:15:06.562-04:00 DEBUG 22164 --- [redsocial] [           main] o.h.boot.model.internal.PropertyBinder   : MetadataSourceProcessor property dateComment with lazy=false
2024-04-29T10:15:06.562-04:00 DEBUG 22164 --- [redsocial] [           main] o.h.b.m.internal.AbstractPropertyHolder  : Attempting to locate auto-apply AttributeConverter for property [com.example.redsocial.model.Comment:dateComment]
2024-04-29T10:15:06.562-04:00 DEBUG 22164 --- [redsocial] [           main] o.h.b.model.internal.BasicValueBinder    : building BasicValue for dateComment
2024-04-29T10:15:06.562-04:00 DEBUG 22164 --- [redsocial] [           main] org.hibernate.mapping.BasicValue         : Skipping column re-registration: comment_post.datecomment
2024-04-29T10:15:06.562-04:00 DEBUG 22164 --- [redsocial] [           main] o.h.boot.model.internal.PropertyBinder   : Building property dateComment
2024-04-29T10:15:06.563-04:00 DEBUG 22164 --- [redsocial] [           main] o.h.boot.model.internal.AnnotatedColumn  : Binding column: AnnotatedColumn(column='IDPOST')
2024-04-29T10:15:06.564-04:00 DEBUG 22164 --- [redsocial] [           main] o.h.boot.model.internal.PropertyBinder   : MetadataSourceProcessor property idPost with lazy=false
2024-04-29T10:15:06.564-04:00 DEBUG 22164 --- [redsocial] [           main] o.h.b.m.internal.AbstractPropertyHolder  : Attempting to locate auto-apply AttributeConverter for property [com.example.redsocial.model.Comment:idPost]
2024-04-29T10:15:06.564-04:00 DEBUG 22164 --- [redsocial] [           main] o.h.b.model.internal.BasicValueBinder    : building BasicValue for idPost
2024-04-29T10:15:06.564-04:00 DEBUG 22164 --- [redsocial] [           main] org.hibernate.mapping.BasicValue         : Skipping column re-registration: comment_post.idpost
2024-04-29T10:15:06.564-04:00 DEBUG 22164 --- [redsocial] [           main] o.h.boot.model.internal.PropertyBinder   : Building property idPost
2024-04-29T10:15:06.565-04:00 DEBUG 22164 --- [redsocial] [           main] o.h.boot.model.internal.AnnotatedColumn  : Binding column: AnnotatedColumn(column='TEXTCOMMENT')
2024-04-29T10:15:06.565-04:00 DEBUG 22164 --- [redsocial] [           main] o.h.boot.model.internal.PropertyBinder   : MetadataSourceProcessor property textComment with lazy=false
2024-04-29T10:15:06.565-04:00 DEBUG 22164 --- [redsocial] [           main] o.h.b.m.internal.AbstractPropertyHolder  : Attempting to locate auto-apply AttributeConverter for property [com.example.redsocial.model.Comment:textComment]
2024-04-29T10:15:06.565-04:00 DEBUG 22164 --- [redsocial] [           main] o.h.b.model.internal.BasicValueBinder    : building BasicValue for textComment
2024-04-29T10:15:06.565-04:00 DEBUG 22164 --- [redsocial] [           main] org.hibernate.mapping.BasicValue         : Skipping column re-registration: comment_post.textcomment
2024-04-29T10:15:06.565-04:00 DEBUG 22164 --- [redsocial] [           main] o.h.boot.model.internal.PropertyBinder   : Building property textComment
2024-04-29T10:15:06.566-04:00 DEBUG 22164 --- [redsocial] [           main] o.h.boot.model.internal.AnnotatedColumn  : Binding column: AnnotatedColumn(column='USERCOMMENT')
2024-04-29T10:15:06.567-04:00 DEBUG 22164 --- [redsocial] [           main] o.h.boot.model.internal.PropertyBinder   : MetadataSourceProcessor property userComment with lazy=false
2024-04-29T10:15:06.567-04:00 DEBUG 22164 --- [redsocial] [           main] o.h.b.m.internal.AbstractPropertyHolder  : Attempting to locate auto-apply AttributeConverter for property [com.example.redsocial.model.Comment:userComment]
2024-04-29T10:15:06.567-04:00 DEBUG 22164 --- [redsocial] [           main] o.h.b.model.internal.BasicValueBinder    : building BasicValue for userComment
2024-04-29T10:15:06.567-04:00 DEBUG 22164 --- [redsocial] [           main] org.hibernate.mapping.BasicValue         : Skipping column re-registration: comment_post.usercomment
2024-04-29T10:15:06.567-04:00 DEBUG 22164 --- [redsocial] [           main] o.h.boot.model.internal.PropertyBinder   : Building property userComment
2024-04-29T10:15:06.569-04:00 DEBUG 22164 --- [redsocial] [           main] o.h.b.r.c.i.ClassLoaderServiceImpl       : HHH000194: Package not found or wo package-info.java: com.example.redsocial.model
2024-04-29T10:15:06.576-04:00 DEBUG 22164 --- [redsocial] [           main] o.h.boot.model.internal.EntityBinder     : Binding entity from annotated class: com.example.redsocial.model.Post
2024-04-29T10:15:06.576-04:00 DEBUG 22164 --- [redsocial] [           main] o.h.boot.model.internal.EntityBinder     : Import with entity name Post
2024-04-29T10:15:06.577-04:00 DEBUG 22164 --- [redsocial] [           main] o.h.boot.model.internal.EntityBinder     : Bind entity com.example.redsocial.model.Post on table post
2024-04-29T10:15:06.577-04:00 DEBUG 22164 --- [redsocial] [           main] o.h.boot.model.internal.AnnotatedColumn  : Binding column: AnnotatedDiscriminatorColumn(column='DTYPE')
2024-04-29T10:15:06.578-04:00 DEBUG 22164 --- [redsocial] [           main] o.h.boot.model.internal.AnnotatedColumn  : Binding column: AnnotatedColumn(column='IDPOST')
2024-04-29T10:15:06.578-04:00 DEBUG 22164 --- [redsocial] [           main] o.h.boot.internal.ClassLoaderAccessImpl  : Not known whether passed class name [com.example.redsocial.model.Post] is safe
2024-04-29T10:15:06.578-04:00 DEBUG 22164 --- [redsocial] [           main] o.h.boot.internal.ClassLoaderAccessImpl  : No temp ClassLoader provided; using live ClassLoader for loading potentially unsafe class : com.example.redsocial.model.Post
2024-04-29T10:15:06.578-04:00 DEBUG 22164 --- [redsocial] [           main] o.h.boot.model.internal.PropertyBinder   : MetadataSourceProcessor property idPost with lazy=false
2024-04-29T10:15:06.578-04:00 DEBUG 22164 --- [redsocial] [           main] o.h.b.m.internal.AbstractPropertyHolder  : Attempting to locate auto-apply AttributeConverter for property [com.example.redsocial.model.Post:idPost]
2024-04-29T10:15:06.578-04:00 DEBUG 22164 --- [redsocial] [           main] o.h.b.model.internal.BasicValueBinder    : building BasicValue for idPost
2024-04-29T10:15:06.578-04:00 DEBUG 22164 --- [redsocial] [           main] org.hibernate.mapping.BasicValue         : Skipping column re-registration: post.idpost
2024-04-29T10:15:06.578-04:00 DEBUG 22164 --- [redsocial] [           main] o.h.boot.model.internal.PropertyBinder   : Building property idPost
2024-04-29T10:15:06.579-04:00 DEBUG 22164 --- [redsocial] [           main] o.h.boot.model.internal.BinderHelper     : #makeIdGenerator(BasicValue([Column(idpost)]), idPost, identity, , ...)
2024-04-29T10:15:06.579-04:00 DEBUG 22164 --- [redsocial] [           main] o.h.boot.model.internal.AnnotatedColumn  : Binding column: AnnotatedColumn(column='DATEPOST')
2024-04-29T10:15:06.579-04:00 DEBUG 22164 --- [redsocial] [           main] o.h.boot.model.internal.PropertyBinder   : MetadataSourceProcessor property datePost with lazy=false
2024-04-29T10:15:06.579-04:00 DEBUG 22164 --- [redsocial] [           main] o.h.b.m.internal.AbstractPropertyHolder  : Attempting to locate auto-apply AttributeConverter for property [com.example.redsocial.model.Post:datePost]
2024-04-29T10:15:06.579-04:00 DEBUG 22164 --- [redsocial] [           main] o.h.b.model.internal.BasicValueBinder    : building BasicValue for datePost
2024-04-29T10:15:06.579-04:00 DEBUG 22164 --- [redsocial] [           main] org.hibernate.mapping.BasicValue         : Skipping column re-registration: post.datepost
2024-04-29T10:15:06.579-04:00 DEBUG 22164 --- [redsocial] [           main] o.h.boot.model.internal.PropertyBinder   : Building property datePost
2024-04-29T10:15:06.579-04:00 DEBUG 22164 --- [redsocial] [           main] o.h.boot.model.internal.AnnotatedColumn  : Binding column: AnnotatedColumn(column='TEXTPOST')
2024-04-29T10:15:06.580-04:00 DEBUG 22164 --- [redsocial] [           main] o.h.boot.model.internal.PropertyBinder   : MetadataSourceProcessor property textPost with lazy=false
2024-04-29T10:15:06.580-04:00 DEBUG 22164 --- [redsocial] [           main] o.h.b.m.internal.AbstractPropertyHolder  : Attempting to locate auto-apply AttributeConverter for property [com.example.redsocial.model.Post:textPost]
2024-04-29T10:15:06.580-04:00 DEBUG 22164 --- [redsocial] [           main] o.h.b.model.internal.BasicValueBinder    : building BasicValue for textPost
2024-04-29T10:15:06.580-04:00 DEBUG 22164 --- [redsocial] [           main] org.hibernate.mapping.BasicValue         : Skipping column re-registration: post.textpost
2024-04-29T10:15:06.580-04:00 DEBUG 22164 --- [redsocial] [           main] o.h.boot.model.internal.PropertyBinder   : Building property textPost
2024-04-29T10:15:06.580-04:00 DEBUG 22164 --- [redsocial] [           main] o.h.boot.model.internal.AnnotatedColumn  : Binding column: AnnotatedColumn(column='USERPOST')
2024-04-29T10:15:06.580-04:00 DEBUG 22164 --- [redsocial] [           main] o.h.boot.model.internal.PropertyBinder   : MetadataSourceProcessor property userPost with lazy=false
2024-04-29T10:15:06.580-04:00 DEBUG 22164 --- [redsocial] [           main] o.h.b.m.internal.AbstractPropertyHolder  : Attempting to locate auto-apply AttributeConverter for property [com.example.redsocial.model.Post:userPost]
2024-04-29T10:15:06.580-04:00 DEBUG 22164 --- [redsocial] [           main] o.h.b.model.internal.BasicValueBinder    : building BasicValue for userPost
2024-04-29T10:15:06.580-04:00 DEBUG 22164 --- [redsocial] [           main] org.hibernate.mapping.BasicValue         : Skipping column re-registration: post.userpost
2024-04-29T10:15:06.580-04:00 DEBUG 22164 --- [redsocial] [           main] o.h.boot.model.internal.PropertyBinder   : Building property userPost
2024-04-29T10:15:06.582-04:00 DEBUG 22164 --- [redsocial] [           main] o.h.b.r.c.i.ClassLoaderServiceImpl       : HHH000194: Package not found or wo package-info.java: com.example.redsocial.model
2024-04-29T10:15:06.582-04:00 DEBUG 22164 --- [redsocial] [           main] o.h.boot.model.internal.EntityBinder     : Binding entity from annotated class: com.example.redsocial.model.Reaction
2024-04-29T10:15:06.583-04:00 DEBUG 22164 --- [redsocial] [           main] o.h.boot.model.internal.EntityBinder     : Import with entity name Reaction
2024-04-29T10:15:06.583-04:00 DEBUG 22164 --- [redsocial] [           main] o.h.boot.model.internal.EntityBinder     : Bind entity com.example.redsocial.model.Reaction on table reaction
2024-04-29T10:15:06.583-04:00 DEBUG 22164 --- [redsocial] [           main] o.h.boot.model.internal.AnnotatedColumn  : Binding column: AnnotatedDiscriminatorColumn(column='DTYPE')
2024-04-29T10:15:06.584-04:00 DEBUG 22164 --- [redsocial] [           main] o.h.boot.model.internal.AnnotatedColumn  : Binding column: AnnotatedColumn(column='IDREACTION')
2024-04-29T10:15:06.584-04:00 DEBUG 22164 --- [redsocial] [           main] o.h.boot.internal.ClassLoaderAccessImpl  : Not known whether passed class name [com.example.redsocial.model.Reaction] is safe
2024-04-29T10:15:06.584-04:00 DEBUG 22164 --- [redsocial] [           main] o.h.boot.internal.ClassLoaderAccessImpl  : No temp ClassLoader provided; using live ClassLoader for loading potentially unsafe class : com.example.redsocial.model.Reaction
2024-04-29T10:15:06.584-04:00 DEBUG 22164 --- [redsocial] [           main] o.h.boot.model.internal.PropertyBinder   : MetadataSourceProcessor property idReaction with lazy=false
2024-04-29T10:15:06.585-04:00 DEBUG 22164 --- [redsocial] [           main] o.h.b.m.internal.AbstractPropertyHolder  : Attempting to locate auto-apply AttributeConverter for property [com.example.redsocial.model.Reaction:idReaction]
2024-04-29T10:15:06.585-04:00 DEBUG 22164 --- [redsocial] [           main] o.h.b.model.internal.BasicValueBinder    : building BasicValue for idReaction
2024-04-29T10:15:06.585-04:00 DEBUG 22164 --- [redsocial] [           main] org.hibernate.mapping.BasicValue         : Skipping column re-registration: reaction.idreaction
2024-04-29T10:15:06.585-04:00 DEBUG 22164 --- [redsocial] [           main] o.h.boot.model.internal.PropertyBinder   : Building property idReaction
2024-04-29T10:15:06.585-04:00 DEBUG 22164 --- [redsocial] [           main] o.h.boot.model.internal.BinderHelper     : #makeIdGenerator(BasicValue([Column(idreaction)]), idReaction, identity, , ...)
2024-04-29T10:15:06.586-04:00 DEBUG 22164 --- [redsocial] [           main] o.h.boot.model.internal.AnnotatedColumn  : Binding column: AnnotatedColumn(column='IDPOST')
2024-04-29T10:15:06.586-04:00 DEBUG 22164 --- [redsocial] [           main] o.h.boot.model.internal.PropertyBinder   : MetadataSourceProcessor property idPost with lazy=false
2024-04-29T10:15:06.586-04:00 DEBUG 22164 --- [redsocial] [           main] o.h.b.m.internal.AbstractPropertyHolder  : Attempting to locate auto-apply AttributeConverter for property [com.example.redsocial.model.Reaction:idPost]
2024-04-29T10:15:06.586-04:00 DEBUG 22164 --- [redsocial] [           main] o.h.b.model.internal.BasicValueBinder    : building BasicValue for idPost
2024-04-29T10:15:06.586-04:00 DEBUG 22164 --- [redsocial] [           main] org.hibernate.mapping.BasicValue         : Skipping column re-registration: reaction.idpost
2024-04-29T10:15:06.586-04:00 DEBUG 22164 --- [redsocial] [           main] o.h.boot.model.internal.PropertyBinder   : Building property idPost
2024-04-29T10:15:06.586-04:00 DEBUG 22164 --- [redsocial] [           main] o.h.boot.model.internal.AnnotatedColumn  : Binding column: AnnotatedColumn(column='TOTALFUNNY')
2024-04-29T10:15:06.586-04:00 DEBUG 22164 --- [redsocial] [           main] o.h.boot.model.internal.PropertyBinder   : MetadataSourceProcessor property totalFunny with lazy=false
2024-04-29T10:15:06.586-04:00 DEBUG 22164 --- [redsocial] [           main] o.h.b.m.internal.AbstractPropertyHolder  : Attempting to locate auto-apply AttributeConverter for property [com.example.redsocial.model.Reaction:totalFunny]
2024-04-29T10:15:06.587-04:00 DEBUG 22164 --- [redsocial] [           main] o.h.b.model.internal.BasicValueBinder    : building BasicValue for totalFunny
2024-04-29T10:15:06.587-04:00 DEBUG 22164 --- [redsocial] [           main] org.hibernate.mapping.BasicValue         : Skipping column re-registration: reaction.totalfunny
2024-04-29T10:15:06.587-04:00 DEBUG 22164 --- [redsocial] [           main] o.h.boot.model.internal.PropertyBinder   : Building property totalFunny
2024-04-29T10:15:06.587-04:00 DEBUG 22164 --- [redsocial] [           main] o.h.boot.model.internal.AnnotatedColumn  : Binding column: AnnotatedColumn(column='TOTALLIKE')
2024-04-29T10:15:06.587-04:00 DEBUG 22164 --- [redsocial] [           main] o.h.boot.model.internal.PropertyBinder   : MetadataSourceProcessor property totalLike with lazy=false
2024-04-29T10:15:06.587-04:00 DEBUG 22164 --- [redsocial] [           main] o.h.b.m.internal.AbstractPropertyHolder  : Attempting to locate auto-apply AttributeConverter for property [com.example.redsocial.model.Reaction:totalLike]
2024-04-29T10:15:06.587-04:00 DEBUG 22164 --- [redsocial] [           main] o.h.b.model.internal.BasicValueBinder    : building BasicValue for totalLike
2024-04-29T10:15:06.588-04:00 DEBUG 22164 --- [redsocial] [           main] org.hibernate.mapping.BasicValue         : Skipping column re-registration: reaction.totallike
2024-04-29T10:15:06.588-04:00 DEBUG 22164 --- [redsocial] [           main] o.h.boot.model.internal.PropertyBinder   : Building property totalLike
2024-04-29T10:15:06.588-04:00 DEBUG 22164 --- [redsocial] [           main] o.h.boot.model.internal.AnnotatedColumn  : Binding column: AnnotatedColumn(column='TOTALLOVE')
2024-04-29T10:15:06.589-04:00 DEBUG 22164 --- [redsocial] [           main] o.h.boot.model.internal.PropertyBinder   : MetadataSourceProcessor property totalLove with lazy=false
2024-04-29T10:15:06.589-04:00 DEBUG 22164 --- [redsocial] [           main] o.h.b.m.internal.AbstractPropertyHolder  : Attempting to locate auto-apply AttributeConverter for property [com.example.redsocial.model.Reaction:totalLove]
2024-04-29T10:15:06.589-04:00 DEBUG 22164 --- [redsocial] [           main] o.h.b.model.internal.BasicValueBinder    : building BasicValue for totalLove
2024-04-29T10:15:06.589-04:00 DEBUG 22164 --- [redsocial] [           main] org.hibernate.mapping.BasicValue         : Skipping column re-registration: reaction.totallove
2024-04-29T10:15:06.589-04:00 DEBUG 22164 --- [redsocial] [           main] o.h.boot.model.internal.PropertyBinder   : Building property totalLove
[...]

   R2dbcInitializationConfiguration:
      Did not match:
         - @ConditionalOnClass did not find required classes 'io.r2dbc.spi.ConnectionFactory', 'org.springframework.r2dbc.connection.init.DatabasePopulator' (OnClassCondition)

   R2dbcRepositoriesAutoConfiguration:
      Did not match:
         - @ConditionalOnClass did not find required class 'io.r2dbc.spi.ConnectionFactory' (OnClassCondition)

   R2dbcTransactionManagerAutoConfiguration:
      Did not match:
         - @ConditionalOnClass did not find required class 'org.springframework.r2dbc.connection.R2dbcTransactionManager' (OnClassCondition)

   RSocketGraphQlClientAutoConfiguration:
      Did not match:
         - @ConditionalOnClass did not find required class 'graphql.GraphQL' (OnClassCondition)

   RSocketMessagingAutoConfiguration:
      Did not match:
         - @ConditionalOnClass did not find required class 'io.rsocket.RSocket' (OnClassCondition)

   RSocketRequesterAutoConfiguration:
      Did not match:
         - @ConditionalOnClass did not find required class 'io.rsocket.RSocket' (OnClassCondition)

   RSocketSecurityAutoConfiguration:
      Did not match:
         - @ConditionalOnClass did not find required class 'org.springframework.security.rsocket.core.SecuritySocketAcceptorInterceptor' (OnClassCondition)

   RSocketServerAutoConfiguration:
      Did not match:
         - @ConditionalOnClass did not find required class 'io.rsocket.core.RSocketServer' (OnClassCondition)

   RSocketStrategiesAutoConfiguration:
      Did not match:
         - @ConditionalOnClass did not find required class 'io.netty.buffer.PooledByteBufAllocator' (OnClassCondition)

   RabbitAutoConfiguration:
      Did not match:
         - @ConditionalOnClass did not find required class 'com.rabbitmq.client.Channel' (OnClassCondition)

   ReactiveElasticsearchClientAutoConfiguration:
      Did not match:
         - @ConditionalOnClass did not find required class 'co.elastic.clients.transport.ElasticsearchTransport' (OnClassCondition)

   ReactiveElasticsearchRepositoriesAutoConfiguration:
      Did not match:
         - @ConditionalOnClass did not find required class 'org.springframework.data.elasticsearch.client.elc.ReactiveElasticsearchClient' (OnClassCondition)

   ReactiveMultipartAutoConfiguration:
      Did not match:
         - @ConditionalOnClass did not find required class 'org.springframework.web.reactive.config.WebFluxConfigurer' (OnClassCondition)

   ReactiveOAuth2ClientAutoConfiguration:
      Did not match:
         - @ConditionalOnClass did not find required class 'reactor.core.publisher.Flux' (OnClassCondition)

   ReactiveOAuth2ResourceServerAutoConfiguration:
      Did not match:
         - @ConditionalOnClass did not find required class 'org.springframework.security.config.annotation.web.reactive.EnableWebFluxSecurity' (OnClassCondition)

   ReactiveSecurityAutoConfiguration:
      Did not match:
         - @ConditionalOnClass did not find required class 'reactor.core.publisher.Flux' (OnClassCondition)

   ReactiveUserDetailsServiceAutoConfiguration:
      Did not match:
         - @ConditionalOnClass did not find required class 'org.springframework.security.authentication.ReactiveAuthenticationManager' (OnClassCondition)

   ReactiveWebServerFactoryAutoConfiguration:
      Did not match:
         - @ConditionalOnWebApplication did not find reactive web application classes (OnWebApplicationCondition)

   ReactorAutoConfiguration:
      Did not match:
         - @ConditionalOnClass did not find required class 'reactor.core.publisher.Hooks' (OnClassCondition)

   RedisAutoConfiguration:
      Did not match:
         - @ConditionalOnClass did not find required class 'org.springframework.data.redis.core.RedisOperations' (OnClassCondition)

   RedisCacheConfiguration:
      Did not match:
         - @ConditionalOnClass did not find required class 'org.springframework.data.redis.connection.RedisConnectionFactory' (OnClassCondition)

   RedisReactiveAutoConfiguration:
      Did not match:
         - @ConditionalOnClass did not find required class 'reactor.core.publisher.Flux' (OnClassCondition)

   RedisRepositoriesAutoConfiguration:
      Did not match:
         - @ConditionalOnClass did not find required class 'org.springframework.data.redis.repository.configuration.EnableRedisRepositories' (OnClassCondition)

   RemoteDevToolsAutoConfiguration:
      Did not match:
         - @ConditionalOnProperty (spring.devtools.remote.secret) did not find property 'secret' (OnPropertyCondition)
      Matched:
         - @ConditionalOnClass found required classes 'jakarta.servlet.Filter', 'org.springframework.http.server.ServerHttpRequest' (OnClassCondition)

   RepositoryRestMvcAutoConfiguration:
      Did not match:
         - @ConditionalOnClass did not find required class 'org.springframework.data.rest.webmvc.config.RepositoryRestMvcConfiguration' (OnClassCondition)

   Saml2RelyingPartyAutoConfiguration:
      Did not match:
         - @ConditionalOnClass did not find required class 'org.springframework.security.saml2.provider.service.registration.RelyingPartyRegistrationRepository' (OnClassCondition)

   SecurityAutoConfiguration:
      Did not match:
         - @ConditionalOnClass did not find required class 'org.springframework.security.authentication.DefaultAuthenticationEventPublisher' (OnClassCondition)

   SecurityFilterAutoConfiguration:
      Did not match:
         - @ConditionalOnClass did not find required class 'org.springframework.security.config.http.SessionCreationPolicy' (OnClassCondition)

   SendGridAutoConfiguration:
      Did not match:
         - @ConditionalOnClass did not find required class 'com.sendgrid.SendGrid' (OnClassCondition)

   ServletWebServerFactoryAutoConfiguration.ForwardedHeaderFilterConfiguration:
      Did not match:
         - @ConditionalOnProperty (server.forward-headers-strategy=framework) did not find property 'server.forward-headers-strategy' (OnPropertyCondition)

   ServletWebServerFactoryConfiguration.EmbeddedJetty:
      Did not match:
         - @ConditionalOnClass did not find required classes 'org.eclipse.jetty.server.Server', 'org.eclipse.jetty.util.Loader', 'org.eclipse.jetty.ee10.webapp.WebAppContext' (OnClassCondition)

   ServletWebServerFactoryConfiguration.EmbeddedUndertow:
      Did not match:
         - @ConditionalOnClass did not find required classes 'io.undertow.Undertow', 'org.xnio.SslClientAuthMode' (OnClassCondition)

   SessionAutoConfiguration:
      Did not match:
         - @ConditionalOnClass did not find required class 'org.springframework.session.Session' (OnClassCondition)

   SpringApplicationAdminJmxAutoConfiguration:
      Did not match:
         - @ConditionalOnProperty (spring.application.admin.enabled=true) did not find property 'enabled' (OnPropertyCondition)

   TaskExecutorConfigurations.SimpleAsyncTaskExecutorBuilderConfiguration#simpleAsyncTaskExecutorBuilderVirtualThreads:
      Did not match:
         - @ConditionalOnMissingBean (types: org.springframework.boot.task.SimpleAsyncTaskExecutorBuilder; SearchStrategy: all) found beans of type 'org.springframework.boot.task.SimpleAsyncTaskExecutorBuilder' simpleAsyncTaskExecutorBuilder (OnBeanCondition)

   TaskExecutorConfigurations.TaskExecutorConfiguration#applicationTaskExecutorVirtualThreads:
      Did not match:
         - @ConditionalOnThreading did not find VIRTUAL (OnThreadingCondition)

   TaskSchedulingAutoConfiguration#scheduledBeanLazyInitializationExcludeFilter:
      Did not match:
         - @ConditionalOnBean (names: org.springframework.context.annotation.internalScheduledAnnotationProcessor; SearchStrategy: all) did not find any beans named org.springframework.context.annotation.internalScheduledAnnotationProcessor (OnBeanCondition)

   TaskSchedulingConfigurations.SimpleAsyncTaskSchedulerBuilderConfiguration#simpleAsyncTaskSchedulerBuilderVirtualThreads:
      Did not match:
         - @ConditionalOnMissingBean (types: org.springframework.boot.task.SimpleAsyncTaskSchedulerBuilder; SearchStrategy: all) found beans of type 'org.springframework.boot.task.SimpleAsyncTaskSchedulerBuilder' simpleAsyncTaskSchedulerBuilder (OnBeanCondition)

   TaskSchedulingConfigurations.TaskSchedulerConfiguration:
      Did not match:
         - @ConditionalOnBean (names: org.springframework.context.annotation.internalScheduledAnnotationProcessor; SearchStrategy: all) did not find any beans named org.springframework.context.annotation.internalScheduledAnnotationProcessor (OnBeanCondition)

   ThymeleafAutoConfiguration:
      Did not match:
         - @ConditionalOnClass did not find required class 'org.thymeleaf.spring6.SpringTemplateEngine' (OnClassCondition)

   TransactionAutoConfiguration#transactionalOperator:
      Did not match:
         - @ConditionalOnSingleCandidate (types: org.springframework.transaction.ReactiveTransactionManager; SearchStrategy: all) did not find any beans (OnBeanCondition)

   TransactionAutoConfiguration.AspectJTransactionManagementConfiguration:
      Did not match:
         - @ConditionalOnBean (types: org.springframework.transaction.aspectj.AbstractTransactionAspect; SearchStrategy: all) did not find any beans of type org.springframework.transaction.aspectj.AbstractTransactionAspect (OnBeanCondition)

   TransactionAutoConfiguration.EnableTransactionManagementConfiguration.JdkDynamicAutoProxyConfiguration:
      Did not match:
         - @ConditionalOnProperty (spring.aop.proxy-target-class=false) did not find property 'proxy-target-class' (OnPropertyCondition)

   UserDetailsServiceAutoConfiguration:
      Did not match:
         - @ConditionalOnClass did not find required class 'org.springframework.security.authentication.AuthenticationManager' (OnClassCondition)

   ValidationAutoConfiguration:
      Did not match:
         - @ConditionalOnClass did not find required class 'jakarta.validation.executable.ExecutableValidator' (OnClassCondition)

   WebClientAutoConfiguration:
      Did not match:
         - @ConditionalOnClass did not find required class 'org.springframework.web.reactive.function.client.WebClient' (OnClassCondition)

   WebFluxAutoConfiguration:
      Did not match:
         - @ConditionalOnClass did not find required class 'org.springframework.web.reactive.config.WebFluxConfigurer' (OnClassCondition)

   WebMvcAutoConfiguration#hiddenHttpMethodFilter:
      Did not match:
         - @ConditionalOnProperty (spring.mvc.hiddenmethod.filter.enabled) did not find property 'enabled' (OnPropertyCondition)

   WebMvcAutoConfiguration.ProblemDetailsErrorHandlingConfiguration:
      Did not match:
         - @ConditionalOnProperty (spring.mvc.problemdetails.enabled=true) did not find property 'enabled' (OnPropertyCondition)

   WebMvcAutoConfiguration.ResourceChainCustomizerConfiguration:
      Did not match:
         - @ConditionalOnEnabledResourceChain did not find class org.webjars.WebJarAssetLocator (OnEnabledResourceChainCondition)

   WebMvcAutoConfiguration.WebMvcAutoConfigurationAdapter#beanNameViewResolver:
      Did not match:
         - @ConditionalOnMissingBean (types: org.springframework.web.servlet.view.BeanNameViewResolver; SearchStrategy: all) found beans of type 'org.springframework.web.servlet.view.BeanNameViewResolver' beanNameViewResolver (OnBeanCondition)

   WebServiceTemplateAutoConfiguration:
      Did not match:
         - @ConditionalOnClass did not find required class 'org.springframework.oxm.Marshaller' (OnClassCondition)

   WebServicesAutoConfiguration:
      Did not match:
         - @ConditionalOnClass did not find required class 'org.springframework.ws.transport.http.MessageDispatcherServlet' (OnClassCondition)

   WebSessionIdResolverAutoConfiguration:
      Did not match:
         - @ConditionalOnClass did not find required class 'reactor.core.publisher.Mono' (OnClassCondition)

   WebSocketMessagingAutoConfiguration:
      Did not match:
         - @ConditionalOnClass did not find required class 'org.springframework.web.socket.config.annotation.WebSocketMessageBrokerConfigurer' (OnClassCondition)

   WebSocketReactiveAutoConfiguration:
      Did not match:
         - @ConditionalOnWebApplication did not find reactive web application classes (OnWebApplicationCondition)

   WebSocketServletAutoConfiguration.JettyWebSocketConfiguration:
      Did not match:
         - @ConditionalOnClass did not find required class 'org.eclipse.jetty.ee10.websocket.jakarta.server.config.JakartaWebSocketServletContainerInitializer' (OnClassCondition)

   WebSocketServletAutoConfiguration.UndertowWebSocketConfiguration:
      Did not match:
         - @ConditionalOnClass did not find required class 'io.undertow.websockets.jsr.Bootstrap' (OnClassCondition)

   XADataSourceAutoConfiguration:
      Did not match:
         - @ConditionalOnBean (types: org.springframework.boot.jdbc.XADataSourceWrapper; SearchStrategy: all) did not find any beans of type org.springframework.boot.jdbc.XADataSourceWrapper (OnBeanCondition)
      Matched:
         - @ConditionalOnClass found required classes 'javax.sql.DataSource', 'jakarta.transaction.TransactionManager', 'org.springframework.jdbc.datasource.embedded.EmbeddedDatabaseType' (OnClassCondition)


Exclusions:
-----------

    None


Unconditional classes:
----------------------

    org.springframework.boot.autoconfigure.context.ConfigurationPropertiesAutoConfiguration

    org.springframework.boot.autoconfigure.ssl.SslAutoConfiguration

    org.springframework.boot.autoconfigure.context.LifecycleAutoConfiguration

    org.springframework.boot.autoconfigure.context.PropertyPlaceholderAutoConfiguration

    org.springframework.boot.autoconfigure.availability.ApplicationAvailabilityAutoConfiguration

    org.springframework.boot.autoconfigure.info.ProjectInfoAutoConfiguration



2024-04-29T10:15:09.014-04:00  INFO 22164 --- [redsocial] [           main] c.e.redsocial.RedsocialApplicationTests  : Started RedsocialApplicationTests in 7.228 seconds (process running for 8.575)
2024-04-29T10:15:09.017-04:00 DEBUG 22164 --- [redsocial] [           main] o.s.b.a.ApplicationAvailabilityBean      : Application availability state LivenessState changed to CORRECT
2024-04-29T10:15:09.017-04:00 DEBUG 22164 --- [redsocial] [           main] o.s.boot.devtools.restart.Restarter      : Creating new Restarter for thread Thread[#1,main,5,main]
2024-04-29T10:15:09.017-04:00 DEBUG 22164 --- [redsocial] [           main] o.s.b.a.ApplicationAvailabilityBean      : Application availability state ReadinessState changed to ACCEPTING_TRAFFIC
2024-04-29T10:15:09.023-04:00 DEBUG 22164 --- [redsocial] [           main] org.springframework.test.context.cache   : Spring test ApplicationContext cache statistics: [DefaultContextCache@3be2ef56 size = 1, maxSize = 32, parentContextCount = 0, hitCount = 0, missCount = 1, failureCount = 0]
2024-04-29T10:15:09.023-04:00 DEBUG 22164 --- [redsocial] [           main] o.s.t.c.w.ServletTestExecutionListener   : Setting up MockHttpServletRequest, MockHttpServletResponse, ServletWebRequest, and RequestContextHolder for test class com.example.redsocial.RedsocialApplicationTests
2024-04-29T10:15:09.039-04:00 DEBUG 22164 --- [redsocial] [           main] DependencyInjectionTestExecutionListener : Performing dependency injection for test class com.example.redsocial.RedsocialApplicationTests
2024-04-29T10:15:09.039-04:00 DEBUG 22164 --- [redsocial] [           main] org.springframework.test.context.cache   : Spring test ApplicationContext cache statistics: [DefaultContextCache@3be2ef56 size = 1, maxSize = 32, parentContextCount = 0, hitCount = 1, missCount = 1, failureCount = 0]
2024-04-29T10:15:09.041-04:00 DEBUG 22164 --- [redsocial] [           main] org.springframework.test.context.cache   : Spring test ApplicationContext cache statistics: [DefaultContextCache@3be2ef56 size = 1, maxSize = 32, parentContextCount = 0, hitCount = 2, missCount = 1, failureCount = 0]
2024-04-29T10:15:09.051-04:00 DEBUG 22164 --- [redsocial] [           main] sContextBeforeModesTestExecutionListener : Before test method: class [RedsocialApplicationTests], method [contextLoads], class annotated with @DirtiesContext [false] with mode [null], method annotated with @DirtiesContext [false] with mode [null]
2024-04-29T10:15:09.055-04:00 DEBUG 22164 --- [redsocial] [           main] org.springframework.test.context.cache   : Spring test ApplicationContext cache statistics: [DefaultContextCache@3be2ef56 size = 1, maxSize = 32, parentContextCount = 0, hitCount = 3, missCount = 1, failureCount = 0]
2024-04-29T10:15:09.055-04:00 DEBUG 22164 --- [redsocial] [           main] org.springframework.test.context.cache   : Spring test ApplicationContext cache statistics: [DefaultContextCache@3be2ef56 size = 1, maxSize = 32, parentContextCount = 0, hitCount = 4, missCount = 1, failureCount = 0]
2024-04-29T10:15:09.689-04:00 DEBUG 22164 --- [redsocial] [           main] org.springframework.test.context.cache   : Spring test ApplicationContext cache statistics: [DefaultContextCache@3be2ef56 size = 1, maxSize = 32, parentContextCount = 0, hitCount = 5, missCount = 1, failureCount = 0]
2024-04-29T10:15:09.695-04:00 DEBUG 22164 --- [redsocial] [           main] org.springframework.test.context.cache   : Spring test ApplicationContext cache statistics: [DefaultContextCache@3be2ef56 size = 1, maxSize = 32, parentContextCount = 0, hitCount = 6, missCount = 1, failureCount = 0]
2024-04-29T10:15:09.696-04:00 DEBUG 22164 --- [redsocial] [           main] org.springframework.test.context.cache   : Spring test ApplicationContext cache statistics: [DefaultContextCache@3be2ef56 size = 1, maxSize = 32, parentContextCount = 0, hitCount = 7, missCount = 1, failureCount = 0]
2024-04-29T10:15:09.696-04:00 DEBUG 22164 --- [redsocial] [           main] org.springframework.test.context.cache   : Spring test ApplicationContext cache statistics: [DefaultContextCache@3be2ef56 size = 1, maxSize = 32, parentContextCount = 0, hitCount = 8, missCount = 1, failureCount = 0]
2024-04-29T10:15:09.697-04:00 DEBUG 22164 --- [redsocial] [           main] org.springframework.test.context.cache   : Spring test ApplicationContext cache statistics: [DefaultContextCache@3be2ef56 size = 1, maxSize = 32, parentContextCount = 0, hitCount = 9, missCount = 1, failureCount = 0]
2024-04-29T10:15:09.698-04:00 DEBUG 22164 --- [redsocial] [           main] org.springframework.test.context.cache   : Spring test ApplicationContext cache statistics: [DefaultContextCache@3be2ef56 size = 1, maxSize = 32, parentContextCount = 0, hitCount = 10, missCount = 1, failureCount = 0]
2024-04-29T10:15:09.701-04:00 DEBUG 22164 --- [redsocial] [           main] org.springframework.test.context.cache   : Spring test ApplicationContext cache statistics: [DefaultContextCache@3be2ef56 size = 1, maxSize = 32, parentContextCount = 0, hitCount = 11, missCount = 1, failureCount = 0]
2024-04-29T10:15:09.702-04:00 DEBUG 22164 --- [redsocial] [           main] .c.s.DirtiesContextTestExecutionListener : After test method: class [RedsocialApplicationTests], method [contextLoads], class annotated with @DirtiesContext [false] with mode [null], method annotated with @DirtiesContext [false] with mode [null]
2024-04-29T10:15:09.702-04:00 DEBUG 22164 --- [redsocial] [           main] o.s.t.c.w.ServletTestExecutionListener   : Resetting RequestContextHolder for test class com.example.redsocial.RedsocialApplicationTests
]]></system-out>
    <system-err><![CDATA[WARNING: A Java agent has been loaded dynamically (C:\Users\kotes\.m2\repository\net\bytebuddy\byte-buddy-agent\1.14.13\byte-buddy-agent-1.14.13.jar)
WARNING: If a serviceability tool is in use, please run with -XX:+EnableDynamicAgentLoading to hide this warning
WARNING: If a serviceability tool is not in use, please run with -Djdk.instrument.traceUsage for more information
WARNING: Dynamic loading of agents will be disallowed by default in a future release
]]></system-err>
  </testcase>
</testsuite>